mode: atomic
github.com/Avalanche-io/c4/cmd/c4/flags.go:23.13,28.22 2 1
github.com/Avalanche-io/c4/cmd/c4/flags.go:28.22,31.3 2 0
github.com/Avalanche-io/c4/cmd/c4/flags.go:32.2,40.162 7 1
github.com/Avalanche-io/c4/cmd/c4/id.go:13.35,16.16 3 9
github.com/Avalanche-io/c4/cmd/c4/id.go:16.16,17.13 1 0
github.com/Avalanche-io/c4/cmd/c4/id.go:19.2,19.15 1 9
github.com/Avalanche-io/c4/cmd/c4/id.go:22.38,24.16 2 7
github.com/Avalanche-io/c4/cmd/c4/id.go:24.16,27.3 2 0
github.com/Avalanche-io/c4/cmd/c4/id.go:28.2,30.8 3 7
github.com/Avalanche-io/c4/cmd/c4/id.go:33.22,37.2 3 2
github.com/Avalanche-io/c4/cmd/c4/id.go:39.25,40.46 1 3
github.com/Avalanche-io/c4/cmd/c4/id.go:40.46,42.3 1 0
github.com/Avalanche-io/c4/cmd/c4/id.go:42.8,44.3 1 3
github.com/Avalanche-io/c4/cmd/c4/main.go:15.29,17.2 1 2
github.com/Avalanche-io/c4/cmd/c4/main.go:19.13,22.18 3 0
github.com/Avalanche-io/c4/cmd/c4/main.go:22.18,25.3 2 0
github.com/Avalanche-io/c4/cmd/c4/main.go:27.2,27.25 1 0
github.com/Avalanche-io/c4/cmd/c4/main.go:27.25,29.3 1 0
github.com/Avalanche-io/c4/cmd/c4/main.go:29.8,29.83 1 0
github.com/Avalanche-io/c4/cmd/c4/main.go:29.83,31.3 1 0
github.com/Avalanche-io/c4/cmd/c4/main.go:31.8,33.3 1 0
github.com/Avalanche-io/c4/cmd/c4/main.go:34.2,34.12 1 0
github.com/Avalanche-io/c4/cmd/c4/main.go:37.22,39.44 2 1
github.com/Avalanche-io/c4/cmd/c4/main.go:39.44,42.3 2 1
github.com/Avalanche-io/c4/cmd/c4/main.go:42.8,44.3 1 0
github.com/Avalanche-io/c4/cmd/c4/main.go:47.37,49.16 2 1
github.com/Avalanche-io/c4/cmd/c4/main.go:49.16,52.3 2 0
github.com/Avalanche-io/c4/cmd/c4/main.go:53.2,54.13 2 1
github.com/Avalanche-io/c4/cmd/c4/main.go:57.41,58.33 1 1
github.com/Avalanche-io/c4/cmd/c4/main.go:58.33,60.17 2 2
github.com/Avalanche-io/c4/cmd/c4/main.go:60.17,63.4 2 0
github.com/Avalanche-io/c4/cmd/c4/main.go:64.3,64.16 1 2
github.com/Avalanche-io/c4/cmd/c4/main.go:64.16,66.4 1 0
github.com/Avalanche-io/c4/cmd/c4/main.go:67.3,67.34 1 2
github.com/Avalanche-io/c4/cmd/c4/output.go:8.98,9.33 1 6
github.com/Avalanche-io/c4/cmd/c4/output.go:9.33,12.3 2 2
github.com/Avalanche-io/c4/cmd/c4/output.go:12.8,15.3 2 4
github.com/Avalanche-io/c4/cmd/c4/output.go:16.2,17.29 2 6
github.com/Avalanche-io/c4/cmd/c4/output.go:17.29,19.3 1 5
github.com/Avalanche-io/c4/cmd/c4/output.go:19.8,21.3 1 1
github.com/Avalanche-io/c4/cmd/c4/output.go:22.2,22.27 1 6
github.com/Avalanche-io/c4/cmd/c4/output.go:22.27,24.3 1 4
github.com/Avalanche-io/c4/cmd/c4/output.go:24.8,26.21 2 2
github.com/Avalanche-io/c4/cmd/c4/output.go:26.21,28.4 1 1
github.com/Avalanche-io/c4/cmd/c4/output.go:29.3,29.44 1 2
github.com/Avalanche-io/c4/cmd/c4/output.go:31.2,31.45 1 6
github.com/Avalanche-io/c4/cmd/c4/output.go:34.55,39.20 4 8
github.com/Avalanche-io/c4/cmd/c4/output.go:39.20,41.3 1 2
github.com/Avalanche-io/c4/cmd/c4/output.go:42.2,42.18 1 8
github.com/Avalanche-io/c4/cmd/c4/output.go:42.18,44.3 1 2
github.com/Avalanche-io/c4/cmd/c4/output.go:44.8,45.34 1 6
github.com/Avalanche-io/c4/cmd/c4/output.go:45.34,47.4 1 0
github.com/Avalanche-io/c4/cmd/c4/output.go:47.9,49.4 1 6
github.com/Avalanche-io/c4/cmd/c4/walker.go:11.57,13.17 2 12
github.com/Avalanche-io/c4/cmd/c4/walker.go:13.17,16.3 2 0
github.com/Avalanche-io/c4/cmd/c4/walker.go:17.2,18.16 2 12
github.com/Avalanche-io/c4/cmd/c4/walker.go:18.16,21.3 2 0
github.com/Avalanche-io/c4/cmd/c4/walker.go:23.2,29.13 6 12
github.com/Avalanche-io/c4/cmd/c4/walker.go:32.83,34.16 2 9
github.com/Avalanche-io/c4/cmd/c4/walker.go:34.16,37.3 2 0
github.com/Avalanche-io/c4/cmd/c4/walker.go:39.2,40.28 2 9
github.com/Avalanche-io/c4/cmd/c4/walker.go:40.28,42.3 1 0
github.com/Avalanche-io/c4/cmd/c4/walker.go:42.8,42.48 1 9
github.com/Avalanche-io/c4/cmd/c4/walker.go:42.48,46.3 3 1
github.com/Avalanche-io/c4/cmd/c4/walker.go:46.8,46.33 1 8
github.com/Avalanche-io/c4/cmd/c4/walker.go:46.33,48.17 2 1
github.com/Avalanche-io/c4/cmd/c4/walker.go:48.17,52.4 3 0
github.com/Avalanche-io/c4/cmd/c4/walker.go:52.9,57.4 4 1
github.com/Avalanche-io/c4/cmd/c4/walker.go:58.8,59.29 1 7
github.com/Avalanche-io/c4/cmd/c4/walker.go:59.29,61.18 2 1
github.com/Avalanche-io/c4/cmd/c4/walker.go:61.18,64.5 2 0
github.com/Avalanche-io/c4/cmd/c4/walker.go:65.4,66.31 2 1
github.com/Avalanche-io/c4/cmd/c4/walker.go:66.31,69.5 2 1
github.com/Avalanche-io/c4/cmd/c4/walker.go:70.4,70.22 1 1
github.com/Avalanche-io/c4/cmd/c4/walker.go:71.9,73.4 1 6
github.com/Avalanche-io/c4/cmd/c4/walker.go:75.2,76.34 2 9
github.com/Avalanche-io/c4/cmd/c4/walker.go:76.34,78.3 1 5
github.com/Avalanche-io/c4/cmd/c4/walker.go:79.2,79.8 1 9
github.com/Avalanche-io/c4/manifest/db.go:14.50,16.2 1 1
github.com/Avalanche-io/c4/manifest/filemode.go:9.55,12.21 2 23
github.com/Avalanche-io/c4/manifest/filemode.go:12.21,14.3 1 0
github.com/Avalanche-io/c4/manifest/filemode.go:15.2,17.14 3 23
github.com/Avalanche-io/c4/manifest/filemode.go:18.11,18.11 0 13
github.com/Avalanche-io/c4/manifest/filemode.go:19.11,24.45 1 4
github.com/Avalanche-io/c4/manifest/filemode.go:24.45,26.4 1 2
github.com/Avalanche-io/c4/manifest/filemode.go:26.9,28.4 1 2
github.com/Avalanche-io/c4/manifest/filemode.go:29.11,31.24 1 0
github.com/Avalanche-io/c4/manifest/filemode.go:32.11,34.24 1 0
github.com/Avalanche-io/c4/manifest/filemode.go:35.11,37.25 1 2
github.com/Avalanche-io/c4/manifest/filemode.go:38.11,40.27 1 2
github.com/Avalanche-io/c4/manifest/filemode.go:41.11,43.27 1 0
github.com/Avalanche-io/c4/manifest/filemode.go:44.11,46.24 1 2
github.com/Avalanche-io/c4/manifest/filemode.go:47.11,49.24 1 0
github.com/Avalanche-io/c4/manifest/filemode.go:50.11,52.24 1 0
github.com/Avalanche-io/c4/manifest/filemode.go:53.11,55.44 1 0
github.com/Avalanche-io/c4/manifest/filemode.go:56.11,58.24 1 0
github.com/Avalanche-io/c4/manifest/filemode.go:61.2,61.21 1 23
github.com/Avalanche-io/c4/manifest/filemode.go:61.21,63.3 1 23
github.com/Avalanche-io/c4/manifest/filemode.go:64.2,64.21 1 23
github.com/Avalanche-io/c4/manifest/filemode.go:64.21,66.3 1 23
github.com/Avalanche-io/c4/manifest/filemode.go:67.2,67.21 1 23
github.com/Avalanche-io/c4/manifest/filemode.go:67.21,69.3 1 3
github.com/Avalanche-io/c4/manifest/filemode.go:70.2,70.21 1 23
github.com/Avalanche-io/c4/manifest/filemode.go:70.21,72.3 1 22
github.com/Avalanche-io/c4/manifest/filemode.go:73.2,73.21 1 23
github.com/Avalanche-io/c4/manifest/filemode.go:73.21,75.3 1 0
github.com/Avalanche-io/c4/manifest/filemode.go:76.2,76.21 1 23
github.com/Avalanche-io/c4/manifest/filemode.go:76.21,78.3 1 3
github.com/Avalanche-io/c4/manifest/filemode.go:79.2,79.21 1 23
github.com/Avalanche-io/c4/manifest/filemode.go:79.21,81.3 1 22
github.com/Avalanche-io/c4/manifest/filemode.go:82.2,82.21 1 23
github.com/Avalanche-io/c4/manifest/filemode.go:82.21,84.3 1 0
github.com/Avalanche-io/c4/manifest/filemode.go:85.2,85.21 1 23
github.com/Avalanche-io/c4/manifest/filemode.go:85.21,87.3 1 3
github.com/Avalanche-io/c4/manifest/filemode.go:89.2,89.18 1 23
github.com/Avalanche-io/c4/manifest/manifest.go:31.34,33.2 1 67
github.com/Avalanche-io/c4/manifest/manifest.go:35.33,37.2 1 40
github.com/Avalanche-io/c4/manifest/manifest.go:39.39,41.2 1 5
github.com/Avalanche-io/c4/manifest/manifest.go:43.40,45.2 1 2
github.com/Avalanche-io/c4/manifest/manifest.go:47.33,49.2 1 120
github.com/Avalanche-io/c4/manifest/manifest.go:51.38,53.2 1 1
github.com/Avalanche-io/c4/manifest/manifest.go:55.31,57.2 1 131
github.com/Avalanche-io/c4/manifest/manifest.go:59.37,61.2 1 15
github.com/Avalanche-io/c4/manifest/manifest.go:63.72,65.2 1 16
github.com/Avalanche-io/c4/manifest/manifest.go:67.50,83.19 2 1
github.com/Avalanche-io/c4/manifest/manifest.go:83.19,85.3 1 1
github.com/Avalanche-io/c4/manifest/manifest.go:86.2,86.25 1 1
github.com/Avalanche-io/c4/manifest/manifest.go:86.25,88.3 1 1
github.com/Avalanche-io/c4/manifest/manifest.go:89.2,89.27 1 1
github.com/Avalanche-io/c4/manifest/manifest.go:92.53,102.16 3 2
github.com/Avalanche-io/c4/manifest/manifest.go:102.16,104.3 1 1
github.com/Avalanche-io/c4/manifest/manifest.go:106.2,107.16 2 1
github.com/Avalanche-io/c4/manifest/manifest.go:107.16,109.3 1 0
github.com/Avalanche-io/c4/manifest/manifest.go:110.2,111.16 2 1
github.com/Avalanche-io/c4/manifest/manifest.go:111.16,113.3 1 0
github.com/Avalanche-io/c4/manifest/manifest.go:114.2,118.24 5 1
github.com/Avalanche-io/c4/manifest/manifest.go:118.24,120.17 2 0
github.com/Avalanche-io/c4/manifest/manifest.go:120.17,122.4 1 0
github.com/Avalanche-io/c4/manifest/manifest.go:123.3,123.12 1 0
github.com/Avalanche-io/c4/manifest/manifest.go:126.2,126.30 1 1
github.com/Avalanche-io/c4/manifest/manifest.go:126.30,128.17 2 0
github.com/Avalanche-io/c4/manifest/manifest.go:128.17,130.4 1 0
github.com/Avalanche-io/c4/manifest/manifest.go:131.3,131.18 1 0
github.com/Avalanche-io/c4/manifest/manifest.go:134.2,134.12 1 1
github.com/Avalanche-io/c4/manifest/manifest.go:137.52,142.16 4 12
github.com/Avalanche-io/c4/manifest/manifest.go:142.16,144.3 1 0
github.com/Avalanche-io/c4/manifest/manifest.go:147.2,150.16 4 12
github.com/Avalanche-io/c4/manifest/manifest.go:150.16,152.3 1 0
github.com/Avalanche-io/c4/manifest/manifest.go:155.2,158.16 4 12
github.com/Avalanche-io/c4/manifest/manifest.go:158.16,160.3 1 0
github.com/Avalanche-io/c4/manifest/manifest.go:162.2,164.13 3 12
github.com/Avalanche-io/c4/manifest/manifest.go:164.13,166.3 1 3
github.com/Avalanche-io/c4/manifest/manifest.go:167.2,177.20 4 12
github.com/Avalanche-io/c4/manifest/manifest.go:177.20,179.3 1 3
github.com/Avalanche-io/c4/manifest/manifest.go:181.2,182.16 2 9
github.com/Avalanche-io/c4/manifest/manifest.go:182.16,184.3 1 0
github.com/Avalanche-io/c4/manifest/manifest.go:185.2,187.20 3 9
github.com/Avalanche-io/c4/manifest/manifest.go:187.20,189.3 1 9
github.com/Avalanche-io/c4/manifest/manifest.go:191.2,192.16 2 0
github.com/Avalanche-io/c4/manifest/manifest.go:192.16,194.3 1 0
github.com/Avalanche-io/c4/manifest/manifest.go:195.2,197.18 2 0
github.com/Avalanche-io/c4/manifest/manifest.go:206.40,212.23 6 16
github.com/Avalanche-io/c4/manifest/manifest.go:212.23,214.3 1 2
github.com/Avalanche-io/c4/manifest/manifest.go:215.2,215.22 1 16
github.com/Avalanche-io/c4/manifest/manifest.go:215.22,217.29 2 10
github.com/Avalanche-io/c4/manifest/manifest.go:217.29,219.4 1 0
github.com/Avalanche-io/c4/manifest/manifest.go:222.2,222.15 1 16
github.com/Avalanche-io/c4/manifest/manifest.go:225.109,234.2 1 2
github.com/Avalanche-io/c4/manifest/manifest.go:236.60,244.42 2 127
github.com/Avalanche-io/c4/manifest/manifest.go:244.42,247.3 2 0
github.com/Avalanche-io/c4/manifest/manifest.go:249.2,249.18 1 127
github.com/Avalanche-io/c4/manifest/manifest.go:249.18,251.19 2 126
github.com/Avalanche-io/c4/manifest/manifest.go:251.19,253.4 1 1
github.com/Avalanche-io/c4/manifest/manifest.go:256.2,256.12 1 127
github.com/Avalanche-io/c4/manifest/manifest.go:360.23,363.2 2 12
github.com/Avalanche-io/c4/manifest/manifest.go:364.24,367.2 2 12
github.com/Avalanche-io/c4/manifest/manifest.go:369.57,372.42 2 123
github.com/Avalanche-io/c4/manifest/manifest.go:372.42,375.3 2 123
github.com/Avalanche-io/c4/manifest/manifest.go:377.2,377.29 1 0
github.com/Avalanche-io/c4/manifest/manifest.go:381.43,384.9 3 1
github.com/Avalanche-io/c4/manifest/manifest.go:384.9,385.58 1 0
github.com/Avalanche-io/c4/manifest/manifest.go:387.2,388.16 2 1
github.com/Avalanche-io/c4/manifest/manifest.go:392.49,395.9 3 2
github.com/Avalanche-io/c4/manifest/manifest.go:395.9,396.67 1 0
github.com/Avalanche-io/c4/manifest/manifest.go:398.2,399.16 2 2
github.com/Avalanche-io/c4/manifest/manifest.go:408.41,411.2 2 112
github.com/Avalanche-io/c4/manifest/manifest.go:413.31,417.19 4 4
github.com/Avalanche-io/c4/manifest/manifest.go:417.19,420.3 2 118
github.com/Avalanche-io/c4/manifest/manifest.go:421.2,422.28 2 4
github.com/Avalanche-io/c4/manifest/manifest.go:425.40,432.25 6 6
github.com/Avalanche-io/c4/manifest/manifest.go:432.25,434.29 2 16
github.com/Avalanche-io/c4/manifest/manifest.go:434.29,436.4 1 7
github.com/Avalanche-io/c4/manifest/manifest.go:437.3,437.33 1 16
github.com/Avalanche-io/c4/manifest/manifest.go:437.33,439.4 1 8
github.com/Avalanche-io/c4/manifest/manifest.go:441.3,442.6 2 16
github.com/Avalanche-io/c4/manifest/manifest.go:445.2,452.29 5 6
github.com/Avalanche-io/c4/manifest/manifest.go:452.29,454.25 2 16
github.com/Avalanche-io/c4/manifest/manifest.go:454.25,456.32 2 10
github.com/Avalanche-io/c4/manifest/manifest.go:456.32,458.5 1 0
github.com/Avalanche-io/c4/manifest/manifest.go:461.3,462.90 2 16
github.com/Avalanche-io/c4/manifest/manifest.go:464.2,466.25 3 6
github.com/Avalanche-io/c4/manifest/manifest.go:466.25,468.3 1 10
github.com/Avalanche-io/c4/manifest/manifest.go:470.2,470.26 1 6
github.com/Avalanche-io/c4/manifest/manifest.go:473.43,478.12 5 3
github.com/Avalanche-io/c4/manifest/manifest.go:478.12,481.20 2 14
github.com/Avalanche-io/c4/manifest/manifest.go:481.20,483.4 1 1
github.com/Avalanche-io/c4/manifest/manifest.go:484.3,484.21 1 14
github.com/Avalanche-io/c4/manifest/manifest.go:484.21,485.12 1 1
github.com/Avalanche-io/c4/manifest/manifest.go:487.3,488.26 2 13
github.com/Avalanche-io/c4/manifest/manifest.go:488.26,489.17 1 27
github.com/Avalanche-io/c4/manifest/manifest.go:489.17,490.10 1 13
github.com/Avalanche-io/c4/manifest/manifest.go:492.4,492.17 1 14
github.com/Avalanche-io/c4/manifest/manifest.go:495.3,495.32 1 13
github.com/Avalanche-io/c4/manifest/manifest.go:495.32,497.4 1 6
github.com/Avalanche-io/c4/manifest/manifest.go:498.3,500.22 2 13
github.com/Avalanche-io/c4/manifest/manifest.go:500.22,502.18 2 2
github.com/Avalanche-io/c4/manifest/manifest.go:502.18,504.13 2 2
github.com/Avalanche-io/c4/manifest/manifest.go:508.3,509.17 2 11
github.com/Avalanche-io/c4/manifest/manifest.go:509.17,511.4 1 0
github.com/Avalanche-io/c4/manifest/manifest.go:512.3,514.19 3 11
github.com/Avalanche-io/c4/manifest/manifest.go:514.19,516.4 1 1
github.com/Avalanche-io/c4/manifest/manifest.go:518.2,518.12 1 3
github.com/Avalanche-io/c4/manifest/nillist.go:13.40,15.28 2 10
github.com/Avalanche-io/c4/manifest/nillist.go:15.28,17.3 1 134
github.com/Avalanche-io/c4/manifest/nillist.go:18.2,22.11 5 10
github.com/Avalanche-io/c4/manifest/nillist.go:27.38,27.55 1 30
github.com/Avalanche-io/c4/manifest/nillist.go:28.38,28.65 1 317
github.com/Avalanche-io/c4/manifest/nillist.go:29.38,29.80 1 866
github.com/Avalanche-io/c4/manifest/nillist.go:31.41,33.25 2 10
github.com/Avalanche-io/c4/manifest/nillist.go:33.25,35.3 1 134
github.com/Avalanche-io/c4/manifest/nillist.go:36.2,36.13 1 10
github.com/Avalanche-io/c4/manifest/nillist.go:39.28,41.59 1 0
github.com/Avalanche-io/c4/manifest/nillist.go:41.59,43.3 1 0
github.com/Avalanche-io/c4/manifest/nillist.go:46.36,48.2 1 0
github.com/Avalanche-io/c4/manifest/nillist.go:51.36,52.20 1 134
github.com/Avalanche-io/c4/manifest/nillist.go:52.20,54.3 1 1
github.com/Avalanche-io/c4/manifest/nillist.go:55.2,56.33 2 133
github.com/Avalanche-io/c4/manifest/nillist.go:56.33,57.21 1 1787
github.com/Avalanche-io/c4/manifest/nillist.go:57.21,59.12 2 215
github.com/Avalanche-io/c4/manifest/nillist.go:61.3,61.20 1 1572
github.com/Avalanche-io/c4/manifest/nillist.go:63.2,63.13 1 133
github.com/Avalanche-io/c4/manifest/nillist.go:67.34,68.35 1 134
github.com/Avalanche-io/c4/manifest/nillist.go:68.35,70.3 1 1
github.com/Avalanche-io/c4/manifest/nillist.go:71.2,75.22 3 133
github.com/Avalanche-io/c4/manifest/nillist.go:75.22,76.19 1 1787
github.com/Avalanche-io/c4/manifest/nillist.go:76.19,78.12 2 1572
github.com/Avalanche-io/c4/manifest/nillist.go:80.3,80.28 1 215
github.com/Avalanche-io/c4/manifest/nillist.go:82.2,82.28 1 133
github.com/Avalanche-io/c4/manifest/nillist.go:85.41,89.2 3 0
github.com/Avalanche-io/c4/manifest/nillist.go:93.39,95.47 1 0
github.com/Avalanche-io/c4/manifest/nillist.go:95.47,97.3 1 0
github.com/Avalanche-io/c4/manifest/nillist.go:119.38,121.47 1 0
github.com/Avalanche-io/c4/manifest/nillist.go:121.47,123.3 1 0
github.com/Avalanche-io/c4/manifest/nillist.go:131.47,140.21 4 0
github.com/Avalanche-io/c4/manifest/nillist.go:140.21,142.53 1 0
github.com/Avalanche-io/c4/manifest/nillist.go:142.53,143.9 1 0
github.com/Avalanche-io/c4/manifest/nillist.go:145.3,151.13 4 0
github.com/Avalanche-io/c4/manifest/nillist.go:151.13,154.4 2 0
github.com/Avalanche-io/c4/manifest/nillist.go:156.3,158.20 3 0
github.com/Avalanche-io/c4/manifest/nillist.go:160.2,160.12 1 0
github.com/Avalanche-io/c4/manifest/nillist.go:179.46,182.18 2 0
github.com/Avalanche-io/c4/manifest/nillist.go:182.18,184.3 1 0
github.com/Avalanche-io/c4/manifest/nillist.go:186.2,186.24 1 0
github.com/Avalanche-io/c4/manifest/naturalsort/naturalsort.go:7.33,7.50 1 10
github.com/Avalanche-io/c4/manifest/naturalsort/naturalsort.go:8.33,8.60 1 847
github.com/Avalanche-io/c4/manifest/naturalsort/naturalsort.go:17.38,22.38 3 1881
github.com/Avalanche-io/c4/manifest/naturalsort/naturalsort.go:22.38,28.20 1 14019
github.com/Avalanche-io/c4/manifest/naturalsort/naturalsort.go:28.20,30.22 1 10880
github.com/Avalanche-io/c4/manifest/naturalsort/naturalsort.go:30.22,33.28 1 10880
github.com/Avalanche-io/c4/manifest/naturalsort/naturalsort.go:33.28,36.14 3 10876
github.com/Avalanche-io/c4/manifest/naturalsort/naturalsort.go:40.5,40.30 1 4
github.com/Avalanche-io/c4/manifest/naturalsort/naturalsort.go:44.4,44.16 1 0
github.com/Avalanche-io/c4/manifest/naturalsort/naturalsort.go:45.9,45.28 1 3139
github.com/Avalanche-io/c4/manifest/naturalsort/naturalsort.go:45.28,47.4 1 2
github.com/Avalanche-io/c4/manifest/naturalsort/naturalsort.go:53.3,53.20 1 3137
github.com/Avalanche-io/c4/manifest/naturalsort/naturalsort.go:53.20,55.22 1 857
github.com/Avalanche-io/c4/manifest/naturalsort/naturalsort.go:55.22,57.28 1 857
github.com/Avalanche-io/c4/manifest/naturalsort/naturalsort.go:57.28,60.14 3 857
github.com/Avalanche-io/c4/manifest/naturalsort/naturalsort.go:63.5,63.30 1 0
github.com/Avalanche-io/c4/manifest/naturalsort/naturalsort.go:65.4,65.16 1 0
github.com/Avalanche-io/c4/manifest/naturalsort/naturalsort.go:66.9,66.28 1 2280
github.com/Avalanche-io/c4/manifest/naturalsort/naturalsort.go:66.28,68.4 1 0
github.com/Avalanche-io/c4/manifest/naturalsort/naturalsort.go:74.3,74.46 1 2280
github.com/Avalanche-io/c4/manifest/naturalsort/naturalsort.go:74.47,75.4 0 3366
github.com/Avalanche-io/c4/manifest/naturalsort/naturalsort.go:78.3,78.48 1 2280
github.com/Avalanche-io/c4/manifest/naturalsort/naturalsort.go:78.49,79.4 0 3205
github.com/Avalanche-io/c4/manifest/naturalsort/naturalsort.go:82.3,85.66 2 2280
github.com/Avalanche-io/c4/manifest/naturalsort/naturalsort.go:85.67,86.4 0 3485
github.com/Avalanche-io/c4/manifest/naturalsort/naturalsort.go:87.3,87.69 1 2280
github.com/Avalanche-io/c4/manifest/naturalsort/naturalsort.go:87.70,88.4 0 3914
github.com/Avalanche-io/c4/manifest/naturalsort/naturalsort.go:91.3,91.37 1 2280
github.com/Avalanche-io/c4/manifest/naturalsort/naturalsort.go:91.37,93.4 1 581
github.com/Avalanche-io/c4/manifest/naturalsort/naturalsort.go:96.3,96.32 1 1699
github.com/Avalanche-io/c4/manifest/naturalsort/naturalsort.go:96.32,98.4 1 1284
github.com/Avalanche-io/c4/manifest/naturalsort/naturalsort.go:103.3,103.13 1 415
github.com/Avalanche-io/c4/manifest/naturalsort/naturalsort.go:103.13,105.4 1 7
github.com/Avalanche-io/c4/manifest/naturalsort/naturalsort.go:111.2,111.31 1 3
github.com/Avalanche-io/c4/store/folder.go:19.55,21.2 1 105
github.com/Avalanche-io/c4/store/folder.go:26.58,29.16 3 107
github.com/Avalanche-io/c4/store/folder.go:29.16,31.3 1 1
github.com/Avalanche-io/c4/store/folder.go:32.2,32.24 1 106
github.com/Avalanche-io/c4/store/folder.go:35.40,38.2 2 4
github.com/Avalanche-io/c4/store/logger.go:44.67,45.16 1 5
github.com/Avalanche-io/c4/store/logger.go:45.16,47.3 1 2
github.com/Avalanche-io/c4/store/logger.go:48.2,48.31 1 5
github.com/Avalanche-io/c4/store/logger.go:52.56,56.26 3 3
github.com/Avalanche-io/c4/store/logger.go:56.26,58.3 1 2
github.com/Avalanche-io/c4/store/logger.go:61.2,62.16 2 3
github.com/Avalanche-io/c4/store/logger.go:62.16,64.28 1 2
github.com/Avalanche-io/c4/store/logger.go:64.28,66.4 1 2
github.com/Avalanche-io/c4/store/logger.go:67.3,67.18 1 2
github.com/Avalanche-io/c4/store/logger.go:71.2,71.57 1 1
github.com/Avalanche-io/c4/store/logger.go:75.59,79.28 3 4
github.com/Avalanche-io/c4/store/logger.go:79.28,81.3 1 4
github.com/Avalanche-io/c4/store/logger.go:84.2,85.16 2 4
github.com/Avalanche-io/c4/store/logger.go:85.16,87.28 1 1
github.com/Avalanche-io/c4/store/logger.go:87.28,89.4 1 1
github.com/Avalanche-io/c4/store/logger.go:90.3,90.18 1 1
github.com/Avalanche-io/c4/store/logger.go:94.2,94.57 1 3
github.com/Avalanche-io/c4/store/logger.go:98.41,102.28 3 2
github.com/Avalanche-io/c4/store/logger.go:102.28,104.3 1 2
github.com/Avalanche-io/c4/store/logger.go:107.2,108.16 2 2
github.com/Avalanche-io/c4/store/logger.go:108.16,110.28 1 1
github.com/Avalanche-io/c4/store/logger.go:110.28,112.4 1 1
github.com/Avalanche-io/c4/store/logger.go:113.3,113.13 1 1
github.com/Avalanche-io/c4/store/logger.go:116.2,116.12 1 1
github.com/Avalanche-io/c4/store/logger.go:137.53,142.26 3 2
github.com/Avalanche-io/c4/store/logger.go:142.26,144.3 1 2
github.com/Avalanche-io/c4/store/logger.go:145.2,145.16 1 2
github.com/Avalanche-io/c4/store/logger.go:145.16,147.3 1 1
github.com/Avalanche-io/c4/store/logger.go:149.2,149.13 1 1
github.com/Avalanche-io/c4/store/logger.go:150.14,151.26 1 1
github.com/Avalanche-io/c4/store/logger.go:151.26,153.4 1 0
github.com/Avalanche-io/c4/store/logger.go:154.20,155.32 1 0
github.com/Avalanche-io/c4/store/logger.go:155.32,157.4 1 0
github.com/Avalanche-io/c4/store/logger.go:158.10,159.28 1 0
github.com/Avalanche-io/c4/store/logger.go:159.28,161.4 1 0
github.com/Avalanche-io/c4/store/logger.go:163.2,164.15 2 1
github.com/Avalanche-io/c4/store/logger.go:169.39,173.27 2 1
github.com/Avalanche-io/c4/store/logger.go:173.27,175.3 1 1
github.com/Avalanche-io/c4/store/logger.go:178.2,179.16 2 1
github.com/Avalanche-io/c4/store/logger.go:179.16,181.3 1 1
github.com/Avalanche-io/c4/store/logger.go:183.2,183.25 1 0
github.com/Avalanche-io/c4/store/logger.go:183.25,185.32 1 0
github.com/Avalanche-io/c4/store/logger.go:185.32,187.4 1 0
github.com/Avalanche-io/c4/store/logger.go:188.8,188.34 1 0
github.com/Avalanche-io/c4/store/logger.go:188.34,190.3 1 0
github.com/Avalanche-io/c4/store/logger.go:193.2,194.12 2 0
github.com/Avalanche-io/c4/store/logger.go:214.54,220.27 3 4
github.com/Avalanche-io/c4/store/logger.go:220.27,222.3 1 4
github.com/Avalanche-io/c4/store/logger.go:223.2,223.16 1 4
github.com/Avalanche-io/c4/store/logger.go:223.16,225.3 1 3
github.com/Avalanche-io/c4/store/logger.go:227.2,227.13 1 1
github.com/Avalanche-io/c4/store/logger.go:228.14,229.26 1 0
github.com/Avalanche-io/c4/store/logger.go:229.26,231.4 1 0
github.com/Avalanche-io/c4/store/logger.go:232.20,233.32 1 0
github.com/Avalanche-io/c4/store/logger.go:233.32,235.4 1 0
github.com/Avalanche-io/c4/store/logger.go:236.10,237.28 1 1
github.com/Avalanche-io/c4/store/logger.go:237.28,239.4 1 0
github.com/Avalanche-io/c4/store/logger.go:241.2,242.15 2 1
github.com/Avalanche-io/c4/store/logger.go:246.39,250.27 2 4
github.com/Avalanche-io/c4/store/logger.go:250.27,252.3 1 4
github.com/Avalanche-io/c4/store/logger.go:255.2,256.16 2 4
github.com/Avalanche-io/c4/store/logger.go:256.16,258.3 1 3
github.com/Avalanche-io/c4/store/logger.go:260.2,260.25 1 1
github.com/Avalanche-io/c4/store/logger.go:260.25,262.32 1 0
github.com/Avalanche-io/c4/store/logger.go:262.32,264.4 1 0
github.com/Avalanche-io/c4/store/logger.go:265.8,265.34 1 1
github.com/Avalanche-io/c4/store/logger.go:265.34,267.3 1 0
github.com/Avalanche-io/c4/store/logger.go:270.2,271.12 2 1
github.com/Avalanche-io/c4/store/map.go:16.37,18.2 1 2
github.com/Avalanche-io/c4/store/map.go:22.52,24.2 1 100
github.com/Avalanche-io/c4/store/map.go:29.55,31.2 1 1
github.com/Avalanche-io/c4/store/map.go:35.37,37.2 1 1
github.com/Avalanche-io/c4/store/map.go:39.31,41.2 1 1
github.com/Avalanche-io/c4/store/map.go:43.43,45.2 1 2
github.com/Avalanche-io/c4/store/map.go:47.78,50.9 3 105
github.com/Avalanche-io/c4/store/map.go:50.9,53.3 2 103
github.com/Avalanche-io/c4/store/map.go:54.2,54.21 1 2
github.com/Avalanche-io/c4/store/map.go:57.56,58.26 1 2
github.com/Avalanche-io/c4/store/map.go:58.26,59.19 1 101
github.com/Avalanche-io/c4/store/map.go:59.19,61.4 1 1
github.com/Avalanche-io/c4/store/ram.go:16.20,19.2 2 4
github.com/Avalanche-io/c4/store/ram.go:28.47,29.22 1 298
github.com/Avalanche-io/c4/store/ram.go:29.22,31.3 1 0
github.com/Avalanche-io/c4/store/ram.go:33.2,35.15 3 298
github.com/Avalanche-io/c4/store/ram.go:38.48,39.16 1 202
github.com/Avalanche-io/c4/store/ram.go:39.16,41.3 1 0
github.com/Avalanche-io/c4/store/ram.go:42.2,43.20 2 202
github.com/Avalanche-io/c4/store/ram.go:46.33,47.16 1 400
github.com/Avalanche-io/c4/store/ram.go:47.16,49.3 1 198
github.com/Avalanche-io/c4/store/ram.go:50.2,51.12 2 202
github.com/Avalanche-io/c4/store/ram.go:56.53,58.9 2 302
github.com/Avalanche-io/c4/store/ram.go:58.9,60.3 1 3
github.com/Avalanche-io/c4/store/ram.go:61.2,61.41 1 299
github.com/Avalanche-io/c4/store/ram.go:67.56,69.8 2 202
github.com/Avalanche-io/c4/store/ram.go:69.8,71.3 1 0
github.com/Avalanche-io/c4/store/ram.go:73.2,73.46 1 202
github.com/Avalanche-io/c4/store/ram.go:78.38,80.9 2 103
github.com/Avalanche-io/c4/store/ram.go:80.9,82.3 1 0
github.com/Avalanche-io/c4/store/ram.go:83.2,84.12 2 103
github.com/Avalanche-io/c4/store/validating.go:24.41,26.2 1 3
github.com/Avalanche-io/c4/store/validating.go:36.56,39.16 3 198
github.com/Avalanche-io/c4/store/validating.go:39.16,41.3 1 198
github.com/Avalanche-io/c4/store/validating.go:42.2,42.19 1 0
github.com/Avalanche-io/c4/store/validating.go:42.19,43.19 1 0
github.com/Avalanche-io/c4/store/validating.go:43.19,45.4 1 0
github.com/Avalanche-io/c4/store/validating.go:47.2,47.15 1 0
github.com/Avalanche-io/c4/store/validating.go:50.43,51.40 1 198
github.com/Avalanche-io/c4/store/validating.go:51.40,53.3 1 197
github.com/Avalanche-io/c4/store/validating.go:54.2,54.14 1 1
github.com/Avalanche-io/c4/store/validating.go:57.42,59.18 2 198
github.com/Avalanche-io/c4/store/validating.go:59.18,61.3 1 1
github.com/Avalanche-io/c4/store/validating.go:62.2,62.12 1 197
github.com/Avalanche-io/c4/store/validating.go:72.57,75.16 3 102
github.com/Avalanche-io/c4/store/validating.go:75.16,77.3 1 102
github.com/Avalanche-io/c4/store/validating.go:78.2,78.19 1 0
github.com/Avalanche-io/c4/store/validating.go:78.19,79.19 1 0
github.com/Avalanche-io/c4/store/validating.go:79.19,83.4 3 0
github.com/Avalanche-io/c4/store/validating.go:85.2,85.15 1 0
github.com/Avalanche-io/c4/store/validating.go:88.43,89.40 1 102
github.com/Avalanche-io/c4/store/validating.go:89.40,91.3 1 100
github.com/Avalanche-io/c4/store/validating.go:92.2,92.14 1 2
github.com/Avalanche-io/c4/store/validating.go:95.42,97.18 2 102
github.com/Avalanche-io/c4/store/validating.go:97.18,100.3 2 2
github.com/Avalanche-io/c4/store/validating.go:101.2,101.12 1 100
github.com/Avalanche-io/c4/store/validating.go:106.60,108.16 2 202
github.com/Avalanche-io/c4/store/validating.go:108.16,110.3 1 3
github.com/Avalanche-io/c4/store/validating.go:111.2,111.52 1 199
github.com/Avalanche-io/c4/store/validating.go:117.63,119.16 2 102
github.com/Avalanche-io/c4/store/validating.go:119.16,121.3 1 0
github.com/Avalanche-io/c4/store/validating.go:122.2,122.64 1 102
github.com/Avalanche-io/c4/store/validating.go:125.45,127.2 1 1
github.com/Avalanche-io/c4/util/charset.go:39.13,43.28 4 1
github.com/Avalanche-io/c4/util/charset.go:43.28,46.3 2 58
github.com/Avalanche-io/c4/util/charset.go:50.43,51.26 1 6
github.com/Avalanche-io/c4/util/charset.go:51.26,53.3 1 1
github.com/Avalanche-io/c4/util/charset.go:54.2,56.22 3 5
github.com/Avalanche-io/c4/util/charset.go:56.22,58.17 2 363
github.com/Avalanche-io/c4/util/charset.go:58.17,59.12 1 309
github.com/Avalanche-io/c4/util/charset.go:61.3,61.22 1 54
github.com/Avalanche-io/c4/util/charset.go:61.22,63.4 1 1
github.com/Avalanche-io/c4/util/charset.go:65.2,65.13 1 4
github.com/Avalanche-io/c4/util/charset.go:72.60,73.24 1 6
github.com/Avalanche-io/c4/util/charset.go:73.24,75.3 1 2
github.com/Avalanche-io/c4/util/charset.go:76.2,80.31 5 4
github.com/Avalanche-io/c4/util/charset.go:80.31,83.3 2 36
github.com/Avalanche-io/c4/util/charset.go:84.2,85.19 2 4
github.com/Avalanche-io/c4/util/charset.go:85.19,88.26 3 276
github.com/Avalanche-io/c4/util/charset.go:88.26,89.19 1 138
github.com/Avalanche-io/c4/util/charset.go:89.19,91.5 1 1
github.com/Avalanche-io/c4/util/charset.go:92.4,93.12 2 137
github.com/Avalanche-io/c4/util/charset.go:95.3,95.40 1 138
github.com/Avalanche-io/c4/util/charset.go:95.40,97.4 1 1
github.com/Avalanche-io/c4/util/charset.go:98.3,98.13 1 137
github.com/Avalanche-io/c4/util/charset.go:100.2,100.17 1 2
github.com/Avalanche-io/c4/util/charset.go:100.17,102.3 1 1
github.com/Avalanche-io/c4/util/charset.go:103.2,103.15 1 1
github.com/Avalanche-io/c4/util/charset.go:111.42,112.15 1 2
github.com/Avalanche-io/c4/util/charset.go:112.15,114.3 1 1
github.com/Avalanche-io/c4/util/charset.go:115.2,118.26 3 1
github.com/Avalanche-io/c4/util/charset.go:118.26,120.3 1 88
github.com/Avalanche-io/c4/util/charset.go:121.2,122.14 2 1
github.com/Avalanche-io/c4/util/charset.go:128.42,129.15 1 2
github.com/Avalanche-io/c4/util/charset.go:129.15,131.3 1 1
github.com/Avalanche-io/c4/util/charset.go:132.2,135.26 3 1
github.com/Avalanche-io/c4/util/charset.go:135.26,137.3 1 88
github.com/Avalanche-io/c4/util/charset.go:138.2,139.14 2 1
github.com/Avalanche-io/c4/id.go:38.36,40.2 1 1
github.com/Avalanche-io/c4/id.go:44.38,46.2 1 1
github.com/Avalanche-io/c4/id.go:50.32,52.2 1 0
github.com/Avalanche-io/c4/id.go:56.40,58.2 1 0
github.com/Avalanche-io/c4/id.go:60.13,61.21 1 1
github.com/Avalanche-io/c4/id.go:61.21,63.3 1 256
github.com/Avalanche-io/c4/id.go:64.2,64.28 1 1
github.com/Avalanche-io/c4/id.go:64.28,66.3 1 58
github.com/Avalanche-io/c4/id.go:67.2,67.26 1 1
github.com/Avalanche-io/c4/id.go:67.26,69.3 1 64
github.com/Avalanche-io/c4/id.go:81.38,84.33 3 524274
github.com/Avalanche-io/c4/id.go:84.33,86.3 1 1
github.com/Avalanche-io/c4/id.go:87.2,88.11 2 524273
github.com/Avalanche-io/c4/id.go:130.27,131.26 1 1050637
github.com/Avalanche-io/c4/id.go:131.26,132.13 1 1052766
github.com/Avalanche-io/c4/id.go:132.13,134.4 1 1050631
github.com/Avalanche-io/c4/id.go:136.2,136.13 1 6
github.com/Avalanche-io/c4/id.go:140.39,142.22 2 44
github.com/Avalanche-io/c4/id.go:142.22,144.3 1 0
github.com/Avalanche-io/c4/id.go:145.2,146.20 2 44
github.com/Avalanche-io/c4/id.go:146.20,148.3 1 1
github.com/Avalanche-io/c4/id.go:149.2,151.32 3 43
github.com/Avalanche-io/c4/id.go:151.32,153.16 2 3698
github.com/Avalanche-io/c4/id.go:153.16,155.4 1 1
github.com/Avalanche-io/c4/id.go:156.3,157.43 2 3697
github.com/Avalanche-io/c4/id.go:159.2,160.20 2 42
github.com/Avalanche-io/c4/id.go:160.20,162.3 1 0
github.com/Avalanche-io/c4/id.go:163.2,164.29 2 42
github.com/Avalanche-io/c4/id.go:164.29,166.3 1 621
github.com/Avalanche-io/c4/id.go:168.2,168.15 1 42
github.com/Avalanche-io/c4/id.go:168.15,170.30 2 10
github.com/Avalanche-io/c4/id.go:170.30,172.4 1 621
github.com/Avalanche-io/c4/id.go:175.2,176.16 2 42
github.com/Avalanche-io/c4/id.go:180.30,182.2 1 5
github.com/Avalanche-io/c4/id.go:193.27,194.15 1 526857
github.com/Avalanche-io/c4/id.go:194.15,196.3 1 1
github.com/Avalanche-io/c4/id.go:197.2,197.34 1 526856
github.com/Avalanche-io/c4/id.go:201.30,211.25 8 132
github.com/Avalanche-io/c4/id.go:211.25,213.3 1 11880
github.com/Avalanche-io/c4/id.go:214.2,217.53 3 132
github.com/Avalanche-io/c4/id.go:217.53,220.3 2 10986
github.com/Avalanche-io/c4/id.go:222.2,222.24 1 132
github.com/Avalanche-io/c4/id.go:226.34,228.2 1 1
github.com/Avalanche-io/c4/id.go:230.26,231.35 1 1029
github.com/Avalanche-io/c4/id.go:232.10,232.10 0 518
github.com/Avalanche-io/c4/id.go:234.9,235.14 1 511
github.com/Avalanche-io/c4/id.go:236.9,237.11 1 0
github.com/Avalanche-io/c4/id.go:240.2,245.11 6 1029
github.com/Avalanche-io/c4/id.go:248.48,250.17 2 2
github.com/Avalanche-io/c4/id.go:250.17,252.3 1 1
github.com/Avalanche-io/c4/id.go:253.2,254.16 2 1
github.com/Avalanche-io/c4/id.go:254.16,256.3 1 0
github.com/Avalanche-io/c4/id.go:257.2,258.12 2 1
github.com/Avalanche-io/c4/id.go:261.44,262.16 1 3
github.com/Avalanche-io/c4/id.go:262.16,264.3 1 2
github.com/Avalanche-io/c4/id.go:265.2,265.45 1 1
github.com/Avalanche-io/c4/id.go:270.34,270.51 1 2053
github.com/Avalanche-io/c4/id.go:271.34,271.80 1 5541286
github.com/Avalanche-io/c4/id.go:272.34,272.61 1 1732467
github.com/Avalanche-io/c4/id.go:275.26,276.23 1 2
github.com/Avalanche-io/c4/id.go:276.23,278.3 1 1
github.com/Avalanche-io/c4/id.go:279.2,283.10 5 2
github.com/Avalanche-io/c4/id.go:286.22,289.2 2 0
github.com/Avalanche-io/c4/tree.go:19.27,21.42 2 1051
github.com/Avalanche-io/c4/tree.go:21.42,23.3 1 9331
github.com/Avalanche-io/c4/tree.go:24.2,27.23 3 1051
github.com/Avalanche-io/c4/tree.go:27.23,29.3 1 524232
github.com/Avalanche-io/c4/tree.go:30.2,30.19 1 1051
github.com/Avalanche-io/c4/tree.go:33.42,38.16 3 1021
github.com/Avalanche-io/c4/tree.go:38.16,40.3 1 0
github.com/Avalanche-io/c4/tree.go:41.2,41.20 1 1021
github.com/Avalanche-io/c4/tree.go:41.20,43.3 1 0
github.com/Avalanche-io/c4/tree.go:44.2,45.22 2 1021
github.com/Avalanche-io/c4/tree.go:45.22,47.3 1 3063
github.com/Avalanche-io/c4/tree.go:48.2,49.28 2 1021
github.com/Avalanche-io/c4/tree.go:49.28,51.3 1 0
github.com/Avalanche-io/c4/tree.go:53.2,54.20 2 1021
github.com/Avalanche-io/c4/tree.go:54.20,56.34 2 17883
github.com/Avalanche-io/c4/tree.go:56.34,58.4 1 0
github.com/Avalanche-io/c4/tree.go:59.3,59.37 1 17883
github.com/Avalanche-io/c4/tree.go:63.2,63.18 1 1021
github.com/Avalanche-io/c4/tree.go:67.33,71.38 3 1024
github.com/Avalanche-io/c4/tree.go:71.38,73.34 2 9218
github.com/Avalanche-io/c4/tree.go:73.34,75.17 2 526882
github.com/Avalanche-io/c4/tree.go:75.17,77.5 1 4106
github.com/Avalanche-io/c4/tree.go:77.10,79.70 2 522776
github.com/Avalanche-io/c4/tree.go:79.70,82.6 2 129235
github.com/Avalanche-io/c4/tree.go:82.11,84.6 1 393541
github.com/Avalanche-io/c4/tree.go:85.5,85.41 1 522776
github.com/Avalanche-io/c4/tree.go:89.2,90.11 2 1024
github.com/Avalanche-io/c4/tree.go:93.31,96.16 3 1
github.com/Avalanche-io/c4/tree.go:96.16,98.3 1 0
github.com/Avalanche-io/c4/tree.go:100.2,100.34 1 1
github.com/Avalanche-io/c4/tree.go:100.34,103.3 2 20
github.com/Avalanche-io/c4/tree.go:104.2,104.19 1 1
github.com/Avalanche-io/c4/tree.go:107.28,108.27 1 5108
github.com/Avalanche-io/c4/tree.go:108.27,109.13 1 69510
github.com/Avalanche-io/c4/tree.go:109.13,111.4 1 4086
github.com/Avalanche-io/c4/tree.go:113.2,113.14 1 1022
github.com/Avalanche-io/c4/tree.go:117.30,118.16 1 1021
github.com/Avalanche-io/c4/tree.go:118.16,120.3 1 1021
github.com/Avalanche-io/c4/tree.go:121.2,121.10 1 1021
github.com/Avalanche-io/c4/tree.go:125.25,127.2 1 1021
github.com/Avalanche-io/c4/tree.go:130.28,131.16 1 4086
github.com/Avalanche-io/c4/tree.go:131.16,133.3 1 1
github.com/Avalanche-io/c4/tree.go:134.2,135.11 2 4085
github.com/Avalanche-io/c4/tree.go:138.38,144.37 5 1025
github.com/Avalanche-io/c4/tree.go:144.37,146.3 1 9222
github.com/Avalanche-io/c4/tree.go:147.2,150.17 3 1025
github.com/Avalanche-io/c4/tree.go:150.17,156.3 5 10247
github.com/Avalanche-io/c4/tree.go:158.2,158.13 1 1025
github.com/Avalanche-io/c4/tree.go:163.30,173.28 3 2046
github.com/Avalanche-io/c4/tree.go:173.28,175.3 1 0
github.com/Avalanche-io/c4/tree.go:176.2,176.28 1 2046
github.com/Avalanche-io/c4/tree.go:176.28,178.3 1 106
github.com/Avalanche-io/c4/tree.go:181.2,181.6 1 1940
github.com/Avalanche-io/c4/tree.go:181.6,185.17 3 5974
github.com/Avalanche-io/c4/tree.go:185.17,187.4 1 1940
github.com/Avalanche-io/c4/tree.go:188.3,188.16 1 4034
github.com/Avalanche-io/c4/tree.go:188.16,190.12 2 24
github.com/Avalanche-io/c4/tree.go:192.3,192.16 1 4010
github.com/Avalanche-io/c4/tree.go:192.16,194.12 2 4010
github.com/Avalanche-io/c4/tree.go:197.3,197.16 1 0
github.com/Avalanche-io/c4/tree.go:203.26,206.31 2 10066
github.com/Avalanche-io/c4/tree.go:206.31,208.3 1 91192
github.com/Avalanche-io/c4/tree.go:209.2,209.14 1 10066
github.com/Avalanche-io/c4/id/common_ids.go:17.13,22.21 5 1
github.com/Avalanche-io/c4/id/common_ids.go:22.21,24.3 1 64
github.com/Avalanche-io/c4/id/common_ids.go:25.2,25.30 1 1
github.com/Avalanche-io/c4/id/digest.go:22.33,23.17 1 525298
github.com/Avalanche-io/c4/id/digest.go:23.17,25.3 1 0
github.com/Avalanche-io/c4/id/digest.go:27.2,27.18 1 525298
github.com/Avalanche-io/c4/id/digest.go:27.18,29.3 1 523554
github.com/Avalanche-io/c4/id/digest.go:30.2,33.20 3 1744
github.com/Avalanche-io/c4/id/digest.go:40.38,41.29 1 1037
github.com/Avalanche-io/c4/id/digest.go:42.10,42.10 0 497
github.com/Avalanche-io/c4/id/digest.go:44.9,45.14 1 540
github.com/Avalanche-io/c4/id/digest.go:46.9,47.11 1 0
github.com/Avalanche-io/c4/id/digest.go:50.2,53.30 4 1037
github.com/Avalanche-io/c4/id/digest.go:58.26,62.2 3 5195
github.com/Avalanche-io/c4/id/digest.go:67.51,68.17 1 0
github.com/Avalanche-io/c4/id/digest.go:68.17,70.3 1 0
github.com/Avalanche-io/c4/id/digest.go:71.2,72.16 2 0
github.com/Avalanche-io/c4/id/digest.go:80.52,81.17 1 0
github.com/Avalanche-io/c4/id/digest.go:81.17,83.3 1 0
github.com/Avalanche-io/c4/id/digest.go:84.2,85.16 2 0
github.com/Avalanche-io/c4/id/digest_slice.go:22.45,24.14 2 523809
github.com/Avalanche-io/c4/id/digest_slice.go:24.14,26.3 1 0
github.com/Avalanche-io/c4/id/digest_slice.go:27.2,30.40 2 523809
github.com/Avalanche-io/c4/id/digest_slice.go:30.40,32.3 1 0
github.com/Avalanche-io/c4/id/digest_slice.go:33.2,38.10 5 523809
github.com/Avalanche-io/c4/id/digest_slice.go:45.40,47.17 2 1
github.com/Avalanche-io/c4/id/digest_slice.go:47.17,49.3 1 0
github.com/Avalanche-io/c4/id/digest_slice.go:54.2,57.20 3 1
github.com/Avalanche-io/c4/id/digest_slice.go:57.20,63.39 4 4
github.com/Avalanche-io/c4/id/digest_slice.go:63.39,65.4 1 8
github.com/Avalanche-io/c4/id/digest_slice.go:67.3,67.15 1 4
github.com/Avalanche-io/c4/id/digest_slice.go:67.15,69.4 1 3
github.com/Avalanche-io/c4/id/digest_slice.go:72.2,72.16 1 1
github.com/Avalanche-io/c4/id/digest_slice.go:77.44,79.46 2 523809
github.com/Avalanche-io/c4/id/digest_slice.go:79.46,79.84 1 4136880
github.com/Avalanche-io/c4/id/digest_slice.go:94.52,96.24 2 1
github.com/Avalanche-io/c4/id/digest_slice.go:96.24,98.3 1 0
github.com/Avalanche-io/c4/id/digest_slice.go:99.2,99.27 1 1
github.com/Avalanche-io/c4/id/digest_slice.go:99.27,101.3 1 9
github.com/Avalanche-io/c4/id/digest_slice.go:102.2,102.25 1 1
github.com/Avalanche-io/c4/id/digest_slice.go:108.52,109.20 1 1
github.com/Avalanche-io/c4/id/digest_slice.go:109.20,111.3 1 0
github.com/Avalanche-io/c4/id/digest_slice.go:112.2,112.34 1 1
github.com/Avalanche-io/c4/id/digest_slice.go:112.34,116.3 3 9
github.com/Avalanche-io/c4/id/digest_slice.go:117.2,117.20 1 1
github.com/Avalanche-io/c4/id/encoder.go:16.28,20.2 1 524251
github.com/Avalanche-io/c4/id/encoder.go:23.48,25.2 1 524284
github.com/Avalanche-io/c4/id/encoder.go:28.28,33.2 4 524255
github.com/Avalanche-io/c4/id/encoder.go:36.35,38.2 1 31
github.com/Avalanche-io/c4/id/encoder.go:41.27,43.2 1 41
github.com/Avalanche-io/c4/id/encoding.go:8.56,9.15 1 0
github.com/Avalanche-io/c4/id/encoding.go:9.15,11.3 1 0
github.com/Avalanche-io/c4/id/encoding.go:12.2,12.33 1 0
github.com/Avalanche-io/c4/id/encoding.go:15.50,17.14 2 0
github.com/Avalanche-io/c4/id/encoding.go:17.14,19.3 1 0
github.com/Avalanche-io/c4/id/encoding.go:20.2,21.12 2 0
github.com/Avalanche-io/c4/id/encoding.go:24.54,25.15 1 0
github.com/Avalanche-io/c4/id/encoding.go:25.15,27.3 1 0
github.com/Avalanche-io/c4/id/encoding.go:28.2,28.33 1 0
github.com/Avalanche-io/c4/id/encoding.go:31.48,33.16 2 0
github.com/Avalanche-io/c4/id/encoding.go:33.16,35.3 1 0
github.com/Avalanche-io/c4/id/encoding.go:36.2,37.12 2 0
github.com/Avalanche-io/c4/id/encoding.go:40.57,41.38 1 1021
github.com/Avalanche-io/c4/id/encoding.go:41.38,43.3 1 0
github.com/Avalanche-io/c4/id/encoding.go:45.2,45.46 1 1021
github.com/Avalanche-io/c4/id/encoding.go:45.46,47.3 1 0
github.com/Avalanche-io/c4/id/encoding.go:49.2,49.20 1 1021
github.com/Avalanche-io/c4/id/encoding.go:52.51,56.21 1 1021
github.com/Avalanche-io/c4/id/encoding.go:56.21,58.3 1 0
github.com/Avalanche-io/c4/id/encoding.go:59.2,60.22 2 1021
github.com/Avalanche-io/c4/id/encoding.go:60.22,63.3 2 3063
github.com/Avalanche-io/c4/id/encoding.go:64.2,66.49 2 1021
github.com/Avalanche-io/c4/id/encoding.go:66.49,68.3 1 0
github.com/Avalanche-io/c4/id/encoding.go:72.2,77.12 5 1021
github.com/Avalanche-io/c4/id/encoding.go:80.55,82.2 1 0
github.com/Avalanche-io/c4/id/errors.go:9.36,11.2 1 1
github.com/Avalanche-io/c4/id/errors.go:15.38,17.2 1 2
github.com/Avalanche-io/c4/id/errors.go:21.32,23.2 1 0
github.com/Avalanche-io/c4/id/errors.go:27.40,29.2 1 0
github.com/Avalanche-io/c4/id/id.go:20.13,21.32 1 1
github.com/Avalanche-io/c4/id/id.go:21.32,23.3 1 256
github.com/Avalanche-io/c4/id/id.go:24.2,24.36 1 1
github.com/Avalanche-io/c4/id/id.go:24.36,26.3 1 58
github.com/Avalanche-io/c4/id/id.go:33.37,35.2 1 45
github.com/Avalanche-io/c4/id/id.go:38.35,40.2 1 115
github.com/Avalanche-io/c4/id/id.go:43.31,45.2 1 524230
github.com/Avalanche-io/c4/id/id.go:56.29,57.14 1 3107
github.com/Avalanche-io/c4/id/id.go:57.14,59.3 1 1
github.com/Avalanche-io/c4/id/id.go:60.2,62.23 3 3106
github.com/Avalanche-io/c4/id/id.go:68.44,69.20 1 45
github.com/Avalanche-io/c4/id/id.go:69.20,71.3 1 2
github.com/Avalanche-io/c4/id/id.go:72.2,74.32 3 43
github.com/Avalanche-io/c4/id/id.go:74.32,76.16 2 3698
github.com/Avalanche-io/c4/id/id.go:76.16,78.4 1 1
github.com/Avalanche-io/c4/id/id.go:79.3,80.43 2 3697
github.com/Avalanche-io/c4/id/id.go:82.2,83.17 2 42
github.com/Avalanche-io/c4/id/id.go:88.30,96.30 8 115
github.com/Avalanche-io/c4/id/id.go:96.30,99.3 2 9490
github.com/Avalanche-io/c4/id/id.go:101.2,105.16 4 115
github.com/Avalanche-io/c4/id/id.go:109.36,111.2 1 1
github.com/Avalanche-io/c4/id/identify.go:8.34,11.33 3 524223
github.com/Avalanche-io/c4/id/identify.go:11.33,13.3 1 1
github.com/Avalanche-io/c4/id/identify.go:14.2,14.15 1 524222
github.com/Avalanche-io/c4/id/marshal.go:6.43,8.2 1 0
github.com/Avalanche-io/c4/id/marshal.go:11.43,13.2 1 0
github.com/Avalanche-io/c4/id/marshal.go:16.45,18.35 2 2
github.com/Avalanche-io/c4/id/marshal.go:18.35,20.3 1 1
github.com/Avalanche-io/c4/id/marshal.go:21.2,21.45 1 1
github.com/Avalanche-io/c4/id/marshal.go:25.48,30.2 3 1
github.com/Avalanche-io/c4/id/slice.go:8.32,9.15 1 7
github.com/Avalanche-io/c4/id/slice.go:9.15,11.3 1 0
github.com/Avalanche-io/c4/id/slice.go:12.2,15.41 2 7
github.com/Avalanche-io/c4/id/slice.go:15.41,17.3 1 0
github.com/Avalanche-io/c4/id/slice.go:18.2,21.14 3 7
github.com/Avalanche-io/c4/id/slice.go:25.33,27.24 2 1
github.com/Avalanche-io/c4/id/slice.go:27.24,29.3 1 2
github.com/Avalanche-io/c4/id/slice.go:30.2,30.15 1 1
github.com/Avalanche-io/c4/id/slice.go:35.34,36.15 1 10
github.com/Avalanche-io/c4/id/slice.go:36.15,38.3 1 0
github.com/Avalanche-io/c4/id/slice.go:39.2,39.46 1 10
github.com/Avalanche-io/c4/id/slice.go:39.46,39.89 1 11
github.com/Avalanche-io/c4/id/slice.go:42.26,43.14 1 4
github.com/Avalanche-io/c4/id/slice.go:43.14,45.3 1 3
github.com/Avalanche-io/c4/id/slice.go:46.2,46.11 1 1
github.com/Avalanche-io/c4/id/slice.go:54.25,59.23 2 0
github.com/Avalanche-io/c4/id/slice.go:59.23,60.16 1 0
github.com/Avalanche-io/c4/id/slice.go:60.16,62.4 1 0
github.com/Avalanche-io/c4/id/slice.go:63.3,63.41 1 0
github.com/Avalanche-io/c4/id/slice.go:65.2,67.15 2 0
github.com/Avalanche-io/c4/id/tree.go:25.35,28.27 3 1049
github.com/Avalanche-io/c4/id/tree.go:28.27,30.3 1 524214
github.com/Avalanche-io/c4/id/tree.go:31.2,34.3 1 1049
github.com/Avalanche-io/c4/id/tree.go:37.30,39.2 1 0
github.com/Avalanche-io/c4/id/tree.go:41.32,43.2 1 0
github.com/Avalanche-io/c4/id/tree.go:45.31,47.2 1 6
github.com/Avalanche-io/c4/id/tree.go:49.36,52.25 3 5
github.com/Avalanche-io/c4/id/tree.go:52.25,55.3 2 20
github.com/Avalanche-io/c4/id/tree.go:56.2,56.16 1 5
github.com/Avalanche-io/c4/id/tree.go:60.42,63.2 2 0
github.com/Avalanche-io/c4/id/tree.go:66.33,68.40 2 2043
github.com/Avalanche-io/c4/id/tree.go:68.40,70.34 2 18416
github.com/Avalanche-io/c4/id/tree.go:70.34,72.17 2 1053709
github.com/Avalanche-io/c4/id/tree.go:72.17,74.5 1 8197
github.com/Avalanche-io/c4/id/tree.go:74.10,78.74 2 1045512
github.com/Avalanche-io/c4/id/tree.go:78.74,81.6 2 259760
github.com/Avalanche-io/c4/id/tree.go:81.11,84.6 1 785752
github.com/Avalanche-io/c4/id/tree.go:85.5,85.43 1 1045512
github.com/Avalanche-io/c4/id/tree.go:89.2,89.26 1 2043
github.com/Avalanche-io/c4/id/tree.go:92.32,94.29 2 0
github.com/Avalanche-io/c4/id/tree.go:94.29,95.37 1 0
github.com/Avalanche-io/c4/id/tree.go:95.37,97.4 1 0
github.com/Avalanche-io/c4/id/tree.go:99.2,99.12 1 0
github.com/Avalanche-io/c4/id/tree.go:103.29,105.2 1 0
github.com/Avalanche-io/c4/id/tree.go:109.27,111.2 1 0
github.com/Avalanche-io/c4/id/tree.go:114.28,117.2 2 1021
github.com/Avalanche-io/c4/id/tree.go:119.25,121.2 1 4084
github.com/Avalanche-io/c4/id/tree.go:123.32,125.2 1 0
github.com/Avalanche-io/c4/id/tree.go:165.36,170.2 1 0
github.com/Avalanche-io/c4/id/tree.go:172.29,173.13 1 0
github.com/Avalanche-io/c4/id/tree.go:173.13,178.3 1 0
github.com/Avalanche-io/c4/id/tree.go:179.2,182.3 1 0
github.com/Avalanche-io/c4/id/tree.go:185.30,188.2 2 0
github.com/Avalanche-io/c4/id/tree.go:190.29,192.34 2 0
github.com/Avalanche-io/c4/id/tree.go:192.34,194.3 1 0
github.com/Avalanche-io/c4/id/tree.go:195.2,196.40 2 0
github.com/Avalanche-io/c4/id/tree.go:199.30,201.34 2 0
github.com/Avalanche-io/c4/id/tree.go:201.34,203.3 1 0
github.com/Avalanche-io/c4/id/tree.go:204.2,205.40 2 0
github.com/Avalanche-io/c4/id/tree_utils.go:6.51,9.31 3 2070
github.com/Avalanche-io/c4/id/tree_utils.go:9.31,12.3 2 18529
github.com/Avalanche-io/c4/id/tree_utils.go:13.2,13.29 1 2070
github.com/Avalanche-io/c4/id/tree_utils.go:23.64,28.32 4 2070
github.com/Avalanche-io/c4/id/tree_utils.go:28.32,35.3 3 18529
github.com/Avalanche-io/c4/id/tree_utils.go:37.2,42.15 2 2070
github.com/Avalanche-io/c4/id/tree_utils.go:47.50,58.27 5 2070
github.com/Avalanche-io/c4/id/tree_utils.go:58.27,66.3 3 20599
github.com/Avalanche-io/c4/id/tree_utils.go:67.2,67.21 1 2070
github.com/Avalanche-io/c4/id/tree_utils.go:72.30,83.16 5 4195322
github.com/Avalanche-io/c4/id/tree_utils.go:83.16,85.3 1 0
github.com/Avalanche-io/c4/id/tree_utils.go:86.2,88.16 3 4195322
github.com/Avalanche-io/c4/id/tree_utils.go:88.16,90.3 1 304
github.com/Avalanche-io/c4/id/tree_utils.go:94.2,94.6 1 4195018
github.com/Avalanche-io/c4/id/tree_utils.go:94.6,97.20 3 15404843
github.com/Avalanche-io/c4/id/tree_utils.go:97.20,98.30 1 0
github.com/Avalanche-io/c4/id/tree_utils.go:101.3,101.16 1 15404843
github.com/Avalanche-io/c4/id/tree_utils.go:101.16,103.4 1 2609252
github.com/Avalanche-io/c4/id/tree_utils.go:103.9,103.23 1 12795591
github.com/Avalanche-io/c4/id/tree_utils.go:103.23,105.4 1 8600573
github.com/Avalanche-io/c4/id/tree_utils.go:105.9,107.4 1 4195018
github.com/Avalanche-io/c4/id/tree_utils.go:113.26,116.31 2 27989788
github.com/Avalanche-io/c4/id/tree_utils.go:116.31,118.3 1 588706538
github.com/Avalanche-io/c4/id/tree_utils.go:119.2,119.14 1 27989788
github.com/Avalanche-io/c4/id/tree_utils.go:125.22,127.2 1 4195322
github.com/Avalanche-io/c4/id/tree_utils.go:148.34,149.16 1 4195322
github.com/Avalanche-io/c4/id/tree_utils.go:149.16,152.3 2 0
github.com/Avalanche-io/c4/id/tree_utils.go:153.2,153.16 1 4195322
github.com/Avalanche-io/c4/id/tree_utils.go:153.16,156.3 2 4161535
github.com/Avalanche-io/c4/id/tree_utils.go:157.2,157.15 1 4195322
github.com/Avalanche-io/c4/id/tree_utils.go:157.15,160.3 2 33535
github.com/Avalanche-io/c4/id/tree_utils.go:161.2,161.28 1 4195322
github.com/Avalanche-io/c4/db/db.go:83.51,89.24 6 100000
github.com/Avalanche-io/c4/db/db.go:89.24,93.3 3 10
github.com/Avalanche-io/c4/db/db.go:96.26,97.9 1 100000
github.com/Avalanche-io/c4/db/db.go:98.24,99.13 1 0
github.com/Avalanche-io/c4/db/db.go:100.10,100.10 0 100000
github.com/Avalanche-io/c4/db/db.go:102.2,102.12 1 100000
github.com/Avalanche-io/c4/db/db.go:105.22,109.2 3 1
github.com/Avalanche-io/c4/db/db.go:137.13,139.2 1 1
github.com/Avalanche-io/c4/db/db.go:144.62,146.49 1 4
github.com/Avalanche-io/c4/db/db.go:146.49,148.17 2 4
github.com/Avalanche-io/c4/db/db.go:148.17,150.4 1 0
github.com/Avalanche-io/c4/db/db.go:153.2,156.16 4 4
github.com/Avalanche-io/c4/db/db.go:156.16,158.3 1 0
github.com/Avalanche-io/c4/db/db.go:160.2,160.45 1 4
github.com/Avalanche-io/c4/db/db.go:160.45,162.17 2 4
github.com/Avalanche-io/c4/db/db.go:162.17,164.4 1 0
github.com/Avalanche-io/c4/db/db.go:166.3,166.37 1 4
github.com/Avalanche-io/c4/db/db.go:166.37,168.18 2 28
github.com/Avalanche-io/c4/db/db.go:168.18,170.5 1 0
github.com/Avalanche-io/c4/db/db.go:172.3,172.13 1 4
github.com/Avalanche-io/c4/db/db.go:174.2,174.16 1 4
github.com/Avalanche-io/c4/db/db.go:174.16,176.3 1 0
github.com/Avalanche-io/c4/db/db.go:178.2,179.20 2 4
github.com/Avalanche-io/c4/db/db.go:179.20,181.21 2 4
github.com/Avalanche-io/c4/db/db.go:181.21,183.4 1 4
github.com/Avalanche-io/c4/db/db.go:184.8,185.70 1 0
github.com/Avalanche-io/c4/db/db.go:185.70,187.4 1 0
github.com/Avalanche-io/c4/db/db.go:188.3,189.30 2 0
github.com/Avalanche-io/c4/db/db.go:189.30,191.4 1 0
github.com/Avalanche-io/c4/db/db.go:192.3,193.47 2 0
github.com/Avalanche-io/c4/db/db.go:193.47,195.4 1 0
github.com/Avalanche-io/c4/db/db.go:197.2,199.26 2 4
github.com/Avalanche-io/c4/db/db.go:199.26,201.3 1 4
github.com/Avalanche-io/c4/db/db.go:202.2,202.16 1 4
github.com/Avalanche-io/c4/db/db.go:205.31,211.16 2 4
github.com/Avalanche-io/c4/db/db.go:211.16,213.3 1 0
github.com/Avalanche-io/c4/db/db.go:216.2,216.43 1 4
github.com/Avalanche-io/c4/db/db.go:216.43,219.3 2 4
github.com/Avalanche-io/c4/db/db.go:222.39,224.41 2 4
github.com/Avalanche-io/c4/db/db.go:224.41,228.18 3 4
github.com/Avalanche-io/c4/db/db.go:228.18,230.4 1 4
github.com/Avalanche-io/c4/db/db.go:231.3,233.13 3 0
github.com/Avalanche-io/c4/db/db.go:235.2,235.13 1 4
github.com/Avalanche-io/c4/db/db.go:238.29,240.2 1 4
github.com/Avalanche-io/c4/db/db.go:250.30,252.44 2 4
github.com/Avalanche-io/c4/db/db.go:252.44,261.27 9 4
github.com/Avalanche-io/c4/db/db.go:261.27,263.4 1 1
github.com/Avalanche-io/c4/db/db.go:281.3,281.13 1 4
github.com/Avalanche-io/c4/db/db.go:283.2,283.16 1 4
github.com/Avalanche-io/c4/db/db.go:283.16,285.3 1 0
github.com/Avalanche-io/c4/db/db.go:287.2,287.12 1 4
github.com/Avalanche-io/c4/db/db.go:292.71,294.46 2 1002
github.com/Avalanche-io/c4/db/db.go:294.46,299.17 5 1002
github.com/Avalanche-io/c4/db/db.go:299.17,301.4 1 0
github.com/Avalanche-io/c4/db/db.go:303.3,306.17 4 1002
github.com/Avalanche-io/c4/db/db.go:306.17,308.4 1 0
github.com/Avalanche-io/c4/db/db.go:310.3,310.18 1 1002
github.com/Avalanche-io/c4/db/db.go:310.18,315.18 5 0
github.com/Avalanche-io/c4/db/db.go:315.18,317.5 1 0
github.com/Avalanche-io/c4/db/db.go:320.3,320.13 1 1002
github.com/Avalanche-io/c4/db/db.go:322.2,322.16 1 1002
github.com/Avalanche-io/c4/db/db.go:322.16,324.3 1 0
github.com/Avalanche-io/c4/db/db.go:325.2,325.22 1 1002
github.com/Avalanche-io/c4/db/db.go:328.50,330.41 2 1
github.com/Avalanche-io/c4/db/db.go:330.41,334.87 2 1
github.com/Avalanche-io/c4/db/db.go:334.87,336.4 1 1
github.com/Avalanche-io/c4/db/db.go:337.3,337.13 1 1
github.com/Avalanche-io/c4/db/db.go:339.2,339.13 1 1
github.com/Avalanche-io/c4/db/db.go:342.53,344.44 2 1
github.com/Avalanche-io/c4/db/db.go:344.44,346.18 2 1
github.com/Avalanche-io/c4/db/db.go:346.18,349.4 2 1
github.com/Avalanche-io/c4/db/db.go:350.3,350.13 1 1
github.com/Avalanche-io/c4/db/db.go:352.2,352.16 1 1
github.com/Avalanche-io/c4/db/db.go:352.16,354.3 1 0
github.com/Avalanche-io/c4/db/db.go:355.2,355.19 1 1
github.com/Avalanche-io/c4/db/db.go:358.56,360.46 2 1
github.com/Avalanche-io/c4/db/db.go:360.46,364.18 4 1
github.com/Avalanche-io/c4/db/db.go:364.18,366.4 1 0
github.com/Avalanche-io/c4/db/db.go:367.3,372.23 5 1
github.com/Avalanche-io/c4/db/db.go:374.2,374.16 1 1
github.com/Avalanche-io/c4/db/db.go:374.16,376.3 1 0
github.com/Avalanche-io/c4/db/db.go:377.2,377.19 1 1
github.com/Avalanche-io/c4/db/db.go:397.30,403.2 3 1100
github.com/Avalanche-io/c4/db/db.go:405.35,409.2 3 1000
github.com/Avalanche-io/c4/db/db.go:411.25,413.2 1 12930
github.com/Avalanche-io/c4/db/db.go:415.36,417.2 1 5912
github.com/Avalanche-io/c4/db/db.go:419.36,421.2 1 9811
github.com/Avalanche-io/c4/db/db.go:424.42,426.2 1 5912
github.com/Avalanche-io/c4/db/db.go:428.29,430.2 1 12930
github.com/Avalanche-io/c4/db/db.go:432.24,434.2 1 0
github.com/Avalanche-io/c4/db/db.go:437.26,439.3 1 28665
github.com/Avalanche-io/c4/db/db.go:442.60,445.12 3 3
github.com/Avalanche-io/c4/db/db.go:445.12,446.16 1 3
github.com/Avalanche-io/c4/db/db.go:446.16,449.4 2 3
github.com/Avalanche-io/c4/db/db.go:451.3,451.42 1 3
github.com/Avalanche-io/c4/db/db.go:451.42,455.42 2 3
github.com/Avalanche-io/c4/db/db.go:455.42,457.89 2 3
github.com/Avalanche-io/c4/db/db.go:457.89,462.22 4 1100
github.com/Avalanche-io/c4/db/db.go:462.22,464.7 1 0
github.com/Avalanche-io/c4/db/db.go:465.6,467.13 2 1100
github.com/Avalanche-io/c4/db/db.go:468.22,468.22 0 1100
github.com/Avalanche-io/c4/db/db.go:469.18,470.17 1 0
github.com/Avalanche-io/c4/db/db.go:475.4,475.14 1 3
github.com/Avalanche-io/c4/db/db.go:478.2,478.12 1 3
github.com/Avalanche-io/c4/db/db.go:485.73,487.43 2 4
github.com/Avalanche-io/c4/db/db.go:487.43,491.37 3 4
github.com/Avalanche-io/c4/db/db.go:491.37,493.4 1 1
github.com/Avalanche-io/c4/db/db.go:495.3,496.17 2 3
github.com/Avalanche-io/c4/db/db.go:496.17,498.4 1 0
github.com/Avalanche-io/c4/db/db.go:499.3,500.13 2 3
github.com/Avalanche-io/c4/db/db.go:502.2,502.17 1 4
github.com/Avalanche-io/c4/db/db.go:508.64,510.27 2 2
github.com/Avalanche-io/c4/db/db.go:510.27,511.44 1 1
github.com/Avalanche-io/c4/db/db.go:511.44,515.53 3 1
github.com/Avalanche-io/c4/db/db.go:515.53,517.19 2 900
github.com/Avalanche-io/c4/db/db.go:517.19,519.6 1 0
github.com/Avalanche-io/c4/db/db.go:520.5,520.12 1 900
github.com/Avalanche-io/c4/db/db.go:522.4,522.14 1 1
github.com/Avalanche-io/c4/db/db.go:526.2,526.41 1 2
github.com/Avalanche-io/c4/db/db.go:526.41,527.47 1 1
github.com/Avalanche-io/c4/db/db.go:527.47,533.88 4 1
github.com/Avalanche-io/c4/db/db.go:533.88,535.19 2 100
github.com/Avalanche-io/c4/db/db.go:535.19,537.6 1 0
github.com/Avalanche-io/c4/db/db.go:538.5,538.12 1 100
github.com/Avalanche-io/c4/db/db.go:541.4,541.14 1 1
github.com/Avalanche-io/c4/db/db.go:543.3,543.17 1 1
github.com/Avalanche-io/c4/db/db.go:543.17,545.4 1 0
github.com/Avalanche-io/c4/db/db.go:549.2,549.19 1 2
github.com/Avalanche-io/c4/db/db.go:556.90,558.22 1 3001
github.com/Avalanche-io/c4/db/db.go:558.22,560.3 1 0
github.com/Avalanche-io/c4/db/db.go:561.2,564.46 3 3001
github.com/Avalanche-io/c4/db/db.go:564.46,567.26 2 3001
github.com/Avalanche-io/c4/db/db.go:567.26,570.18 3 5913
github.com/Avalanche-io/c4/db/db.go:570.18,572.5 1 0
github.com/Avalanche-io/c4/db/db.go:574.3,574.13 1 3001
github.com/Avalanche-io/c4/db/db.go:578.75,582.12 3 1
github.com/Avalanche-io/c4/db/db.go:582.12,583.16 1 1
github.com/Avalanche-io/c4/db/db.go:583.16,586.4 2 1
github.com/Avalanche-io/c4/db/db.go:587.3,587.42 1 1
github.com/Avalanche-io/c4/db/db.go:587.42,590.88 2 1
github.com/Avalanche-io/c4/db/db.go:590.88,591.34 1 1
github.com/Avalanche-io/c4/db/db.go:591.34,592.14 1 0
github.com/Avalanche-io/c4/db/db.go:594.5,599.12 5 1
github.com/Avalanche-io/c4/db/db.go:600.21,600.21 0 1
github.com/Avalanche-io/c4/db/db.go:601.17,602.16 1 0
github.com/Avalanche-io/c4/db/db.go:606.4,606.14 1 1
github.com/Avalanche-io/c4/db/db.go:609.2,609.12 1 1
github.com/Avalanche-io/c4/db/db.go:612.100,615.22 2 1
github.com/Avalanche-io/c4/db/db.go:615.22,617.3 1 0
github.com/Avalanche-io/c4/db/db.go:618.2,620.25 3 1
github.com/Avalanche-io/c4/db/db.go:620.25,622.47 2 1
github.com/Avalanche-io/c4/db/db.go:622.47,625.85 3 1
github.com/Avalanche-io/c4/db/db.go:625.85,626.34 1 1
github.com/Avalanche-io/c4/db/db.go:626.34,628.20 2 1
github.com/Avalanche-io/c4/db/db.go:628.20,630.7 1 0
github.com/Avalanche-io/c4/db/db.go:631.6,631.9 1 1
github.com/Avalanche-io/c4/db/db.go:634.4,634.14 1 1
github.com/Avalanche-io/c4/db/db.go:636.3,636.17 1 1
github.com/Avalanche-io/c4/db/db.go:636.17,638.4 1 0
github.com/Avalanche-io/c4/db/db.go:641.2,641.15 1 1
github.com/Avalanche-io/c4/db/db.go:645.61,649.12 3 1003
github.com/Avalanche-io/c4/db/db.go:649.12,650.16 1 1003
github.com/Avalanche-io/c4/db/db.go:650.16,653.4 2 1003
github.com/Avalanche-io/c4/db/db.go:654.3,654.24 1 1003
github.com/Avalanche-io/c4/db/db.go:654.24,655.43 1 2
github.com/Avalanche-io/c4/db/db.go:655.43,658.54 2 2
github.com/Avalanche-io/c4/db/db.go:658.54,664.13 5 5912
github.com/Avalanche-io/c4/db/db.go:665.22,665.22 0 5912
github.com/Avalanche-io/c4/db/db.go:666.18,667.17 1 0
github.com/Avalanche-io/c4/db/db.go:671.5,671.15 1 2
github.com/Avalanche-io/c4/db/db.go:674.3,674.34 1 1003
github.com/Avalanche-io/c4/db/db.go:674.34,675.43 1 1001
github.com/Avalanche-io/c4/db/db.go:675.43,678.89 2 1001
github.com/Avalanche-io/c4/db/db.go:678.89,684.13 5 5917
github.com/Avalanche-io/c4/db/db.go:685.22,685.22 0 5917
github.com/Avalanche-io/c4/db/db.go:686.18,687.17 1 0
github.com/Avalanche-io/c4/db/db.go:691.5,691.15 1 1001
github.com/Avalanche-io/c4/db/db.go:696.2,696.12 1 1003
github.com/Avalanche-io/c4/db/db.go:699.64,701.23 2 2
github.com/Avalanche-io/c4/db/db.go:701.23,702.44 1 1
github.com/Avalanche-io/c4/db/db.go:702.44,706.53 3 1
github.com/Avalanche-io/c4/db/db.go:706.53,708.19 2 5907
github.com/Avalanche-io/c4/db/db.go:708.19,710.6 1 0
github.com/Avalanche-io/c4/db/db.go:711.5,711.12 1 5907
github.com/Avalanche-io/c4/db/db.go:713.4,713.14 1 1
github.com/Avalanche-io/c4/db/db.go:717.2,717.33 1 2
github.com/Avalanche-io/c4/db/db.go:717.33,718.47 1 1
github.com/Avalanche-io/c4/db/db.go:718.47,723.88 3 1
github.com/Avalanche-io/c4/db/db.go:723.88,725.19 2 5
github.com/Avalanche-io/c4/db/db.go:725.19,727.6 1 0
github.com/Avalanche-io/c4/db/db.go:728.5,728.12 1 5
github.com/Avalanche-io/c4/db/db.go:731.4,731.14 1 1
github.com/Avalanche-io/c4/db/db.go:733.3,733.17 1 1
github.com/Avalanche-io/c4/db/db.go:733.17,735.4 1 0
github.com/Avalanche-io/c4/db/db.go:739.2,739.19 1 2
github.com/Avalanche-io/c4/db/db.go:742.44,744.16 2 1
github.com/Avalanche-io/c4/db/db.go:744.16,746.3 1 0
github.com/Avalanche-io/c4/db/db.go:747.2,747.56 1 1
github.com/Avalanche-io/c4/db/db.go:747.56,748.47 1 1
github.com/Avalanche-io/c4/db/db.go:748.47,751.4 2 1
github.com/Avalanche-io/c4/db/db.go:753.2,754.16 2 0
github.com/Avalanche-io/c4/db/db.go:754.16,756.3 1 0
github.com/Avalanche-io/c4/db/db.go:758.2,760.46 2 0
github.com/Avalanche-io/c4/db/db.go:760.46,763.17 3 0
github.com/Avalanche-io/c4/db/db.go:763.17,765.4 1 0
github.com/Avalanche-io/c4/db/db.go:766.3,767.37 2 0
github.com/Avalanche-io/c4/db/db.go:771.64,774.44 3 1
github.com/Avalanche-io/c4/db/db.go:774.44,777.18 3 1
github.com/Avalanche-io/c4/db/db.go:777.18,779.4 1 0
github.com/Avalanche-io/c4/db/db.go:780.3,780.22 1 1
github.com/Avalanche-io/c4/db/db.go:780.22,783.24 3 0
github.com/Avalanche-io/c4/db/db.go:783.24,785.5 1 0
github.com/Avalanche-io/c4/db/db.go:786.4,786.14 1 0
github.com/Avalanche-io/c4/db/db.go:788.3,790.13 3 1
github.com/Avalanche-io/c4/db/db.go:792.2,792.19 1 1
github.com/Avalanche-io/c4/db/db.go:792.19,794.17 2 0
github.com/Avalanche-io/c4/db/db.go:794.17,796.4 1 0
github.com/Avalanche-io/c4/db/db.go:797.3,798.33 2 0
github.com/Avalanche-io/c4/db/db.go:800.2,800.18 1 1
github.com/Avalanche-io/c4/db/db.go:803.48,804.46 1 1
github.com/Avalanche-io/c4/db/db.go:804.46,807.3 2 1
github.com/Avalanche-io/c4/db/db.go:810.42,820.12 6 1
github.com/Avalanche-io/c4/db/db.go:820.12,821.32 1 1
github.com/Avalanche-io/c4/db/db.go:821.32,822.44 1 11
github.com/Avalanche-io/c4/db/db.go:822.44,825.26 3 10
github.com/Avalanche-io/c4/db/db.go:825.26,828.20 3 100000
github.com/Avalanche-io/c4/db/db.go:828.20,830.7 1 0
github.com/Avalanche-io/c4/db/db.go:831.6,833.20 3 100000
github.com/Avalanche-io/c4/db/db.go:833.20,835.7 1 0
github.com/Avalanche-io/c4/db/db.go:837.6,837.21 1 100000
github.com/Avalanche-io/c4/db/db.go:837.21,842.21 3 0
github.com/Avalanche-io/c4/db/db.go:842.21,844.8 1 0
github.com/Avalanche-io/c4/db/db.go:846.6,848.20 2 100000
github.com/Avalanche-io/c4/db/db.go:848.20,849.14 1 0
github.com/Avalanche-io/c4/db/db.go:850.27,850.27 0 0
github.com/Avalanche-io/c4/db/db.go:851.15,851.15 0 0
github.com/Avalanche-io/c4/db/db.go:855.5,855.15 1 10
github.com/Avalanche-io/c4/db/db.go:860.2,862.11 2 1
github.com/Avalanche-io/c4/db/db.go:862.12,863.3 0 0
github.com/Avalanche-io/c4/db/db.go:865.2,867.8 2 1
github.com/Avalanche-io/c4/db/db.go:874.85,880.29 3 0
github.com/Avalanche-io/c4/db/db.go:880.29,883.50 1 0
github.com/Avalanche-io/c4/db/db.go:883.50,885.4 1 0
github.com/Avalanche-io/c4/db/db.go:888.3,892.53 3 0
github.com/Avalanche-io/c4/db/db.go:892.53,894.39 1 0
github.com/Avalanche-io/c4/db/db.go:894.39,896.5 1 0
github.com/Avalanche-io/c4/db/db.go:899.3,899.48 1 0
github.com/Avalanche-io/c4/db/db.go:903.2,906.34 2 0
github.com/Avalanche-io/c4/db/db.go:906.34,909.17 3 0
github.com/Avalanche-io/c4/db/db.go:909.17,911.4 1 0
github.com/Avalanche-io/c4/db/db.go:912.3,913.17 2 0
github.com/Avalanche-io/c4/db/db.go:913.17,914.12 1 0
github.com/Avalanche-io/c4/db/db.go:916.3,918.19 3 0
github.com/Avalanche-io/c4/db/db.go:922.2,922.16 1 0
github.com/Avalanche-io/c4/db/db.go:935.54,937.2 1 0
github.com/Avalanche-io/c4/db/db.go:946.52,948.2 1 0
github.com/Avalanche-io/c4/db/db.go:970.53,972.2 1 0
github.com/Avalanche-io/c4/db/db.go:974.29,976.31 2 999
github.com/Avalanche-io/c4/db/db.go:976.31,978.13 2 499500
github.com/Avalanche-io/c4/db/db.go:978.13,980.4 1 498501
github.com/Avalanche-io/c4/db/db.go:982.2,982.8 1 999
