mode: set
github.com/bgyss/c4/id.go:38.36,40.2 1 1
github.com/bgyss/c4/id.go:44.38,46.2 1 1
github.com/bgyss/c4/id.go:50.32,52.2 1 0
github.com/bgyss/c4/id.go:56.40,58.2 1 0
github.com/bgyss/c4/id.go:60.13,61.21 1 1
github.com/bgyss/c4/id.go:61.21,63.3 1 1
github.com/bgyss/c4/id.go:64.2,64.28 1 1
github.com/bgyss/c4/id.go:64.28,66.3 1 1
github.com/bgyss/c4/id.go:67.2,67.26 1 1
github.com/bgyss/c4/id.go:67.26,69.3 1 1
github.com/bgyss/c4/id.go:81.38,84.33 3 1
github.com/bgyss/c4/id.go:84.33,86.3 1 1
github.com/bgyss/c4/id.go:87.2,88.11 2 1
github.com/bgyss/c4/id.go:130.27,131.26 1 1
github.com/bgyss/c4/id.go:131.26,132.13 1 1
github.com/bgyss/c4/id.go:132.13,134.4 1 1
github.com/bgyss/c4/id.go:136.2,136.13 1 1
github.com/bgyss/c4/id.go:140.39,142.22 2 1
github.com/bgyss/c4/id.go:142.22,144.3 1 0
github.com/bgyss/c4/id.go:145.2,146.20 2 1
github.com/bgyss/c4/id.go:146.20,148.3 1 1
github.com/bgyss/c4/id.go:149.2,151.32 3 1
github.com/bgyss/c4/id.go:151.32,153.16 2 1
github.com/bgyss/c4/id.go:153.16,155.4 1 1
github.com/bgyss/c4/id.go:156.3,157.43 2 1
github.com/bgyss/c4/id.go:159.2,160.20 2 1
github.com/bgyss/c4/id.go:160.20,162.3 1 0
github.com/bgyss/c4/id.go:163.2,164.29 2 1
github.com/bgyss/c4/id.go:164.29,166.3 1 1
github.com/bgyss/c4/id.go:168.2,168.15 1 1
github.com/bgyss/c4/id.go:168.15,170.30 2 1
github.com/bgyss/c4/id.go:170.30,172.4 1 1
github.com/bgyss/c4/id.go:175.2,176.16 2 1
github.com/bgyss/c4/id.go:180.30,182.2 1 1
github.com/bgyss/c4/id.go:193.27,194.15 1 1
github.com/bgyss/c4/id.go:194.15,196.3 1 1
github.com/bgyss/c4/id.go:197.2,197.34 1 1
github.com/bgyss/c4/id.go:201.30,211.25 8 1
github.com/bgyss/c4/id.go:211.25,213.3 1 1
github.com/bgyss/c4/id.go:214.2,217.53 3 1
github.com/bgyss/c4/id.go:217.53,220.3 2 1
github.com/bgyss/c4/id.go:222.2,222.24 1 1
github.com/bgyss/c4/id.go:226.34,228.2 1 1
github.com/bgyss/c4/id.go:230.26,231.35 1 1
github.com/bgyss/c4/id.go:232.10,232.10 0 1
github.com/bgyss/c4/id.go:234.9,235.14 1 1
github.com/bgyss/c4/id.go:236.9,237.11 1 0
github.com/bgyss/c4/id.go:240.2,245.11 6 1
github.com/bgyss/c4/id.go:248.48,250.17 2 1
github.com/bgyss/c4/id.go:250.17,252.3 1 1
github.com/bgyss/c4/id.go:253.2,254.16 2 1
github.com/bgyss/c4/id.go:254.16,256.3 1 0
github.com/bgyss/c4/id.go:257.2,258.12 2 1
github.com/bgyss/c4/id.go:261.44,262.16 1 1
github.com/bgyss/c4/id.go:262.16,264.3 1 1
github.com/bgyss/c4/id.go:265.2,265.45 1 1
github.com/bgyss/c4/id.go:270.34,270.51 1 1
github.com/bgyss/c4/id.go:271.34,271.80 1 1
github.com/bgyss/c4/id.go:272.34,272.61 1 1
github.com/bgyss/c4/id.go:275.26,276.23 1 1
github.com/bgyss/c4/id.go:276.23,278.3 1 1
github.com/bgyss/c4/id.go:279.2,283.10 5 1
github.com/bgyss/c4/id.go:286.22,289.2 2 0
github.com/bgyss/c4/tree.go:19.27,21.42 2 1
github.com/bgyss/c4/tree.go:21.42,23.3 1 1
github.com/bgyss/c4/tree.go:24.2,27.23 3 1
github.com/bgyss/c4/tree.go:27.23,29.3 1 1
github.com/bgyss/c4/tree.go:30.2,30.19 1 1
github.com/bgyss/c4/tree.go:33.42,38.16 3 1
github.com/bgyss/c4/tree.go:38.16,40.3 1 0
github.com/bgyss/c4/tree.go:41.2,41.20 1 1
github.com/bgyss/c4/tree.go:41.20,43.3 1 0
github.com/bgyss/c4/tree.go:44.2,45.22 2 1
github.com/bgyss/c4/tree.go:45.22,47.3 1 1
github.com/bgyss/c4/tree.go:48.2,49.28 2 1
github.com/bgyss/c4/tree.go:49.28,51.3 1 0
github.com/bgyss/c4/tree.go:53.2,54.20 2 1
github.com/bgyss/c4/tree.go:54.20,56.34 2 1
github.com/bgyss/c4/tree.go:56.34,58.4 1 0
github.com/bgyss/c4/tree.go:59.3,59.37 1 1
github.com/bgyss/c4/tree.go:63.2,63.18 1 1
github.com/bgyss/c4/tree.go:67.33,71.38 3 1
github.com/bgyss/c4/tree.go:71.38,73.34 2 1
github.com/bgyss/c4/tree.go:73.34,75.17 2 1
github.com/bgyss/c4/tree.go:75.17,77.5 1 1
github.com/bgyss/c4/tree.go:77.10,79.70 2 1
github.com/bgyss/c4/tree.go:79.70,82.6 2 1
github.com/bgyss/c4/tree.go:82.11,84.6 1 1
github.com/bgyss/c4/tree.go:85.5,85.41 1 1
github.com/bgyss/c4/tree.go:89.2,90.11 2 1
github.com/bgyss/c4/tree.go:93.31,96.16 3 1
github.com/bgyss/c4/tree.go:96.16,98.3 1 0
github.com/bgyss/c4/tree.go:100.2,100.34 1 1
github.com/bgyss/c4/tree.go:100.34,103.3 2 1
github.com/bgyss/c4/tree.go:104.2,104.19 1 1
github.com/bgyss/c4/tree.go:107.28,108.27 1 1
github.com/bgyss/c4/tree.go:108.27,109.13 1 1
github.com/bgyss/c4/tree.go:109.13,111.4 1 1
github.com/bgyss/c4/tree.go:113.2,113.14 1 1
github.com/bgyss/c4/tree.go:117.30,118.16 1 1
github.com/bgyss/c4/tree.go:118.16,120.3 1 1
github.com/bgyss/c4/tree.go:121.2,121.10 1 1
github.com/bgyss/c4/tree.go:125.25,127.2 1 1
github.com/bgyss/c4/tree.go:130.28,131.16 1 1
github.com/bgyss/c4/tree.go:131.16,133.3 1 1
github.com/bgyss/c4/tree.go:134.2,135.11 2 1
github.com/bgyss/c4/tree.go:138.38,144.37 5 1
github.com/bgyss/c4/tree.go:144.37,146.3 1 1
github.com/bgyss/c4/tree.go:147.2,150.17 3 1
github.com/bgyss/c4/tree.go:150.17,156.3 5 1
github.com/bgyss/c4/tree.go:158.2,158.13 1 1
github.com/bgyss/c4/tree.go:163.30,173.15 3 1
github.com/bgyss/c4/tree.go:173.15,175.3 1 0
github.com/bgyss/c4/tree.go:175.8,175.37 1 1
github.com/bgyss/c4/tree.go:175.37,177.3 1 0
github.com/bgyss/c4/tree.go:177.8,179.3 1 1
github.com/bgyss/c4/tree.go:180.2,182.28 2 1
github.com/bgyss/c4/tree.go:182.28,184.3 1 0
github.com/bgyss/c4/tree.go:185.2,185.28 1 1
github.com/bgyss/c4/tree.go:185.28,187.3 1 1
github.com/bgyss/c4/tree.go:190.2,190.6 1 1
github.com/bgyss/c4/tree.go:190.6,194.17 3 1
github.com/bgyss/c4/tree.go:194.17,196.4 1 1
github.com/bgyss/c4/tree.go:197.3,197.16 1 1
github.com/bgyss/c4/tree.go:197.16,199.12 2 1
github.com/bgyss/c4/tree.go:201.3,201.16 1 1
github.com/bgyss/c4/tree.go:201.16,203.12 2 1
github.com/bgyss/c4/tree.go:206.3,206.16 1 0
github.com/bgyss/c4/tree.go:212.26,215.31 2 1
github.com/bgyss/c4/tree.go:215.31,217.3 1 1
github.com/bgyss/c4/tree.go:218.2,218.14 1 1
github.com/bgyss/c4/manifest/naturalsort/naturalsort.go:7.33,7.50 1 1
github.com/bgyss/c4/manifest/naturalsort/naturalsort.go:8.33,8.60 1 1
github.com/bgyss/c4/manifest/naturalsort/naturalsort.go:17.38,22.38 3 1
github.com/bgyss/c4/manifest/naturalsort/naturalsort.go:22.38,28.20 1 1
github.com/bgyss/c4/manifest/naturalsort/naturalsort.go:28.20,30.22 1 1
github.com/bgyss/c4/manifest/naturalsort/naturalsort.go:30.22,33.28 1 1
github.com/bgyss/c4/manifest/naturalsort/naturalsort.go:33.28,36.14 3 1
github.com/bgyss/c4/manifest/naturalsort/naturalsort.go:40.5,40.30 1 1
github.com/bgyss/c4/manifest/naturalsort/naturalsort.go:44.4,44.16 1 0
github.com/bgyss/c4/manifest/naturalsort/naturalsort.go:45.9,45.28 1 1
github.com/bgyss/c4/manifest/naturalsort/naturalsort.go:45.28,47.4 1 1
github.com/bgyss/c4/manifest/naturalsort/naturalsort.go:53.3,53.20 1 1
github.com/bgyss/c4/manifest/naturalsort/naturalsort.go:53.20,55.22 1 1
github.com/bgyss/c4/manifest/naturalsort/naturalsort.go:55.22,57.28 1 1
github.com/bgyss/c4/manifest/naturalsort/naturalsort.go:57.28,60.14 3 1
github.com/bgyss/c4/manifest/naturalsort/naturalsort.go:63.5,63.30 1 0
github.com/bgyss/c4/manifest/naturalsort/naturalsort.go:65.4,65.16 1 0
github.com/bgyss/c4/manifest/naturalsort/naturalsort.go:66.9,66.28 1 1
github.com/bgyss/c4/manifest/naturalsort/naturalsort.go:66.28,68.4 1 0
github.com/bgyss/c4/manifest/naturalsort/naturalsort.go:74.3,74.46 1 1
github.com/bgyss/c4/manifest/naturalsort/naturalsort.go:74.47,75.4 0 1
github.com/bgyss/c4/manifest/naturalsort/naturalsort.go:78.3,78.48 1 1
github.com/bgyss/c4/manifest/naturalsort/naturalsort.go:78.49,79.4 0 1
github.com/bgyss/c4/manifest/naturalsort/naturalsort.go:82.3,85.66 2 1
github.com/bgyss/c4/manifest/naturalsort/naturalsort.go:85.67,86.4 0 1
github.com/bgyss/c4/manifest/naturalsort/naturalsort.go:87.3,87.69 1 1
github.com/bgyss/c4/manifest/naturalsort/naturalsort.go:87.70,88.4 0 1
github.com/bgyss/c4/manifest/naturalsort/naturalsort.go:91.3,91.37 1 1
github.com/bgyss/c4/manifest/naturalsort/naturalsort.go:91.37,93.4 1 1
github.com/bgyss/c4/manifest/naturalsort/naturalsort.go:96.3,96.32 1 1
github.com/bgyss/c4/manifest/naturalsort/naturalsort.go:96.32,98.4 1 1
github.com/bgyss/c4/manifest/naturalsort/naturalsort.go:103.3,103.13 1 1
github.com/bgyss/c4/manifest/naturalsort/naturalsort.go:103.13,105.4 1 1
github.com/bgyss/c4/manifest/naturalsort/naturalsort.go:111.2,111.31 1 1
github.com/bgyss/c4/util/charset.go:39.13,43.28 4 1
github.com/bgyss/c4/util/charset.go:43.28,46.3 2 1
github.com/bgyss/c4/util/charset.go:50.43,51.26 1 1
github.com/bgyss/c4/util/charset.go:51.26,53.3 1 1
github.com/bgyss/c4/util/charset.go:54.2,56.22 3 1
github.com/bgyss/c4/util/charset.go:56.22,58.17 2 1
github.com/bgyss/c4/util/charset.go:58.17,59.12 1 1
github.com/bgyss/c4/util/charset.go:61.3,61.22 1 1
github.com/bgyss/c4/util/charset.go:61.22,63.4 1 1
github.com/bgyss/c4/util/charset.go:65.2,65.13 1 1
github.com/bgyss/c4/util/charset.go:72.60,73.24 1 1
github.com/bgyss/c4/util/charset.go:73.24,75.3 1 1
github.com/bgyss/c4/util/charset.go:76.2,80.31 5 1
github.com/bgyss/c4/util/charset.go:80.31,83.3 2 1
github.com/bgyss/c4/util/charset.go:84.2,85.19 2 1
github.com/bgyss/c4/util/charset.go:85.19,88.26 3 1
github.com/bgyss/c4/util/charset.go:88.26,89.19 1 1
github.com/bgyss/c4/util/charset.go:89.19,91.5 1 1
github.com/bgyss/c4/util/charset.go:92.4,93.12 2 1
github.com/bgyss/c4/util/charset.go:95.3,95.40 1 1
github.com/bgyss/c4/util/charset.go:95.40,97.4 1 1
github.com/bgyss/c4/util/charset.go:98.3,98.13 1 1
github.com/bgyss/c4/util/charset.go:100.2,100.17 1 1
github.com/bgyss/c4/util/charset.go:100.17,102.3 1 1
github.com/bgyss/c4/util/charset.go:103.2,103.15 1 1
github.com/bgyss/c4/util/charset.go:111.42,112.15 1 1
github.com/bgyss/c4/util/charset.go:112.15,114.3 1 1
github.com/bgyss/c4/util/charset.go:115.2,118.26 3 1
github.com/bgyss/c4/util/charset.go:118.26,120.3 1 1
github.com/bgyss/c4/util/charset.go:121.2,122.14 2 1
github.com/bgyss/c4/util/charset.go:128.42,129.15 1 1
github.com/bgyss/c4/util/charset.go:129.15,131.3 1 1
github.com/bgyss/c4/util/charset.go:132.2,135.26 3 1
github.com/bgyss/c4/util/charset.go:135.26,137.3 1 1
github.com/bgyss/c4/util/charset.go:138.2,139.14 2 1
github.com/bgyss/c4/cmd/c4/flags.go:23.13,28.22 2 1
github.com/bgyss/c4/cmd/c4/flags.go:28.22,31.3 2 0
github.com/bgyss/c4/cmd/c4/flags.go:32.2,40.162 7 1
github.com/bgyss/c4/cmd/c4/id.go:14.35,17.16 3 1
github.com/bgyss/c4/cmd/c4/id.go:17.16,18.13 1 0
github.com/bgyss/c4/cmd/c4/id.go:20.2,20.15 1 1
github.com/bgyss/c4/cmd/c4/id.go:23.38,27.16 3 1
github.com/bgyss/c4/cmd/c4/id.go:27.16,30.3 2 0
github.com/bgyss/c4/cmd/c4/id.go:31.2,33.8 3 1
github.com/bgyss/c4/cmd/c4/id.go:36.22,40.2 3 1
github.com/bgyss/c4/cmd/c4/id.go:42.25,43.42 1 1
github.com/bgyss/c4/cmd/c4/id.go:43.42,45.3 1 0
github.com/bgyss/c4/cmd/c4/id.go:45.8,47.3 1 1
github.com/bgyss/c4/cmd/c4/main.go:15.29,17.2 1 1
github.com/bgyss/c4/cmd/c4/main.go:19.13,22.18 3 0
github.com/bgyss/c4/cmd/c4/main.go:22.18,25.3 2 0
github.com/bgyss/c4/cmd/c4/main.go:27.2,27.25 1 0
github.com/bgyss/c4/cmd/c4/main.go:27.25,29.3 1 0
github.com/bgyss/c4/cmd/c4/main.go:29.8,29.82 1 0
github.com/bgyss/c4/cmd/c4/main.go:29.82,31.3 1 0
github.com/bgyss/c4/cmd/c4/main.go:31.8,33.3 1 0
github.com/bgyss/c4/cmd/c4/main.go:34.2,34.12 1 0
github.com/bgyss/c4/cmd/c4/main.go:37.22,39.44 2 1
github.com/bgyss/c4/cmd/c4/main.go:39.44,42.3 2 1
github.com/bgyss/c4/cmd/c4/main.go:42.8,44.3 1 0
github.com/bgyss/c4/cmd/c4/main.go:47.37,49.16 2 1
github.com/bgyss/c4/cmd/c4/main.go:49.16,52.3 2 0
github.com/bgyss/c4/cmd/c4/main.go:53.2,54.13 2 1
github.com/bgyss/c4/cmd/c4/main.go:57.41,58.33 1 1
github.com/bgyss/c4/cmd/c4/main.go:58.33,60.17 2 1
github.com/bgyss/c4/cmd/c4/main.go:60.17,63.4 2 0
github.com/bgyss/c4/cmd/c4/main.go:64.3,64.16 1 1
github.com/bgyss/c4/cmd/c4/main.go:64.16,66.4 1 0
github.com/bgyss/c4/cmd/c4/main.go:67.3,67.34 1 1
github.com/bgyss/c4/cmd/c4/output.go:8.98,9.33 1 1
github.com/bgyss/c4/cmd/c4/output.go:9.33,12.3 2 1
github.com/bgyss/c4/cmd/c4/output.go:12.8,15.3 2 1
github.com/bgyss/c4/cmd/c4/output.go:16.2,17.29 2 1
github.com/bgyss/c4/cmd/c4/output.go:17.29,19.3 1 1
github.com/bgyss/c4/cmd/c4/output.go:19.8,21.3 1 1
github.com/bgyss/c4/cmd/c4/output.go:22.2,22.27 1 1
github.com/bgyss/c4/cmd/c4/output.go:22.27,24.3 1 1
github.com/bgyss/c4/cmd/c4/output.go:24.8,26.21 2 1
github.com/bgyss/c4/cmd/c4/output.go:26.21,28.4 1 1
github.com/bgyss/c4/cmd/c4/output.go:29.3,29.44 1 1
github.com/bgyss/c4/cmd/c4/output.go:31.2,31.45 1 1
github.com/bgyss/c4/cmd/c4/output.go:34.55,39.20 4 1
github.com/bgyss/c4/cmd/c4/output.go:39.20,41.3 1 1
github.com/bgyss/c4/cmd/c4/output.go:42.2,42.18 1 1
github.com/bgyss/c4/cmd/c4/output.go:42.18,44.3 1 1
github.com/bgyss/c4/cmd/c4/output.go:44.8,45.34 1 1
github.com/bgyss/c4/cmd/c4/output.go:45.34,47.4 1 0
github.com/bgyss/c4/cmd/c4/output.go:47.9,49.4 1 1
github.com/bgyss/c4/cmd/c4/walker.go:11.57,14.16 3 1
github.com/bgyss/c4/cmd/c4/walker.go:14.16,17.3 2 0
github.com/bgyss/c4/cmd/c4/walker.go:19.2,25.13 6 1
github.com/bgyss/c4/cmd/c4/walker.go:28.83,30.16 2 1
github.com/bgyss/c4/cmd/c4/walker.go:30.16,33.3 2 0
github.com/bgyss/c4/cmd/c4/walker.go:35.2,36.28 2 1
github.com/bgyss/c4/cmd/c4/walker.go:36.28,38.3 1 0
github.com/bgyss/c4/cmd/c4/walker.go:38.8,38.48 1 1
github.com/bgyss/c4/cmd/c4/walker.go:38.48,42.3 3 1
github.com/bgyss/c4/cmd/c4/walker.go:42.8,42.33 1 1
github.com/bgyss/c4/cmd/c4/walker.go:42.33,44.17 2 1
github.com/bgyss/c4/cmd/c4/walker.go:44.17,48.4 3 0
github.com/bgyss/c4/cmd/c4/walker.go:48.9,53.4 4 1
github.com/bgyss/c4/cmd/c4/walker.go:54.8,55.29 1 1
github.com/bgyss/c4/cmd/c4/walker.go:55.29,57.18 2 1
github.com/bgyss/c4/cmd/c4/walker.go:57.18,60.5 2 0
github.com/bgyss/c4/cmd/c4/walker.go:61.4,62.31 2 1
github.com/bgyss/c4/cmd/c4/walker.go:62.31,65.5 2 1
github.com/bgyss/c4/cmd/c4/walker.go:66.4,66.22 1 1
github.com/bgyss/c4/cmd/c4/walker.go:67.9,69.4 1 1
github.com/bgyss/c4/cmd/c4/walker.go:71.2,72.34 2 1
github.com/bgyss/c4/cmd/c4/walker.go:72.34,74.3 1 1
github.com/bgyss/c4/cmd/c4/walker.go:75.2,75.8 1 1
github.com/bgyss/c4/id/common_ids.go:17.13,22.21 5 1
github.com/bgyss/c4/id/common_ids.go:22.21,24.3 1 1
github.com/bgyss/c4/id/common_ids.go:25.2,25.30 1 1
github.com/bgyss/c4/id/digest.go:22.33,23.17 1 1
github.com/bgyss/c4/id/digest.go:23.17,25.3 1 0
github.com/bgyss/c4/id/digest.go:27.2,27.18 1 1
github.com/bgyss/c4/id/digest.go:27.18,29.3 1 1
github.com/bgyss/c4/id/digest.go:30.2,33.20 3 1
github.com/bgyss/c4/id/digest.go:40.38,41.29 1 1
github.com/bgyss/c4/id/digest.go:42.10,42.10 0 1
github.com/bgyss/c4/id/digest.go:44.9,45.14 1 1
github.com/bgyss/c4/id/digest.go:46.9,47.11 1 0
github.com/bgyss/c4/id/digest.go:50.2,53.30 4 1
github.com/bgyss/c4/id/digest.go:58.26,62.2 3 1
github.com/bgyss/c4/id/digest.go:67.51,68.17 1 0
github.com/bgyss/c4/id/digest.go:68.17,70.3 1 0
github.com/bgyss/c4/id/digest.go:71.2,72.16 2 0
github.com/bgyss/c4/id/digest.go:80.52,81.17 1 0
github.com/bgyss/c4/id/digest.go:81.17,83.3 1 0
github.com/bgyss/c4/id/digest.go:84.2,85.16 2 0
github.com/bgyss/c4/id/digest_slice.go:22.45,24.14 2 1
github.com/bgyss/c4/id/digest_slice.go:24.14,26.3 1 0
github.com/bgyss/c4/id/digest_slice.go:27.2,30.40 2 1
github.com/bgyss/c4/id/digest_slice.go:30.40,32.3 1 0
github.com/bgyss/c4/id/digest_slice.go:33.2,38.10 5 1
github.com/bgyss/c4/id/digest_slice.go:45.40,47.17 2 1
github.com/bgyss/c4/id/digest_slice.go:47.17,49.3 1 0
github.com/bgyss/c4/id/digest_slice.go:54.2,57.20 3 1
github.com/bgyss/c4/id/digest_slice.go:57.20,63.39 4 1
github.com/bgyss/c4/id/digest_slice.go:63.39,65.4 1 1
github.com/bgyss/c4/id/digest_slice.go:67.3,67.15 1 1
github.com/bgyss/c4/id/digest_slice.go:67.15,69.4 1 1
github.com/bgyss/c4/id/digest_slice.go:72.2,72.16 1 1
github.com/bgyss/c4/id/digest_slice.go:77.44,79.46 2 1
github.com/bgyss/c4/id/digest_slice.go:79.46,79.84 1 1
github.com/bgyss/c4/id/digest_slice.go:94.52,96.24 2 1
github.com/bgyss/c4/id/digest_slice.go:96.24,98.3 1 0
github.com/bgyss/c4/id/digest_slice.go:99.2,99.27 1 1
github.com/bgyss/c4/id/digest_slice.go:99.27,101.3 1 1
github.com/bgyss/c4/id/digest_slice.go:102.2,102.25 1 1
github.com/bgyss/c4/id/digest_slice.go:108.52,109.20 1 1
github.com/bgyss/c4/id/digest_slice.go:109.20,111.3 1 0
github.com/bgyss/c4/id/digest_slice.go:112.2,112.34 1 1
github.com/bgyss/c4/id/digest_slice.go:112.34,116.3 3 1
github.com/bgyss/c4/id/digest_slice.go:117.2,117.20 1 1
github.com/bgyss/c4/id/encoder.go:16.28,20.2 1 1
github.com/bgyss/c4/id/encoder.go:23.48,25.2 1 1
github.com/bgyss/c4/id/encoder.go:28.28,33.2 4 1
github.com/bgyss/c4/id/encoder.go:36.35,38.2 1 1
github.com/bgyss/c4/id/encoder.go:41.27,43.2 1 1
github.com/bgyss/c4/id/encoding.go:8.56,9.15 1 0
github.com/bgyss/c4/id/encoding.go:9.15,11.3 1 0
github.com/bgyss/c4/id/encoding.go:12.2,12.33 1 0
github.com/bgyss/c4/id/encoding.go:15.50,17.14 2 0
github.com/bgyss/c4/id/encoding.go:17.14,19.3 1 0
github.com/bgyss/c4/id/encoding.go:20.2,21.12 2 0
github.com/bgyss/c4/id/encoding.go:24.54,25.15 1 0
github.com/bgyss/c4/id/encoding.go:25.15,27.3 1 0
github.com/bgyss/c4/id/encoding.go:28.2,28.33 1 0
github.com/bgyss/c4/id/encoding.go:31.48,33.16 2 0
github.com/bgyss/c4/id/encoding.go:33.16,35.3 1 0
github.com/bgyss/c4/id/encoding.go:36.2,37.12 2 0
github.com/bgyss/c4/id/encoding.go:40.57,41.38 1 1
github.com/bgyss/c4/id/encoding.go:41.38,43.3 1 0
github.com/bgyss/c4/id/encoding.go:45.2,45.46 1 1
github.com/bgyss/c4/id/encoding.go:45.46,47.3 1 0
github.com/bgyss/c4/id/encoding.go:49.2,49.20 1 1
github.com/bgyss/c4/id/encoding.go:52.51,56.21 1 1
github.com/bgyss/c4/id/encoding.go:56.21,58.3 1 0
github.com/bgyss/c4/id/encoding.go:59.2,60.22 2 1
github.com/bgyss/c4/id/encoding.go:60.22,63.3 2 1
github.com/bgyss/c4/id/encoding.go:64.2,66.49 2 1
github.com/bgyss/c4/id/encoding.go:66.49,68.3 1 0
github.com/bgyss/c4/id/encoding.go:72.2,77.12 5 1
github.com/bgyss/c4/id/encoding.go:80.55,82.2 1 0
github.com/bgyss/c4/id/errors.go:9.36,11.2 1 1
github.com/bgyss/c4/id/errors.go:15.38,17.2 1 1
github.com/bgyss/c4/id/errors.go:21.32,23.2 1 0
github.com/bgyss/c4/id/errors.go:27.40,29.2 1 0
github.com/bgyss/c4/id/id.go:20.13,21.32 1 1
github.com/bgyss/c4/id/id.go:21.32,23.3 1 1
github.com/bgyss/c4/id/id.go:24.2,24.36 1 1
github.com/bgyss/c4/id/id.go:24.36,26.3 1 1
github.com/bgyss/c4/id/id.go:33.37,35.2 1 1
github.com/bgyss/c4/id/id.go:38.35,40.2 1 1
github.com/bgyss/c4/id/id.go:43.31,45.2 1 1
github.com/bgyss/c4/id/id.go:56.29,57.14 1 1
github.com/bgyss/c4/id/id.go:57.14,59.3 1 1
github.com/bgyss/c4/id/id.go:60.2,62.23 3 1
github.com/bgyss/c4/id/id.go:68.44,69.20 1 1
github.com/bgyss/c4/id/id.go:69.20,71.3 1 1
github.com/bgyss/c4/id/id.go:72.2,74.32 3 1
github.com/bgyss/c4/id/id.go:74.32,76.16 2 1
github.com/bgyss/c4/id/id.go:76.16,78.4 1 1
github.com/bgyss/c4/id/id.go:79.3,80.43 2 1
github.com/bgyss/c4/id/id.go:82.2,83.17 2 1
github.com/bgyss/c4/id/id.go:88.30,96.30 8 1
github.com/bgyss/c4/id/id.go:96.30,99.3 2 1
github.com/bgyss/c4/id/id.go:101.2,105.16 4 1
github.com/bgyss/c4/id/id.go:109.36,111.2 1 1
github.com/bgyss/c4/id/identify.go:8.34,11.33 3 1
github.com/bgyss/c4/id/identify.go:11.33,13.3 1 1
github.com/bgyss/c4/id/identify.go:14.2,14.15 1 1
github.com/bgyss/c4/id/marshal.go:6.43,8.2 1 0
github.com/bgyss/c4/id/marshal.go:11.43,13.2 1 0
github.com/bgyss/c4/id/marshal.go:16.45,18.35 2 1
github.com/bgyss/c4/id/marshal.go:18.35,20.3 1 1
github.com/bgyss/c4/id/marshal.go:21.2,21.45 1 1
github.com/bgyss/c4/id/marshal.go:25.48,30.2 3 1
github.com/bgyss/c4/id/slice.go:8.32,9.15 1 1
github.com/bgyss/c4/id/slice.go:9.15,11.3 1 0
github.com/bgyss/c4/id/slice.go:12.2,15.41 2 1
github.com/bgyss/c4/id/slice.go:15.41,17.3 1 0
github.com/bgyss/c4/id/slice.go:18.2,21.14 3 1
github.com/bgyss/c4/id/slice.go:25.33,27.24 2 1
github.com/bgyss/c4/id/slice.go:27.24,29.3 1 1
github.com/bgyss/c4/id/slice.go:30.2,30.15 1 1
github.com/bgyss/c4/id/slice.go:35.34,36.15 1 1
github.com/bgyss/c4/id/slice.go:36.15,38.3 1 0
github.com/bgyss/c4/id/slice.go:39.2,39.46 1 1
github.com/bgyss/c4/id/slice.go:39.46,39.89 1 1
github.com/bgyss/c4/id/slice.go:42.26,43.14 1 1
github.com/bgyss/c4/id/slice.go:43.14,45.3 1 1
github.com/bgyss/c4/id/slice.go:46.2,46.11 1 1
github.com/bgyss/c4/id/slice.go:54.25,59.23 2 0
github.com/bgyss/c4/id/slice.go:59.23,60.16 1 0
github.com/bgyss/c4/id/slice.go:60.16,62.4 1 0
github.com/bgyss/c4/id/slice.go:63.3,63.41 1 0
github.com/bgyss/c4/id/slice.go:65.2,67.15 2 0
github.com/bgyss/c4/id/tree.go:25.35,28.27 3 1
github.com/bgyss/c4/id/tree.go:28.27,30.3 1 1
github.com/bgyss/c4/id/tree.go:31.2,34.3 1 1
github.com/bgyss/c4/id/tree.go:37.30,39.2 1 0
github.com/bgyss/c4/id/tree.go:41.32,43.2 1 0
github.com/bgyss/c4/id/tree.go:45.31,47.2 1 1
github.com/bgyss/c4/id/tree.go:49.36,52.25 3 1
github.com/bgyss/c4/id/tree.go:52.25,55.3 2 1
github.com/bgyss/c4/id/tree.go:56.2,56.16 1 1
github.com/bgyss/c4/id/tree.go:60.42,63.2 2 0
github.com/bgyss/c4/id/tree.go:66.33,68.40 2 1
github.com/bgyss/c4/id/tree.go:68.40,70.34 2 1
github.com/bgyss/c4/id/tree.go:70.34,72.17 2 1
github.com/bgyss/c4/id/tree.go:72.17,74.5 1 1
github.com/bgyss/c4/id/tree.go:74.10,78.74 2 1
github.com/bgyss/c4/id/tree.go:78.74,81.6 2 1
github.com/bgyss/c4/id/tree.go:81.11,84.6 1 1
github.com/bgyss/c4/id/tree.go:85.5,85.43 1 1
github.com/bgyss/c4/id/tree.go:89.2,89.26 1 1
github.com/bgyss/c4/id/tree.go:92.32,94.29 2 0
github.com/bgyss/c4/id/tree.go:94.29,95.37 1 0
github.com/bgyss/c4/id/tree.go:95.37,97.4 1 0
github.com/bgyss/c4/id/tree.go:99.2,99.12 1 0
github.com/bgyss/c4/id/tree.go:103.29,105.2 1 0
github.com/bgyss/c4/id/tree.go:109.27,111.2 1 0
github.com/bgyss/c4/id/tree.go:114.28,117.2 2 1
github.com/bgyss/c4/id/tree.go:119.25,121.2 1 1
github.com/bgyss/c4/id/tree.go:123.32,125.2 1 0
github.com/bgyss/c4/id/tree.go:165.36,170.2 1 0
github.com/bgyss/c4/id/tree.go:172.29,173.13 1 0
github.com/bgyss/c4/id/tree.go:173.13,178.3 1 0
github.com/bgyss/c4/id/tree.go:179.2,182.3 1 0
github.com/bgyss/c4/id/tree.go:185.30,188.2 2 0
github.com/bgyss/c4/id/tree.go:190.29,192.34 2 0
github.com/bgyss/c4/id/tree.go:192.34,194.3 1 0
github.com/bgyss/c4/id/tree.go:195.2,196.40 2 0
github.com/bgyss/c4/id/tree.go:199.30,201.34 2 0
github.com/bgyss/c4/id/tree.go:201.34,203.3 1 0
github.com/bgyss/c4/id/tree.go:204.2,205.40 2 0
github.com/bgyss/c4/id/tree_utils.go:6.51,9.31 3 1
github.com/bgyss/c4/id/tree_utils.go:9.31,12.3 2 1
github.com/bgyss/c4/id/tree_utils.go:13.2,13.29 1 1
github.com/bgyss/c4/id/tree_utils.go:23.64,28.32 4 1
github.com/bgyss/c4/id/tree_utils.go:28.32,35.3 3 1
github.com/bgyss/c4/id/tree_utils.go:37.2,42.15 2 1
github.com/bgyss/c4/id/tree_utils.go:47.50,58.27 5 1
github.com/bgyss/c4/id/tree_utils.go:58.27,66.3 3 1
github.com/bgyss/c4/id/tree_utils.go:67.2,67.21 1 1
github.com/bgyss/c4/id/tree_utils.go:72.30,83.16 5 1
github.com/bgyss/c4/id/tree_utils.go:83.16,85.3 1 0
github.com/bgyss/c4/id/tree_utils.go:86.2,88.16 3 1
github.com/bgyss/c4/id/tree_utils.go:88.16,90.3 1 1
github.com/bgyss/c4/id/tree_utils.go:94.2,94.6 1 1
github.com/bgyss/c4/id/tree_utils.go:94.6,97.20 3 1
github.com/bgyss/c4/id/tree_utils.go:97.20,98.30 1 0
github.com/bgyss/c4/id/tree_utils.go:101.3,101.16 1 1
github.com/bgyss/c4/id/tree_utils.go:101.16,103.4 1 1
github.com/bgyss/c4/id/tree_utils.go:103.9,103.23 1 1
github.com/bgyss/c4/id/tree_utils.go:103.23,105.4 1 1
github.com/bgyss/c4/id/tree_utils.go:105.9,107.4 1 1
github.com/bgyss/c4/id/tree_utils.go:113.26,116.31 2 1
github.com/bgyss/c4/id/tree_utils.go:116.31,118.3 1 1
github.com/bgyss/c4/id/tree_utils.go:119.2,119.14 1 1
github.com/bgyss/c4/id/tree_utils.go:125.22,126.12 1 1
github.com/bgyss/c4/id/tree_utils.go:126.12,128.3 1 0
github.com/bgyss/c4/id/tree_utils.go:130.2,130.11 1 1
github.com/bgyss/c4/id/tree_utils.go:130.11,132.3 1 0
github.com/bgyss/c4/id/tree_utils.go:133.2,133.33 1 1
github.com/bgyss/c4/id/tree_utils.go:155.34,156.16 1 1
github.com/bgyss/c4/id/tree_utils.go:156.16,159.3 2 0
github.com/bgyss/c4/id/tree_utils.go:160.2,160.16 1 1
github.com/bgyss/c4/id/tree_utils.go:160.16,163.3 2 1
github.com/bgyss/c4/id/tree_utils.go:164.2,164.15 1 1
github.com/bgyss/c4/id/tree_utils.go:164.15,167.3 2 1
github.com/bgyss/c4/id/tree_utils.go:168.2,168.28 1 1
github.com/bgyss/c4/manifest/db.go:14.50,16.2 1 1
github.com/bgyss/c4/manifest/filemode.go:9.55,12.21 2 1
github.com/bgyss/c4/manifest/filemode.go:12.21,14.3 1 0
github.com/bgyss/c4/manifest/filemode.go:15.2,17.14 3 1
github.com/bgyss/c4/manifest/filemode.go:18.11,18.11 0 1
github.com/bgyss/c4/manifest/filemode.go:19.11,24.45 1 1
github.com/bgyss/c4/manifest/filemode.go:24.45,26.4 1 1
github.com/bgyss/c4/manifest/filemode.go:26.9,28.4 1 1
github.com/bgyss/c4/manifest/filemode.go:29.11,31.24 1 0
github.com/bgyss/c4/manifest/filemode.go:32.11,34.24 1 0
github.com/bgyss/c4/manifest/filemode.go:35.11,37.25 1 1
github.com/bgyss/c4/manifest/filemode.go:38.11,40.27 1 1
github.com/bgyss/c4/manifest/filemode.go:41.11,43.27 1 0
github.com/bgyss/c4/manifest/filemode.go:44.11,46.24 1 1
github.com/bgyss/c4/manifest/filemode.go:47.11,49.24 1 0
github.com/bgyss/c4/manifest/filemode.go:50.11,52.24 1 0
github.com/bgyss/c4/manifest/filemode.go:53.11,55.44 1 0
github.com/bgyss/c4/manifest/filemode.go:56.11,58.24 1 0
github.com/bgyss/c4/manifest/filemode.go:61.2,61.21 1 1
github.com/bgyss/c4/manifest/filemode.go:61.21,63.3 1 1
github.com/bgyss/c4/manifest/filemode.go:64.2,64.21 1 1
github.com/bgyss/c4/manifest/filemode.go:64.21,66.3 1 1
github.com/bgyss/c4/manifest/filemode.go:67.2,67.21 1 1
github.com/bgyss/c4/manifest/filemode.go:67.21,69.3 1 1
github.com/bgyss/c4/manifest/filemode.go:70.2,70.21 1 1
github.com/bgyss/c4/manifest/filemode.go:70.21,72.3 1 1
github.com/bgyss/c4/manifest/filemode.go:73.2,73.21 1 1
github.com/bgyss/c4/manifest/filemode.go:73.21,75.3 1 0
github.com/bgyss/c4/manifest/filemode.go:76.2,76.21 1 1
github.com/bgyss/c4/manifest/filemode.go:76.21,78.3 1 1
github.com/bgyss/c4/manifest/filemode.go:79.2,79.21 1 1
github.com/bgyss/c4/manifest/filemode.go:79.21,81.3 1 1
github.com/bgyss/c4/manifest/filemode.go:82.2,82.21 1 1
github.com/bgyss/c4/manifest/filemode.go:82.21,84.3 1 0
github.com/bgyss/c4/manifest/filemode.go:85.2,85.21 1 1
github.com/bgyss/c4/manifest/filemode.go:85.21,87.3 1 1
github.com/bgyss/c4/manifest/filemode.go:89.2,89.18 1 1
github.com/bgyss/c4/manifest/manifest.go:31.34,33.2 1 1
github.com/bgyss/c4/manifest/manifest.go:35.33,37.2 1 1
github.com/bgyss/c4/manifest/manifest.go:39.39,41.2 1 1
github.com/bgyss/c4/manifest/manifest.go:43.40,45.2 1 1
github.com/bgyss/c4/manifest/manifest.go:47.33,49.2 1 1
github.com/bgyss/c4/manifest/manifest.go:51.38,53.2 1 1
github.com/bgyss/c4/manifest/manifest.go:55.31,57.2 1 1
github.com/bgyss/c4/manifest/manifest.go:59.37,61.2 1 1
github.com/bgyss/c4/manifest/manifest.go:63.72,65.2 1 1
github.com/bgyss/c4/manifest/manifest.go:67.50,83.19 2 1
github.com/bgyss/c4/manifest/manifest.go:83.19,85.3 1 1
github.com/bgyss/c4/manifest/manifest.go:86.2,86.25 1 1
github.com/bgyss/c4/manifest/manifest.go:86.25,88.3 1 1
github.com/bgyss/c4/manifest/manifest.go:89.2,89.27 1 1
github.com/bgyss/c4/manifest/manifest.go:92.53,102.16 3 1
github.com/bgyss/c4/manifest/manifest.go:102.16,104.3 1 1
github.com/bgyss/c4/manifest/manifest.go:106.2,107.16 2 1
github.com/bgyss/c4/manifest/manifest.go:107.16,109.3 1 0
github.com/bgyss/c4/manifest/manifest.go:110.2,111.16 2 1
github.com/bgyss/c4/manifest/manifest.go:111.16,113.3 1 0
github.com/bgyss/c4/manifest/manifest.go:114.2,118.24 5 1
github.com/bgyss/c4/manifest/manifest.go:118.24,120.17 2 0
github.com/bgyss/c4/manifest/manifest.go:120.17,122.4 1 0
github.com/bgyss/c4/manifest/manifest.go:123.3,123.12 1 0
github.com/bgyss/c4/manifest/manifest.go:126.2,126.30 1 1
github.com/bgyss/c4/manifest/manifest.go:126.30,128.17 2 0
github.com/bgyss/c4/manifest/manifest.go:128.17,130.4 1 0
github.com/bgyss/c4/manifest/manifest.go:131.3,131.18 1 0
github.com/bgyss/c4/manifest/manifest.go:134.2,134.12 1 1
github.com/bgyss/c4/manifest/manifest.go:137.52,142.16 4 1
github.com/bgyss/c4/manifest/manifest.go:142.16,144.3 1 0
github.com/bgyss/c4/manifest/manifest.go:147.2,150.16 4 1
github.com/bgyss/c4/manifest/manifest.go:150.16,152.3 1 0
github.com/bgyss/c4/manifest/manifest.go:155.2,158.16 4 1
github.com/bgyss/c4/manifest/manifest.go:158.16,160.3 1 0
github.com/bgyss/c4/manifest/manifest.go:162.2,164.13 3 1
github.com/bgyss/c4/manifest/manifest.go:164.13,166.3 1 1
github.com/bgyss/c4/manifest/manifest.go:167.2,177.20 4 1
github.com/bgyss/c4/manifest/manifest.go:177.20,179.3 1 1
github.com/bgyss/c4/manifest/manifest.go:181.2,182.16 2 1
github.com/bgyss/c4/manifest/manifest.go:182.16,184.3 1 0
github.com/bgyss/c4/manifest/manifest.go:185.2,187.20 3 1
github.com/bgyss/c4/manifest/manifest.go:187.20,189.3 1 1
github.com/bgyss/c4/manifest/manifest.go:191.2,192.16 2 0
github.com/bgyss/c4/manifest/manifest.go:192.16,194.3 1 0
github.com/bgyss/c4/manifest/manifest.go:195.2,197.18 2 0
github.com/bgyss/c4/manifest/manifest.go:206.40,212.23 6 1
github.com/bgyss/c4/manifest/manifest.go:212.23,214.3 1 1
github.com/bgyss/c4/manifest/manifest.go:215.2,215.22 1 1
github.com/bgyss/c4/manifest/manifest.go:215.22,217.29 2 1
github.com/bgyss/c4/manifest/manifest.go:217.29,219.4 1 0
github.com/bgyss/c4/manifest/manifest.go:222.2,222.15 1 1
github.com/bgyss/c4/manifest/manifest.go:225.109,234.2 1 1
github.com/bgyss/c4/manifest/manifest.go:236.60,244.42 2 1
github.com/bgyss/c4/manifest/manifest.go:244.42,247.3 2 0
github.com/bgyss/c4/manifest/manifest.go:249.2,249.18 1 1
github.com/bgyss/c4/manifest/manifest.go:249.18,251.19 2 1
github.com/bgyss/c4/manifest/manifest.go:251.19,253.4 1 1
github.com/bgyss/c4/manifest/manifest.go:256.2,256.12 1 1
github.com/bgyss/c4/manifest/manifest.go:360.23,363.2 2 1
github.com/bgyss/c4/manifest/manifest.go:364.24,367.2 2 1
github.com/bgyss/c4/manifest/manifest.go:369.57,372.42 2 1
github.com/bgyss/c4/manifest/manifest.go:372.42,375.3 2 1
github.com/bgyss/c4/manifest/manifest.go:377.2,377.29 1 0
github.com/bgyss/c4/manifest/manifest.go:381.43,384.9 3 1
github.com/bgyss/c4/manifest/manifest.go:384.9,385.58 1 0
github.com/bgyss/c4/manifest/manifest.go:387.2,388.16 2 1
github.com/bgyss/c4/manifest/manifest.go:392.49,395.9 3 1
github.com/bgyss/c4/manifest/manifest.go:395.9,396.67 1 0
github.com/bgyss/c4/manifest/manifest.go:398.2,399.16 2 1
github.com/bgyss/c4/manifest/manifest.go:408.41,411.2 2 1
github.com/bgyss/c4/manifest/manifest.go:413.31,417.19 4 1
github.com/bgyss/c4/manifest/manifest.go:417.19,420.3 2 1
github.com/bgyss/c4/manifest/manifest.go:421.2,422.28 2 1
github.com/bgyss/c4/manifest/manifest.go:425.40,432.25 6 1
github.com/bgyss/c4/manifest/manifest.go:432.25,434.29 2 1
github.com/bgyss/c4/manifest/manifest.go:434.29,436.4 1 1
github.com/bgyss/c4/manifest/manifest.go:437.3,437.33 1 1
github.com/bgyss/c4/manifest/manifest.go:437.33,439.4 1 1
github.com/bgyss/c4/manifest/manifest.go:441.3,442.6 2 1
github.com/bgyss/c4/manifest/manifest.go:445.2,452.29 5 1
github.com/bgyss/c4/manifest/manifest.go:452.29,454.25 2 1
github.com/bgyss/c4/manifest/manifest.go:454.25,456.32 2 1
github.com/bgyss/c4/manifest/manifest.go:456.32,458.5 1 0
github.com/bgyss/c4/manifest/manifest.go:461.3,462.90 2 1
github.com/bgyss/c4/manifest/manifest.go:464.2,466.25 3 1
github.com/bgyss/c4/manifest/manifest.go:466.25,468.3 1 1
github.com/bgyss/c4/manifest/manifest.go:470.2,470.26 1 1
github.com/bgyss/c4/manifest/manifest.go:473.43,478.12 5 1
github.com/bgyss/c4/manifest/manifest.go:478.12,481.20 2 1
github.com/bgyss/c4/manifest/manifest.go:481.20,483.4 1 1
github.com/bgyss/c4/manifest/manifest.go:484.3,484.21 1 1
github.com/bgyss/c4/manifest/manifest.go:484.21,485.12 1 1
github.com/bgyss/c4/manifest/manifest.go:487.3,488.26 2 1
github.com/bgyss/c4/manifest/manifest.go:488.26,489.17 1 1
github.com/bgyss/c4/manifest/manifest.go:489.17,490.10 1 1
github.com/bgyss/c4/manifest/manifest.go:492.4,492.17 1 1
github.com/bgyss/c4/manifest/manifest.go:495.3,495.32 1 1
github.com/bgyss/c4/manifest/manifest.go:495.32,497.4 1 1
github.com/bgyss/c4/manifest/manifest.go:498.3,500.22 2 1
github.com/bgyss/c4/manifest/manifest.go:500.22,502.18 2 1
github.com/bgyss/c4/manifest/manifest.go:502.18,504.13 2 1
github.com/bgyss/c4/manifest/manifest.go:508.3,509.17 2 1
github.com/bgyss/c4/manifest/manifest.go:509.17,511.4 1 0
github.com/bgyss/c4/manifest/manifest.go:512.3,514.19 3 1
github.com/bgyss/c4/manifest/manifest.go:514.19,516.4 1 1
github.com/bgyss/c4/manifest/manifest.go:518.2,518.12 1 1
github.com/bgyss/c4/manifest/nillist.go:13.40,15.28 2 1
github.com/bgyss/c4/manifest/nillist.go:15.28,17.3 1 1
github.com/bgyss/c4/manifest/nillist.go:18.2,22.11 5 1
github.com/bgyss/c4/manifest/nillist.go:27.38,27.55 1 1
github.com/bgyss/c4/manifest/nillist.go:28.38,28.65 1 1
github.com/bgyss/c4/manifest/nillist.go:29.38,29.80 1 1
github.com/bgyss/c4/manifest/nillist.go:31.41,33.25 2 1
github.com/bgyss/c4/manifest/nillist.go:33.25,35.3 1 1
github.com/bgyss/c4/manifest/nillist.go:36.2,36.13 1 1
github.com/bgyss/c4/manifest/nillist.go:39.28,41.59 1 0
github.com/bgyss/c4/manifest/nillist.go:41.59,43.3 1 0
github.com/bgyss/c4/manifest/nillist.go:46.36,48.2 1 0
github.com/bgyss/c4/manifest/nillist.go:51.36,52.20 1 1
github.com/bgyss/c4/manifest/nillist.go:52.20,54.3 1 1
github.com/bgyss/c4/manifest/nillist.go:55.2,56.33 2 1
github.com/bgyss/c4/manifest/nillist.go:56.33,57.21 1 1
github.com/bgyss/c4/manifest/nillist.go:57.21,59.12 2 1
github.com/bgyss/c4/manifest/nillist.go:61.3,61.20 1 1
github.com/bgyss/c4/manifest/nillist.go:63.2,63.13 1 1
github.com/bgyss/c4/manifest/nillist.go:67.34,68.20 1 1
github.com/bgyss/c4/manifest/nillist.go:68.20,70.3 1 1
github.com/bgyss/c4/manifest/nillist.go:71.2,75.22 3 1
github.com/bgyss/c4/manifest/nillist.go:75.22,76.19 1 1
github.com/bgyss/c4/manifest/nillist.go:76.19,78.12 2 1
github.com/bgyss/c4/manifest/nillist.go:80.3,80.28 1 1
github.com/bgyss/c4/manifest/nillist.go:82.2,82.28 1 1
github.com/bgyss/c4/manifest/nillist.go:85.41,89.2 3 0
github.com/bgyss/c4/manifest/nillist.go:93.39,95.47 1 0
github.com/bgyss/c4/manifest/nillist.go:95.47,97.3 1 0
github.com/bgyss/c4/manifest/nillist.go:119.38,121.47 1 0
github.com/bgyss/c4/manifest/nillist.go:121.47,123.3 1 0
github.com/bgyss/c4/manifest/nillist.go:131.47,140.21 4 0
github.com/bgyss/c4/manifest/nillist.go:140.21,142.53 1 0
github.com/bgyss/c4/manifest/nillist.go:142.53,143.9 1 0
github.com/bgyss/c4/manifest/nillist.go:145.3,151.13 4 0
github.com/bgyss/c4/manifest/nillist.go:151.13,154.4 2 0
github.com/bgyss/c4/manifest/nillist.go:156.3,158.20 3 0
github.com/bgyss/c4/manifest/nillist.go:160.2,160.12 1 0
github.com/bgyss/c4/manifest/nillist.go:179.46,182.18 2 0
github.com/bgyss/c4/manifest/nillist.go:182.18,184.3 1 0
github.com/bgyss/c4/manifest/nillist.go:186.2,186.24 1 0
github.com/bgyss/c4/store/folder.go:21.56,24.100 2 1
github.com/bgyss/c4/store/folder.go:24.100,26.3 1 0
github.com/bgyss/c4/store/folder.go:28.2,29.16 2 1
github.com/bgyss/c4/store/folder.go:29.16,31.3 1 0
github.com/bgyss/c4/store/folder.go:33.2,35.16 3 1
github.com/bgyss/c4/store/folder.go:35.16,37.3 1 0
github.com/bgyss/c4/store/folder.go:40.2,41.28 1 1
github.com/bgyss/c4/store/folder.go:41.28,43.3 1 0
github.com/bgyss/c4/store/folder.go:45.2,45.24 1 1
github.com/bgyss/c4/store/folder.go:50.55,52.16 2 1
github.com/bgyss/c4/store/folder.go:52.16,54.3 1 0
github.com/bgyss/c4/store/folder.go:55.2,55.22 1 1
github.com/bgyss/c4/store/folder.go:61.58,63.16 2 1
github.com/bgyss/c4/store/folder.go:63.16,65.3 1 0
github.com/bgyss/c4/store/folder.go:66.2,67.16 2 1
github.com/bgyss/c4/store/folder.go:67.16,69.3 1 1
github.com/bgyss/c4/store/folder.go:70.2,70.24 1 1
github.com/bgyss/c4/store/folder.go:73.40,75.16 2 1
github.com/bgyss/c4/store/folder.go:75.16,77.3 1 0
github.com/bgyss/c4/store/folder.go:78.2,78.24 1 1
github.com/bgyss/c4/store/logger.go:44.67,45.16 1 1
github.com/bgyss/c4/store/logger.go:45.16,47.3 1 1
github.com/bgyss/c4/store/logger.go:48.2,48.31 1 1
github.com/bgyss/c4/store/logger.go:52.56,56.26 3 1
github.com/bgyss/c4/store/logger.go:56.26,58.3 1 1
github.com/bgyss/c4/store/logger.go:61.2,62.16 2 1
github.com/bgyss/c4/store/logger.go:62.16,64.28 1 1
github.com/bgyss/c4/store/logger.go:64.28,66.4 1 1
github.com/bgyss/c4/store/logger.go:67.3,67.18 1 1
github.com/bgyss/c4/store/logger.go:71.2,71.57 1 1
github.com/bgyss/c4/store/logger.go:75.59,79.28 3 1
github.com/bgyss/c4/store/logger.go:79.28,81.3 1 1
github.com/bgyss/c4/store/logger.go:84.2,85.16 2 1
github.com/bgyss/c4/store/logger.go:85.16,87.28 1 1
github.com/bgyss/c4/store/logger.go:87.28,89.4 1 1
github.com/bgyss/c4/store/logger.go:90.3,90.18 1 1
github.com/bgyss/c4/store/logger.go:94.2,94.57 1 1
github.com/bgyss/c4/store/logger.go:98.41,102.28 3 1
github.com/bgyss/c4/store/logger.go:102.28,104.3 1 1
github.com/bgyss/c4/store/logger.go:107.2,108.16 2 1
github.com/bgyss/c4/store/logger.go:108.16,110.28 1 1
github.com/bgyss/c4/store/logger.go:110.28,112.4 1 1
github.com/bgyss/c4/store/logger.go:113.3,113.13 1 1
github.com/bgyss/c4/store/logger.go:116.2,116.12 1 1
github.com/bgyss/c4/store/logger.go:137.53,142.26 3 1
github.com/bgyss/c4/store/logger.go:142.26,144.3 1 1
github.com/bgyss/c4/store/logger.go:145.2,145.16 1 1
github.com/bgyss/c4/store/logger.go:145.16,147.3 1 1
github.com/bgyss/c4/store/logger.go:149.2,149.13 1 1
github.com/bgyss/c4/store/logger.go:150.14,151.26 1 1
github.com/bgyss/c4/store/logger.go:151.26,153.4 1 0
github.com/bgyss/c4/store/logger.go:154.20,155.32 1 0
github.com/bgyss/c4/store/logger.go:155.32,157.4 1 0
github.com/bgyss/c4/store/logger.go:158.10,159.28 1 0
github.com/bgyss/c4/store/logger.go:159.28,161.4 1 0
github.com/bgyss/c4/store/logger.go:163.2,164.15 2 1
github.com/bgyss/c4/store/logger.go:169.39,173.27 2 1
github.com/bgyss/c4/store/logger.go:173.27,175.3 1 1
github.com/bgyss/c4/store/logger.go:178.2,179.16 2 1
github.com/bgyss/c4/store/logger.go:179.16,181.3 1 1
github.com/bgyss/c4/store/logger.go:183.2,183.25 1 0
github.com/bgyss/c4/store/logger.go:183.25,185.32 1 0
github.com/bgyss/c4/store/logger.go:185.32,187.4 1 0
github.com/bgyss/c4/store/logger.go:188.8,188.34 1 0
github.com/bgyss/c4/store/logger.go:188.34,190.3 1 0
github.com/bgyss/c4/store/logger.go:193.2,194.12 2 0
github.com/bgyss/c4/store/logger.go:214.54,220.27 3 1
github.com/bgyss/c4/store/logger.go:220.27,222.3 1 1
github.com/bgyss/c4/store/logger.go:223.2,223.16 1 1
github.com/bgyss/c4/store/logger.go:223.16,225.3 1 1
github.com/bgyss/c4/store/logger.go:227.2,227.13 1 1
github.com/bgyss/c4/store/logger.go:228.14,229.26 1 0
github.com/bgyss/c4/store/logger.go:229.26,231.4 1 0
github.com/bgyss/c4/store/logger.go:232.20,233.32 1 0
github.com/bgyss/c4/store/logger.go:233.32,235.4 1 0
github.com/bgyss/c4/store/logger.go:236.10,237.28 1 1
github.com/bgyss/c4/store/logger.go:237.28,239.4 1 0
github.com/bgyss/c4/store/logger.go:241.2,242.15 2 1
github.com/bgyss/c4/store/logger.go:246.39,250.27 2 1
github.com/bgyss/c4/store/logger.go:250.27,252.3 1 1
github.com/bgyss/c4/store/logger.go:255.2,256.16 2 1
github.com/bgyss/c4/store/logger.go:256.16,258.3 1 1
github.com/bgyss/c4/store/logger.go:260.2,260.25 1 1
github.com/bgyss/c4/store/logger.go:260.25,262.32 1 0
github.com/bgyss/c4/store/logger.go:262.32,264.4 1 0
github.com/bgyss/c4/store/logger.go:265.8,265.34 1 1
github.com/bgyss/c4/store/logger.go:265.34,267.3 1 0
github.com/bgyss/c4/store/logger.go:270.2,271.12 2 1
github.com/bgyss/c4/store/map.go:16.37,18.2 1 1
github.com/bgyss/c4/store/map.go:22.52,24.2 1 1
github.com/bgyss/c4/store/map.go:29.55,31.2 1 1
github.com/bgyss/c4/store/map.go:35.37,37.2 1 1
github.com/bgyss/c4/store/map.go:39.31,41.2 1 1
github.com/bgyss/c4/store/map.go:43.43,45.2 1 1
github.com/bgyss/c4/store/map.go:47.78,50.9 3 1
github.com/bgyss/c4/store/map.go:50.9,53.3 2 1
github.com/bgyss/c4/store/map.go:54.2,54.21 1 1
github.com/bgyss/c4/store/map.go:57.56,58.26 1 1
github.com/bgyss/c4/store/map.go:58.26,59.19 1 1
github.com/bgyss/c4/store/map.go:59.19,61.4 1 1
github.com/bgyss/c4/store/ram.go:16.20,19.2 2 1
github.com/bgyss/c4/store/ram.go:28.47,29.22 1 1
github.com/bgyss/c4/store/ram.go:29.22,31.3 1 0
github.com/bgyss/c4/store/ram.go:33.2,35.15 3 1
github.com/bgyss/c4/store/ram.go:38.48,39.16 1 1
github.com/bgyss/c4/store/ram.go:39.16,41.3 1 0
github.com/bgyss/c4/store/ram.go:42.2,43.20 2 1
github.com/bgyss/c4/store/ram.go:46.33,47.16 1 1
github.com/bgyss/c4/store/ram.go:47.16,49.3 1 1
github.com/bgyss/c4/store/ram.go:50.2,51.12 2 1
github.com/bgyss/c4/store/ram.go:56.53,58.9 2 1
github.com/bgyss/c4/store/ram.go:58.9,60.3 1 1
github.com/bgyss/c4/store/ram.go:61.2,61.41 1 1
github.com/bgyss/c4/store/ram.go:67.56,69.8 2 1
github.com/bgyss/c4/store/ram.go:69.8,71.3 1 0
github.com/bgyss/c4/store/ram.go:73.2,73.46 1 1
github.com/bgyss/c4/store/ram.go:78.38,80.9 2 1
github.com/bgyss/c4/store/ram.go:80.9,82.3 1 0
github.com/bgyss/c4/store/ram.go:83.2,84.12 2 1
github.com/bgyss/c4/store/validating.go:24.41,26.2 1 1
github.com/bgyss/c4/store/validating.go:36.56,39.16 3 1
github.com/bgyss/c4/store/validating.go:39.16,41.3 1 1
github.com/bgyss/c4/store/validating.go:42.2,42.19 1 0
github.com/bgyss/c4/store/validating.go:42.19,43.19 1 0
github.com/bgyss/c4/store/validating.go:43.19,45.4 1 0
github.com/bgyss/c4/store/validating.go:47.2,47.15 1 0
github.com/bgyss/c4/store/validating.go:50.43,52.2 1 1
github.com/bgyss/c4/store/validating.go:54.42,56.18 2 1
github.com/bgyss/c4/store/validating.go:56.18,58.3 1 1
github.com/bgyss/c4/store/validating.go:59.2,59.12 1 1
github.com/bgyss/c4/store/validating.go:69.57,72.16 3 1
github.com/bgyss/c4/store/validating.go:72.16,74.3 1 1
github.com/bgyss/c4/store/validating.go:75.2,75.19 1 0
github.com/bgyss/c4/store/validating.go:75.19,76.19 1 0
github.com/bgyss/c4/store/validating.go:76.19,80.4 3 0
github.com/bgyss/c4/store/validating.go:82.2,82.15 1 0
github.com/bgyss/c4/store/validating.go:85.43,87.2 1 1
github.com/bgyss/c4/store/validating.go:89.42,91.18 2 1
github.com/bgyss/c4/store/validating.go:91.18,94.3 2 1
github.com/bgyss/c4/store/validating.go:95.2,95.12 1 1
github.com/bgyss/c4/store/validating.go:100.60,102.16 2 1
github.com/bgyss/c4/store/validating.go:102.16,104.3 1 1
github.com/bgyss/c4/store/validating.go:105.2,105.52 1 1
github.com/bgyss/c4/store/validating.go:111.63,113.16 2 1
github.com/bgyss/c4/store/validating.go:113.16,115.3 1 0
github.com/bgyss/c4/store/validating.go:116.2,116.64 1 1
github.com/bgyss/c4/store/validating.go:119.45,121.2 1 1
github.com/bgyss/c4/db/db.go:85.51,91.24 6 1
github.com/bgyss/c4/db/db.go:91.24,95.3 3 1
github.com/bgyss/c4/db/db.go:98.26,99.9 1 1
github.com/bgyss/c4/db/db.go:100.24,101.13 1 1
github.com/bgyss/c4/db/db.go:102.10,102.10 0 1
github.com/bgyss/c4/db/db.go:104.2,104.12 1 1
github.com/bgyss/c4/db/db.go:107.22,111.2 3 1
github.com/bgyss/c4/db/db.go:142.62,144.49 1 1
github.com/bgyss/c4/db/db.go:144.49,146.17 2 1
github.com/bgyss/c4/db/db.go:146.17,148.4 1 1
github.com/bgyss/c4/db/db.go:151.2,162.69 4 1
github.com/bgyss/c4/db/db.go:162.69,165.3 2 0
github.com/bgyss/c4/db/db.go:166.2,167.16 2 1
github.com/bgyss/c4/db/db.go:167.16,169.3 1 1
github.com/bgyss/c4/db/db.go:171.2,171.45 1 1
github.com/bgyss/c4/db/db.go:171.45,173.17 2 1
github.com/bgyss/c4/db/db.go:173.17,175.4 1 0
github.com/bgyss/c4/db/db.go:177.3,177.37 1 1
github.com/bgyss/c4/db/db.go:177.37,179.18 2 1
github.com/bgyss/c4/db/db.go:179.18,181.5 1 1
github.com/bgyss/c4/db/db.go:183.3,183.13 1 1
github.com/bgyss/c4/db/db.go:185.2,185.16 1 1
github.com/bgyss/c4/db/db.go:185.16,187.3 1 1
github.com/bgyss/c4/db/db.go:189.2,190.25 2 1
github.com/bgyss/c4/db/db.go:190.25,192.3 1 1
github.com/bgyss/c4/db/db.go:195.2,196.20 2 1
github.com/bgyss/c4/db/db.go:196.20,197.37 1 1
github.com/bgyss/c4/db/db.go:197.37,199.4 1 1
github.com/bgyss/c4/db/db.go:200.3,200.30 1 1
github.com/bgyss/c4/db/db.go:200.30,202.4 1 1
github.com/bgyss/c4/db/db.go:203.3,203.47 1 1
github.com/bgyss/c4/db/db.go:203.47,205.4 1 1
github.com/bgyss/c4/db/db.go:207.2,212.26 5 1
github.com/bgyss/c4/db/db.go:212.26,214.3 1 1
github.com/bgyss/c4/db/db.go:215.2,215.16 1 1
github.com/bgyss/c4/db/db.go:218.31,224.16 2 1
github.com/bgyss/c4/db/db.go:224.16,226.3 1 0
github.com/bgyss/c4/db/db.go:229.2,229.43 1 1
github.com/bgyss/c4/db/db.go:229.43,232.3 2 1
github.com/bgyss/c4/db/db.go:235.39,237.41 2 1
github.com/bgyss/c4/db/db.go:237.41,241.18 3 1
github.com/bgyss/c4/db/db.go:241.18,243.4 1 1
github.com/bgyss/c4/db/db.go:244.3,246.13 3 1
github.com/bgyss/c4/db/db.go:248.2,248.13 1 1
github.com/bgyss/c4/db/db.go:251.29,253.2 1 1
github.com/bgyss/c4/db/db.go:263.30,265.44 2 1
github.com/bgyss/c4/db/db.go:265.44,274.27 9 1
github.com/bgyss/c4/db/db.go:274.27,277.21 2 1
github.com/bgyss/c4/db/db.go:277.21,279.5 1 1
github.com/bgyss/c4/db/db.go:298.3,298.13 1 1
github.com/bgyss/c4/db/db.go:300.2,300.16 1 1
github.com/bgyss/c4/db/db.go:300.16,302.3 1 1
github.com/bgyss/c4/db/db.go:304.2,304.12 1 1
github.com/bgyss/c4/db/db.go:309.71,311.46 2 1
github.com/bgyss/c4/db/db.go:311.46,316.17 5 1
github.com/bgyss/c4/db/db.go:316.17,318.4 1 0
github.com/bgyss/c4/db/db.go:320.3,323.17 4 1
github.com/bgyss/c4/db/db.go:323.17,325.4 1 0
github.com/bgyss/c4/db/db.go:327.3,327.18 1 1
github.com/bgyss/c4/db/db.go:327.18,332.18 5 1
github.com/bgyss/c4/db/db.go:332.18,334.5 1 0
github.com/bgyss/c4/db/db.go:337.3,337.13 1 1
github.com/bgyss/c4/db/db.go:339.2,339.16 1 1
github.com/bgyss/c4/db/db.go:339.16,341.3 1 1
github.com/bgyss/c4/db/db.go:342.2,342.22 1 1
github.com/bgyss/c4/db/db.go:345.50,347.41 2 1
github.com/bgyss/c4/db/db.go:347.41,351.87 2 1
github.com/bgyss/c4/db/db.go:351.87,353.4 1 1
github.com/bgyss/c4/db/db.go:354.3,354.13 1 1
github.com/bgyss/c4/db/db.go:356.2,356.13 1 1
github.com/bgyss/c4/db/db.go:359.53,361.44 2 1
github.com/bgyss/c4/db/db.go:361.44,363.18 2 1
github.com/bgyss/c4/db/db.go:363.18,366.4 2 1
github.com/bgyss/c4/db/db.go:367.3,367.13 1 1
github.com/bgyss/c4/db/db.go:369.2,369.16 1 1
github.com/bgyss/c4/db/db.go:369.16,371.3 1 1
github.com/bgyss/c4/db/db.go:372.2,372.19 1 1
github.com/bgyss/c4/db/db.go:375.56,377.46 2 1
github.com/bgyss/c4/db/db.go:377.46,381.18 4 1
github.com/bgyss/c4/db/db.go:381.18,383.4 1 1
github.com/bgyss/c4/db/db.go:384.3,389.23 5 1
github.com/bgyss/c4/db/db.go:391.2,391.16 1 1
github.com/bgyss/c4/db/db.go:391.16,393.3 1 1
github.com/bgyss/c4/db/db.go:394.2,394.19 1 1
github.com/bgyss/c4/db/db.go:417.30,423.2 3 1
github.com/bgyss/c4/db/db.go:425.35,429.2 3 1
github.com/bgyss/c4/db/db.go:431.25,439.2 7 1
github.com/bgyss/c4/db/db.go:441.36,445.2 3 1
github.com/bgyss/c4/db/db.go:447.36,451.2 3 1
github.com/bgyss/c4/db/db.go:454.42,458.2 3 1
github.com/bgyss/c4/db/db.go:460.29,462.2 1 1
github.com/bgyss/c4/db/db.go:464.24,465.17 1 1
github.com/bgyss/c4/db/db.go:465.17,467.3 1 0
github.com/bgyss/c4/db/db.go:468.2,468.17 1 1
github.com/bgyss/c4/db/db.go:468.17,469.18 1 1
github.com/bgyss/c4/db/db.go:469.18,471.4 1 1
github.com/bgyss/c4/db/db.go:472.3,472.9 1 1
github.com/bgyss/c4/db/db.go:474.2,474.13 1 1
github.com/bgyss/c4/db/db.go:478.26,480.3 1 1
github.com/bgyss/c4/db/db.go:483.60,487.12 4 1
github.com/bgyss/c4/db/db.go:487.12,488.16 1 1
github.com/bgyss/c4/db/db.go:488.16,490.23 2 1
github.com/bgyss/c4/db/db.go:490.23,492.5 1 1
github.com/bgyss/c4/db/db.go:495.3,495.42 1 1
github.com/bgyss/c4/db/db.go:495.42,499.42 2 1
github.com/bgyss/c4/db/db.go:499.42,501.89 2 1
github.com/bgyss/c4/db/db.go:501.89,507.22 5 1
github.com/bgyss/c4/db/db.go:507.22,509.7 1 1
github.com/bgyss/c4/db/db.go:510.6,513.13 3 1
github.com/bgyss/c4/db/db.go:514.22,514.22 0 1
github.com/bgyss/c4/db/db.go:515.18,516.17 1 1
github.com/bgyss/c4/db/db.go:521.4,521.14 1 1
github.com/bgyss/c4/db/db.go:524.2,524.12 1 1
github.com/bgyss/c4/db/db.go:531.73,533.43 2 1
github.com/bgyss/c4/db/db.go:533.43,537.37 3 1
github.com/bgyss/c4/db/db.go:537.37,539.4 1 1
github.com/bgyss/c4/db/db.go:541.3,542.17 2 1
github.com/bgyss/c4/db/db.go:542.17,544.4 1 0
github.com/bgyss/c4/db/db.go:545.3,546.13 2 1
github.com/bgyss/c4/db/db.go:548.2,548.17 1 1
github.com/bgyss/c4/db/db.go:554.64,556.27 2 1
github.com/bgyss/c4/db/db.go:556.27,557.44 1 1
github.com/bgyss/c4/db/db.go:557.44,561.53 3 1
github.com/bgyss/c4/db/db.go:561.53,563.19 2 1
github.com/bgyss/c4/db/db.go:563.19,565.6 1 0
github.com/bgyss/c4/db/db.go:566.5,566.12 1 1
github.com/bgyss/c4/db/db.go:568.4,568.14 1 1
github.com/bgyss/c4/db/db.go:572.2,572.41 1 1
github.com/bgyss/c4/db/db.go:572.41,573.47 1 1
github.com/bgyss/c4/db/db.go:573.47,579.88 4 1
github.com/bgyss/c4/db/db.go:579.88,581.19 2 1
github.com/bgyss/c4/db/db.go:581.19,583.6 1 0
github.com/bgyss/c4/db/db.go:584.5,584.12 1 1
github.com/bgyss/c4/db/db.go:587.4,587.14 1 1
github.com/bgyss/c4/db/db.go:589.3,589.17 1 1
github.com/bgyss/c4/db/db.go:589.17,591.4 1 0
github.com/bgyss/c4/db/db.go:595.2,595.19 1 1
github.com/bgyss/c4/db/db.go:602.90,604.22 1 1
github.com/bgyss/c4/db/db.go:604.22,606.3 1 1
github.com/bgyss/c4/db/db.go:607.2,610.46 3 1
github.com/bgyss/c4/db/db.go:610.46,613.26 2 1
github.com/bgyss/c4/db/db.go:613.26,616.18 3 1
github.com/bgyss/c4/db/db.go:616.18,618.5 1 0
github.com/bgyss/c4/db/db.go:620.3,620.13 1 1
github.com/bgyss/c4/db/db.go:624.75,629.12 4 1
github.com/bgyss/c4/db/db.go:629.12,630.16 1 1
github.com/bgyss/c4/db/db.go:630.16,632.23 2 1
github.com/bgyss/c4/db/db.go:632.23,634.5 1 1
github.com/bgyss/c4/db/db.go:636.3,636.42 1 1
github.com/bgyss/c4/db/db.go:636.42,639.88 2 1
github.com/bgyss/c4/db/db.go:639.88,640.34 1 1
github.com/bgyss/c4/db/db.go:640.34,641.14 1 1
github.com/bgyss/c4/db/db.go:643.5,651.12 8 1
github.com/bgyss/c4/db/db.go:652.21,652.21 0 1
github.com/bgyss/c4/db/db.go:653.17,654.16 1 1
github.com/bgyss/c4/db/db.go:658.4,658.14 1 1
github.com/bgyss/c4/db/db.go:661.2,661.12 1 1
github.com/bgyss/c4/db/db.go:664.100,667.22 2 1
github.com/bgyss/c4/db/db.go:667.22,669.3 1 1
github.com/bgyss/c4/db/db.go:670.2,672.25 3 1
github.com/bgyss/c4/db/db.go:672.25,674.47 2 1
github.com/bgyss/c4/db/db.go:674.47,677.85 3 1
github.com/bgyss/c4/db/db.go:677.85,678.34 1 1
github.com/bgyss/c4/db/db.go:678.34,680.20 2 1
github.com/bgyss/c4/db/db.go:680.20,682.7 1 0
github.com/bgyss/c4/db/db.go:683.6,683.9 1 1
github.com/bgyss/c4/db/db.go:686.4,686.14 1 1
github.com/bgyss/c4/db/db.go:688.3,688.17 1 1
github.com/bgyss/c4/db/db.go:688.17,690.4 1 0
github.com/bgyss/c4/db/db.go:693.2,693.15 1 1
github.com/bgyss/c4/db/db.go:697.61,702.12 4 1
github.com/bgyss/c4/db/db.go:702.12,703.16 1 1
github.com/bgyss/c4/db/db.go:703.16,705.23 2 1
github.com/bgyss/c4/db/db.go:705.23,707.5 1 1
github.com/bgyss/c4/db/db.go:709.3,709.24 1 1
github.com/bgyss/c4/db/db.go:709.24,710.43 1 1
github.com/bgyss/c4/db/db.go:710.43,713.54 2 1
github.com/bgyss/c4/db/db.go:713.54,731.13 14 1
github.com/bgyss/c4/db/db.go:732.22,732.22 0 1
github.com/bgyss/c4/db/db.go:733.18,734.17 1 1
github.com/bgyss/c4/db/db.go:738.5,738.15 1 1
github.com/bgyss/c4/db/db.go:741.3,741.34 1 1
github.com/bgyss/c4/db/db.go:741.34,742.43 1 1
github.com/bgyss/c4/db/db.go:742.43,745.89 2 1
github.com/bgyss/c4/db/db.go:745.89,763.13 14 1
github.com/bgyss/c4/db/db.go:764.22,764.22 0 1
github.com/bgyss/c4/db/db.go:765.18,766.17 1 1
github.com/bgyss/c4/db/db.go:770.5,770.15 1 1
github.com/bgyss/c4/db/db.go:775.2,775.12 1 1
github.com/bgyss/c4/db/db.go:778.64,780.23 2 1
github.com/bgyss/c4/db/db.go:780.23,781.44 1 1
github.com/bgyss/c4/db/db.go:781.44,785.53 3 1
github.com/bgyss/c4/db/db.go:785.53,787.19 2 1
github.com/bgyss/c4/db/db.go:787.19,789.6 1 0
github.com/bgyss/c4/db/db.go:790.5,790.12 1 1
github.com/bgyss/c4/db/db.go:792.4,792.14 1 1
github.com/bgyss/c4/db/db.go:796.2,796.33 1 1
github.com/bgyss/c4/db/db.go:796.33,797.47 1 1
github.com/bgyss/c4/db/db.go:797.47,802.88 3 1
github.com/bgyss/c4/db/db.go:802.88,804.19 2 1
github.com/bgyss/c4/db/db.go:804.19,806.6 1 0
github.com/bgyss/c4/db/db.go:807.5,807.12 1 1
github.com/bgyss/c4/db/db.go:810.4,810.14 1 1
github.com/bgyss/c4/db/db.go:812.3,812.17 1 1
github.com/bgyss/c4/db/db.go:812.17,814.4 1 0
github.com/bgyss/c4/db/db.go:818.2,818.19 1 1
github.com/bgyss/c4/db/db.go:821.44,823.16 2 1
github.com/bgyss/c4/db/db.go:823.16,825.3 1 0
github.com/bgyss/c4/db/db.go:826.2,826.56 1 1
github.com/bgyss/c4/db/db.go:826.56,827.47 1 1
github.com/bgyss/c4/db/db.go:827.47,830.4 2 1
github.com/bgyss/c4/db/db.go:832.2,833.16 2 1
github.com/bgyss/c4/db/db.go:833.16,835.3 1 1
github.com/bgyss/c4/db/db.go:837.2,839.46 2 1
github.com/bgyss/c4/db/db.go:839.46,842.17 3 1
github.com/bgyss/c4/db/db.go:842.17,844.4 1 0
github.com/bgyss/c4/db/db.go:845.3,846.37 2 1
github.com/bgyss/c4/db/db.go:850.64,853.44 3 1
github.com/bgyss/c4/db/db.go:853.44,856.18 3 1
github.com/bgyss/c4/db/db.go:856.18,858.4 1 1
github.com/bgyss/c4/db/db.go:859.3,859.22 1 1
github.com/bgyss/c4/db/db.go:859.22,862.24 3 1
github.com/bgyss/c4/db/db.go:862.24,864.5 1 1
github.com/bgyss/c4/db/db.go:865.4,865.14 1 1
github.com/bgyss/c4/db/db.go:867.3,869.13 3 1
github.com/bgyss/c4/db/db.go:871.2,871.19 1 1
github.com/bgyss/c4/db/db.go:871.19,874.40 2 1
github.com/bgyss/c4/db/db.go:874.40,876.4 1 1
github.com/bgyss/c4/db/db.go:879.3,880.41 2 1
github.com/bgyss/c4/db/db.go:880.41,882.18 2 1
github.com/bgyss/c4/db/db.go:882.18,883.13 1 0
github.com/bgyss/c4/db/db.go:885.4,886.18 2 1
github.com/bgyss/c4/db/db.go:886.18,887.13 1 0
github.com/bgyss/c4/db/db.go:889.4,890.30 1 1
github.com/bgyss/c4/db/db.go:890.30,892.10 2 1
github.com/bgyss/c4/db/db.go:895.3,895.17 1 1
github.com/bgyss/c4/db/db.go:895.17,897.4 1 1
github.com/bgyss/c4/db/db.go:899.3,900.17 2 1
github.com/bgyss/c4/db/db.go:900.17,902.4 1 1
github.com/bgyss/c4/db/db.go:903.3,904.33 2 1
github.com/bgyss/c4/db/db.go:906.2,906.18 1 1
github.com/bgyss/c4/db/db.go:909.48,910.46 1 1
github.com/bgyss/c4/db/db.go:910.46,913.3 2 1
github.com/bgyss/c4/db/db.go:916.42,926.12 6 1
github.com/bgyss/c4/db/db.go:926.12,927.32 1 1
github.com/bgyss/c4/db/db.go:927.32,928.44 1 1
github.com/bgyss/c4/db/db.go:928.44,931.26 3 1
github.com/bgyss/c4/db/db.go:931.26,934.20 3 1
github.com/bgyss/c4/db/db.go:934.20,936.7 1 0
github.com/bgyss/c4/db/db.go:937.6,939.20 3 1
github.com/bgyss/c4/db/db.go:939.20,941.7 1 0
github.com/bgyss/c4/db/db.go:943.6,943.21 1 1
github.com/bgyss/c4/db/db.go:943.21,946.21 3 1
github.com/bgyss/c4/db/db.go:946.21,948.8 1 0
github.com/bgyss/c4/db/db.go:950.6,952.20 2 1
github.com/bgyss/c4/db/db.go:952.20,953.14 1 0
github.com/bgyss/c4/db/db.go:954.27,954.27 0 0
github.com/bgyss/c4/db/db.go:955.15,955.15 0 0
github.com/bgyss/c4/db/db.go:959.5,959.15 1 1
github.com/bgyss/c4/db/db.go:964.2,966.11 2 1
github.com/bgyss/c4/db/db.go:966.12,967.3 0 0
github.com/bgyss/c4/db/db.go:969.2,969.11 1 1
github.com/bgyss/c4/db/db.go:976.85,982.29 3 1
github.com/bgyss/c4/db/db.go:982.29,985.50 1 1
github.com/bgyss/c4/db/db.go:985.50,987.4 1 1
github.com/bgyss/c4/db/db.go:990.3,994.53 3 1
github.com/bgyss/c4/db/db.go:994.53,996.39 1 1
github.com/bgyss/c4/db/db.go:996.39,998.5 1 1
github.com/bgyss/c4/db/db.go:1001.3,1001.48 1 1
github.com/bgyss/c4/db/db.go:1005.2,1008.34 2 1
github.com/bgyss/c4/db/db.go:1008.34,1011.40 2 1
github.com/bgyss/c4/db/db.go:1011.40,1012.12 1 1
github.com/bgyss/c4/db/db.go:1015.3,1017.17 3 1
github.com/bgyss/c4/db/db.go:1017.17,1019.4 1 1
github.com/bgyss/c4/db/db.go:1020.3,1021.17 2 1
github.com/bgyss/c4/db/db.go:1021.17,1022.12 1 1
github.com/bgyss/c4/db/db.go:1024.3,1026.19 3 1
github.com/bgyss/c4/db/db.go:1030.2,1030.16 1 1
github.com/bgyss/c4/db/db.go:1043.54,1045.2 1 1
github.com/bgyss/c4/db/db.go:1054.52,1056.2 1 1
github.com/bgyss/c4/db/db.go:1078.53,1080.2 1 1
github.com/bgyss/c4/db/db.go:1082.29,1084.31 2 1
github.com/bgyss/c4/db/db.go:1084.31,1086.13 2 1
github.com/bgyss/c4/db/db.go:1086.13,1088.4 1 1
github.com/bgyss/c4/db/db.go:1093.32,1094.12 1 1
github.com/bgyss/c4/db/db.go:1094.12,1096.3 1 1
github.com/bgyss/c4/db/db.go:1097.2,1109.20 5 1
