mode: set
github.com/bgyss/c4/manifest/naturalsort/naturalsort.go:7.33,7.50 1 1
github.com/bgyss/c4/manifest/naturalsort/naturalsort.go:8.33,8.60 1 1
github.com/bgyss/c4/manifest/naturalsort/naturalsort.go:17.38,22.38 3 1
github.com/bgyss/c4/manifest/naturalsort/naturalsort.go:22.38,28.20 1 1
github.com/bgyss/c4/manifest/naturalsort/naturalsort.go:28.20,30.22 1 1
github.com/bgyss/c4/manifest/naturalsort/naturalsort.go:30.22,33.28 1 1
github.com/bgyss/c4/manifest/naturalsort/naturalsort.go:33.28,36.14 3 1
github.com/bgyss/c4/manifest/naturalsort/naturalsort.go:40.5,40.30 1 1
github.com/bgyss/c4/manifest/naturalsort/naturalsort.go:44.4,44.16 1 0
github.com/bgyss/c4/manifest/naturalsort/naturalsort.go:45.9,45.28 1 1
github.com/bgyss/c4/manifest/naturalsort/naturalsort.go:45.28,47.4 1 1
github.com/bgyss/c4/manifest/naturalsort/naturalsort.go:53.3,53.20 1 1
github.com/bgyss/c4/manifest/naturalsort/naturalsort.go:53.20,55.22 1 1
github.com/bgyss/c4/manifest/naturalsort/naturalsort.go:55.22,57.28 1 1
github.com/bgyss/c4/manifest/naturalsort/naturalsort.go:57.28,60.14 3 1
github.com/bgyss/c4/manifest/naturalsort/naturalsort.go:63.5,63.30 1 0
github.com/bgyss/c4/manifest/naturalsort/naturalsort.go:65.4,65.16 1 0
github.com/bgyss/c4/manifest/naturalsort/naturalsort.go:66.9,66.28 1 1
github.com/bgyss/c4/manifest/naturalsort/naturalsort.go:66.28,68.4 1 0
github.com/bgyss/c4/manifest/naturalsort/naturalsort.go:74.3,74.46 1 1
github.com/bgyss/c4/manifest/naturalsort/naturalsort.go:74.47,75.4 0 1
github.com/bgyss/c4/manifest/naturalsort/naturalsort.go:78.3,78.48 1 1
github.com/bgyss/c4/manifest/naturalsort/naturalsort.go:78.49,79.4 0 1
github.com/bgyss/c4/manifest/naturalsort/naturalsort.go:82.3,85.66 2 1
github.com/bgyss/c4/manifest/naturalsort/naturalsort.go:85.67,86.4 0 1
github.com/bgyss/c4/manifest/naturalsort/naturalsort.go:87.3,87.69 1 1
github.com/bgyss/c4/manifest/naturalsort/naturalsort.go:87.70,88.4 0 1
github.com/bgyss/c4/manifest/naturalsort/naturalsort.go:91.3,91.37 1 1
github.com/bgyss/c4/manifest/naturalsort/naturalsort.go:91.37,93.4 1 1
github.com/bgyss/c4/manifest/naturalsort/naturalsort.go:96.3,96.32 1 1
github.com/bgyss/c4/manifest/naturalsort/naturalsort.go:96.32,98.4 1 1
github.com/bgyss/c4/manifest/naturalsort/naturalsort.go:103.3,103.13 1 1
github.com/bgyss/c4/manifest/naturalsort/naturalsort.go:103.13,105.4 1 1
github.com/bgyss/c4/manifest/naturalsort/naturalsort.go:111.2,111.31 1 1
github.com/bgyss/c4/manifest/db.go:14.50,16.2 1 1
github.com/bgyss/c4/manifest/filemode.go:9.55,12.21 2 1
github.com/bgyss/c4/manifest/filemode.go:12.21,14.3 1 1
github.com/bgyss/c4/manifest/filemode.go:15.2,17.14 3 1
github.com/bgyss/c4/manifest/filemode.go:18.11,18.11 0 1
github.com/bgyss/c4/manifest/filemode.go:19.11,24.45 1 1
github.com/bgyss/c4/manifest/filemode.go:24.45,26.4 1 1
github.com/bgyss/c4/manifest/filemode.go:26.9,28.4 1 1
github.com/bgyss/c4/manifest/filemode.go:29.11,31.24 1 1
github.com/bgyss/c4/manifest/filemode.go:32.11,34.24 1 1
github.com/bgyss/c4/manifest/filemode.go:35.11,37.25 1 1
github.com/bgyss/c4/manifest/filemode.go:38.11,40.27 1 1
github.com/bgyss/c4/manifest/filemode.go:41.11,43.27 1 1
github.com/bgyss/c4/manifest/filemode.go:44.11,46.24 1 1
github.com/bgyss/c4/manifest/filemode.go:47.11,49.24 1 1
github.com/bgyss/c4/manifest/filemode.go:50.11,52.24 1 1
github.com/bgyss/c4/manifest/filemode.go:53.11,55.44 1 1
github.com/bgyss/c4/manifest/filemode.go:56.11,58.24 1 1
github.com/bgyss/c4/manifest/filemode.go:61.2,61.21 1 1
github.com/bgyss/c4/manifest/filemode.go:61.21,63.3 1 1
github.com/bgyss/c4/manifest/filemode.go:64.2,64.21 1 1
github.com/bgyss/c4/manifest/filemode.go:64.21,66.3 1 1
github.com/bgyss/c4/manifest/filemode.go:67.2,67.21 1 1
github.com/bgyss/c4/manifest/filemode.go:67.21,69.3 1 1
github.com/bgyss/c4/manifest/filemode.go:70.2,70.21 1 1
github.com/bgyss/c4/manifest/filemode.go:70.21,72.3 1 1
github.com/bgyss/c4/manifest/filemode.go:73.2,73.21 1 1
github.com/bgyss/c4/manifest/filemode.go:73.21,75.3 1 0
github.com/bgyss/c4/manifest/filemode.go:76.2,76.21 1 1
github.com/bgyss/c4/manifest/filemode.go:76.21,78.3 1 1
github.com/bgyss/c4/manifest/filemode.go:79.2,79.21 1 1
github.com/bgyss/c4/manifest/filemode.go:79.21,81.3 1 1
github.com/bgyss/c4/manifest/filemode.go:82.2,82.21 1 1
github.com/bgyss/c4/manifest/filemode.go:82.21,84.3 1 0
github.com/bgyss/c4/manifest/filemode.go:85.2,85.21 1 1
github.com/bgyss/c4/manifest/filemode.go:85.21,87.3 1 1
github.com/bgyss/c4/manifest/filemode.go:89.2,89.18 1 1
github.com/bgyss/c4/manifest/manifest.go:31.34,33.2 1 1
github.com/bgyss/c4/manifest/manifest.go:35.33,37.2 1 1
github.com/bgyss/c4/manifest/manifest.go:39.39,41.2 1 1
github.com/bgyss/c4/manifest/manifest.go:43.40,45.2 1 1
github.com/bgyss/c4/manifest/manifest.go:47.33,49.2 1 1
github.com/bgyss/c4/manifest/manifest.go:51.38,53.2 1 1
github.com/bgyss/c4/manifest/manifest.go:55.31,57.2 1 1
github.com/bgyss/c4/manifest/manifest.go:59.37,61.2 1 1
github.com/bgyss/c4/manifest/manifest.go:63.72,65.2 1 1
github.com/bgyss/c4/manifest/manifest.go:67.50,83.19 2 1
github.com/bgyss/c4/manifest/manifest.go:83.19,85.3 1 1
github.com/bgyss/c4/manifest/manifest.go:86.2,86.25 1 1
github.com/bgyss/c4/manifest/manifest.go:86.25,88.3 1 1
github.com/bgyss/c4/manifest/manifest.go:89.2,89.27 1 1
github.com/bgyss/c4/manifest/manifest.go:92.53,102.16 3 1
github.com/bgyss/c4/manifest/manifest.go:102.16,104.3 1 1
github.com/bgyss/c4/manifest/manifest.go:106.2,107.16 2 1
github.com/bgyss/c4/manifest/manifest.go:107.16,109.3 1 1
github.com/bgyss/c4/manifest/manifest.go:110.2,111.16 2 1
github.com/bgyss/c4/manifest/manifest.go:111.16,113.3 1 1
github.com/bgyss/c4/manifest/manifest.go:114.2,118.24 5 1
github.com/bgyss/c4/manifest/manifest.go:118.24,120.17 2 1
github.com/bgyss/c4/manifest/manifest.go:120.17,122.4 1 1
github.com/bgyss/c4/manifest/manifest.go:123.3,123.12 1 1
github.com/bgyss/c4/manifest/manifest.go:126.2,126.30 1 1
github.com/bgyss/c4/manifest/manifest.go:126.30,128.17 2 1
github.com/bgyss/c4/manifest/manifest.go:128.17,130.4 1 1
github.com/bgyss/c4/manifest/manifest.go:131.3,131.18 1 1
github.com/bgyss/c4/manifest/manifest.go:134.2,134.12 1 1
github.com/bgyss/c4/manifest/manifest.go:137.52,142.16 4 1
github.com/bgyss/c4/manifest/manifest.go:142.16,144.3 1 1
github.com/bgyss/c4/manifest/manifest.go:147.2,150.16 4 1
github.com/bgyss/c4/manifest/manifest.go:150.16,152.3 1 1
github.com/bgyss/c4/manifest/manifest.go:155.2,158.16 4 1
github.com/bgyss/c4/manifest/manifest.go:158.16,160.3 1 1
github.com/bgyss/c4/manifest/manifest.go:162.2,164.13 3 1
github.com/bgyss/c4/manifest/manifest.go:164.13,166.3 1 1
github.com/bgyss/c4/manifest/manifest.go:167.2,177.20 4 1
github.com/bgyss/c4/manifest/manifest.go:177.20,179.3 1 1
github.com/bgyss/c4/manifest/manifest.go:181.2,182.16 2 1
github.com/bgyss/c4/manifest/manifest.go:182.16,184.3 1 1
github.com/bgyss/c4/manifest/manifest.go:185.2,187.20 3 1
github.com/bgyss/c4/manifest/manifest.go:187.20,189.3 1 1
github.com/bgyss/c4/manifest/manifest.go:191.2,192.16 2 1
github.com/bgyss/c4/manifest/manifest.go:192.16,194.3 1 1
github.com/bgyss/c4/manifest/manifest.go:195.2,197.18 2 0
github.com/bgyss/c4/manifest/manifest.go:206.40,212.23 6 1
github.com/bgyss/c4/manifest/manifest.go:212.23,214.3 1 1
github.com/bgyss/c4/manifest/manifest.go:215.2,215.22 1 1
github.com/bgyss/c4/manifest/manifest.go:215.22,217.29 2 1
github.com/bgyss/c4/manifest/manifest.go:217.29,219.4 1 1
github.com/bgyss/c4/manifest/manifest.go:222.2,222.15 1 1
github.com/bgyss/c4/manifest/manifest.go:225.109,234.2 1 1
github.com/bgyss/c4/manifest/manifest.go:236.60,244.42 2 1
github.com/bgyss/c4/manifest/manifest.go:244.42,247.3 2 1
github.com/bgyss/c4/manifest/manifest.go:249.2,249.18 1 1
github.com/bgyss/c4/manifest/manifest.go:249.18,251.19 2 1
github.com/bgyss/c4/manifest/manifest.go:251.19,253.4 1 1
github.com/bgyss/c4/manifest/manifest.go:256.2,256.12 1 1
github.com/bgyss/c4/manifest/manifest.go:360.23,363.2 2 1
github.com/bgyss/c4/manifest/manifest.go:364.24,367.2 2 1
github.com/bgyss/c4/manifest/manifest.go:369.57,372.42 2 1
github.com/bgyss/c4/manifest/manifest.go:372.42,375.3 2 1
github.com/bgyss/c4/manifest/manifest.go:377.2,377.29 1 1
github.com/bgyss/c4/manifest/manifest.go:381.43,384.9 3 1
github.com/bgyss/c4/manifest/manifest.go:384.9,385.58 1 1
github.com/bgyss/c4/manifest/manifest.go:387.2,388.16 2 1
github.com/bgyss/c4/manifest/manifest.go:392.49,395.9 3 1
github.com/bgyss/c4/manifest/manifest.go:395.9,396.67 1 1
github.com/bgyss/c4/manifest/manifest.go:398.2,399.16 2 1
github.com/bgyss/c4/manifest/manifest.go:408.41,411.2 2 1
github.com/bgyss/c4/manifest/manifest.go:413.31,417.19 4 1
github.com/bgyss/c4/manifest/manifest.go:417.19,420.3 2 1
github.com/bgyss/c4/manifest/manifest.go:421.2,422.28 2 1
github.com/bgyss/c4/manifest/manifest.go:425.40,432.25 6 1
github.com/bgyss/c4/manifest/manifest.go:432.25,434.29 2 1
github.com/bgyss/c4/manifest/manifest.go:434.29,436.4 1 1
github.com/bgyss/c4/manifest/manifest.go:437.3,437.33 1 1
github.com/bgyss/c4/manifest/manifest.go:437.33,439.4 1 1
github.com/bgyss/c4/manifest/manifest.go:441.3,442.6 2 1
github.com/bgyss/c4/manifest/manifest.go:445.2,452.29 5 1
github.com/bgyss/c4/manifest/manifest.go:452.29,454.25 2 1
github.com/bgyss/c4/manifest/manifest.go:454.25,456.32 2 1
github.com/bgyss/c4/manifest/manifest.go:456.32,458.5 1 1
github.com/bgyss/c4/manifest/manifest.go:461.3,462.90 2 1
github.com/bgyss/c4/manifest/manifest.go:464.2,466.25 3 1
github.com/bgyss/c4/manifest/manifest.go:466.25,468.3 1 1
github.com/bgyss/c4/manifest/manifest.go:470.2,470.26 1 1
github.com/bgyss/c4/manifest/manifest.go:473.43,478.12 5 1
github.com/bgyss/c4/manifest/manifest.go:478.12,481.20 2 1
github.com/bgyss/c4/manifest/manifest.go:481.20,483.4 1 1
github.com/bgyss/c4/manifest/manifest.go:484.3,484.21 1 1
github.com/bgyss/c4/manifest/manifest.go:484.21,485.12 1 1
github.com/bgyss/c4/manifest/manifest.go:487.3,488.26 2 1
github.com/bgyss/c4/manifest/manifest.go:488.26,489.17 1 1
github.com/bgyss/c4/manifest/manifest.go:489.17,490.10 1 1
github.com/bgyss/c4/manifest/manifest.go:492.4,492.17 1 1
github.com/bgyss/c4/manifest/manifest.go:495.3,495.32 1 1
github.com/bgyss/c4/manifest/manifest.go:495.32,497.4 1 1
github.com/bgyss/c4/manifest/manifest.go:498.3,500.22 2 1
github.com/bgyss/c4/manifest/manifest.go:500.22,502.18 2 1
github.com/bgyss/c4/manifest/manifest.go:502.18,504.13 2 1
github.com/bgyss/c4/manifest/manifest.go:508.3,509.17 2 1
github.com/bgyss/c4/manifest/manifest.go:509.17,511.4 1 1
github.com/bgyss/c4/manifest/manifest.go:512.3,514.19 3 1
github.com/bgyss/c4/manifest/manifest.go:514.19,516.4 1 1
github.com/bgyss/c4/manifest/manifest.go:518.2,518.12 1 1
github.com/bgyss/c4/manifest/nillist.go:13.40,15.28 2 1
github.com/bgyss/c4/manifest/nillist.go:15.28,17.3 1 1
github.com/bgyss/c4/manifest/nillist.go:18.2,22.11 5 1
github.com/bgyss/c4/manifest/nillist.go:27.38,27.55 1 1
github.com/bgyss/c4/manifest/nillist.go:28.38,28.65 1 1
github.com/bgyss/c4/manifest/nillist.go:29.38,29.80 1 1
github.com/bgyss/c4/manifest/nillist.go:31.41,33.25 2 1
github.com/bgyss/c4/manifest/nillist.go:33.25,35.3 1 1
github.com/bgyss/c4/manifest/nillist.go:36.2,36.13 1 1
github.com/bgyss/c4/manifest/nillist.go:39.28,41.59 1 1
github.com/bgyss/c4/manifest/nillist.go:41.59,43.3 1 1
github.com/bgyss/c4/manifest/nillist.go:46.36,48.2 1 1
github.com/bgyss/c4/manifest/nillist.go:51.36,52.20 1 1
github.com/bgyss/c4/manifest/nillist.go:52.20,54.3 1 1
github.com/bgyss/c4/manifest/nillist.go:55.2,56.33 2 1
github.com/bgyss/c4/manifest/nillist.go:56.33,57.21 1 1
github.com/bgyss/c4/manifest/nillist.go:57.21,59.12 2 1
github.com/bgyss/c4/manifest/nillist.go:61.3,61.20 1 1
github.com/bgyss/c4/manifest/nillist.go:63.2,63.13 1 1
github.com/bgyss/c4/manifest/nillist.go:67.34,68.20 1 1
github.com/bgyss/c4/manifest/nillist.go:68.20,70.3 1 1
github.com/bgyss/c4/manifest/nillist.go:71.2,75.22 3 1
github.com/bgyss/c4/manifest/nillist.go:75.22,76.19 1 1
github.com/bgyss/c4/manifest/nillist.go:76.19,78.12 2 1
github.com/bgyss/c4/manifest/nillist.go:80.3,80.28 1 1
github.com/bgyss/c4/manifest/nillist.go:82.2,82.28 1 1
github.com/bgyss/c4/manifest/nillist.go:85.41,89.2 3 1
github.com/bgyss/c4/manifest/nillist.go:93.39,95.47 1 1
github.com/bgyss/c4/manifest/nillist.go:95.47,97.3 1 1
github.com/bgyss/c4/manifest/nillist.go:119.38,121.47 1 1
github.com/bgyss/c4/manifest/nillist.go:121.47,123.3 1 1
github.com/bgyss/c4/manifest/nillist.go:131.47,140.21 4 1
github.com/bgyss/c4/manifest/nillist.go:140.21,142.53 1 1
github.com/bgyss/c4/manifest/nillist.go:142.53,143.9 1 1
github.com/bgyss/c4/manifest/nillist.go:145.3,151.13 4 1
github.com/bgyss/c4/manifest/nillist.go:151.13,154.4 2 1
github.com/bgyss/c4/manifest/nillist.go:156.3,158.20 3 1
github.com/bgyss/c4/manifest/nillist.go:160.2,160.12 1 1
github.com/bgyss/c4/manifest/nillist.go:179.46,182.18 2 1
github.com/bgyss/c4/manifest/nillist.go:182.18,184.3 1 1
github.com/bgyss/c4/manifest/nillist.go:186.2,186.24 1 1
github.com/bgyss/c4/store/folder.go:17.37,17.59 1 1
github.com/bgyss/c4/store/folder.go:26.56,29.100 2 1
github.com/bgyss/c4/store/folder.go:29.100,31.3 1 1
github.com/bgyss/c4/store/folder.go:33.2,34.16 2 1
github.com/bgyss/c4/store/folder.go:34.16,36.3 1 1
github.com/bgyss/c4/store/folder.go:38.2,40.16 3 1
github.com/bgyss/c4/store/folder.go:40.16,42.3 1 1
github.com/bgyss/c4/store/folder.go:45.2,46.28 1 1
github.com/bgyss/c4/store/folder.go:46.28,48.3 1 1
github.com/bgyss/c4/store/folder.go:50.2,50.24 1 1
github.com/bgyss/c4/store/folder.go:55.55,57.16 2 1
github.com/bgyss/c4/store/folder.go:57.16,59.3 1 1
github.com/bgyss/c4/store/folder.go:60.2,60.22 1 1
github.com/bgyss/c4/store/folder.go:66.58,68.16 2 1
github.com/bgyss/c4/store/folder.go:68.16,70.3 1 1
github.com/bgyss/c4/store/folder.go:71.2,72.16 2 1
github.com/bgyss/c4/store/folder.go:72.16,74.3 1 1
github.com/bgyss/c4/store/folder.go:75.2,75.24 1 1
github.com/bgyss/c4/store/folder.go:78.40,80.16 2 1
github.com/bgyss/c4/store/folder.go:80.16,82.3 1 1
github.com/bgyss/c4/store/folder.go:83.2,83.24 1 1
github.com/bgyss/c4/store/logger.go:44.67,45.16 1 1
github.com/bgyss/c4/store/logger.go:45.16,47.3 1 1
github.com/bgyss/c4/store/logger.go:48.2,48.31 1 1
github.com/bgyss/c4/store/logger.go:52.56,56.26 3 1
github.com/bgyss/c4/store/logger.go:56.26,58.3 1 1
github.com/bgyss/c4/store/logger.go:61.2,62.16 2 1
github.com/bgyss/c4/store/logger.go:62.16,64.28 1 1
github.com/bgyss/c4/store/logger.go:64.28,66.4 1 1
github.com/bgyss/c4/store/logger.go:67.3,67.18 1 1
github.com/bgyss/c4/store/logger.go:71.2,71.57 1 1
github.com/bgyss/c4/store/logger.go:75.59,79.28 3 1
github.com/bgyss/c4/store/logger.go:79.28,81.3 1 1
github.com/bgyss/c4/store/logger.go:84.2,85.16 2 1
github.com/bgyss/c4/store/logger.go:85.16,87.28 1 1
github.com/bgyss/c4/store/logger.go:87.28,89.4 1 1
github.com/bgyss/c4/store/logger.go:90.3,90.18 1 1
github.com/bgyss/c4/store/logger.go:94.2,94.57 1 1
github.com/bgyss/c4/store/logger.go:98.41,102.28 3 1
github.com/bgyss/c4/store/logger.go:102.28,104.3 1 1
github.com/bgyss/c4/store/logger.go:107.2,108.16 2 1
github.com/bgyss/c4/store/logger.go:108.16,110.28 1 1
github.com/bgyss/c4/store/logger.go:110.28,112.4 1 1
github.com/bgyss/c4/store/logger.go:113.3,113.13 1 1
github.com/bgyss/c4/store/logger.go:116.2,116.12 1 1
github.com/bgyss/c4/store/logger.go:137.53,142.26 3 1
github.com/bgyss/c4/store/logger.go:142.26,144.3 1 1
github.com/bgyss/c4/store/logger.go:145.2,145.16 1 1
github.com/bgyss/c4/store/logger.go:145.16,147.3 1 1
github.com/bgyss/c4/store/logger.go:149.2,149.13 1 1
github.com/bgyss/c4/store/logger.go:150.14,151.26 1 1
github.com/bgyss/c4/store/logger.go:151.26,153.4 1 1
github.com/bgyss/c4/store/logger.go:154.20,155.32 1 1
github.com/bgyss/c4/store/logger.go:155.32,157.4 1 1
github.com/bgyss/c4/store/logger.go:158.10,159.28 1 1
github.com/bgyss/c4/store/logger.go:159.28,161.4 1 1
github.com/bgyss/c4/store/logger.go:163.2,164.15 2 1
github.com/bgyss/c4/store/logger.go:169.39,173.27 2 1
github.com/bgyss/c4/store/logger.go:173.27,175.3 1 1
github.com/bgyss/c4/store/logger.go:178.2,179.16 2 1
github.com/bgyss/c4/store/logger.go:179.16,181.3 1 1
github.com/bgyss/c4/store/logger.go:183.2,183.25 1 1
github.com/bgyss/c4/store/logger.go:183.25,185.32 1 1
github.com/bgyss/c4/store/logger.go:185.32,187.4 1 1
github.com/bgyss/c4/store/logger.go:188.8,188.34 1 1
github.com/bgyss/c4/store/logger.go:188.34,190.3 1 1
github.com/bgyss/c4/store/logger.go:193.2,194.12 2 1
github.com/bgyss/c4/store/logger.go:214.54,220.27 3 1
github.com/bgyss/c4/store/logger.go:220.27,222.3 1 1
github.com/bgyss/c4/store/logger.go:223.2,223.16 1 1
github.com/bgyss/c4/store/logger.go:223.16,225.3 1 1
github.com/bgyss/c4/store/logger.go:227.2,227.13 1 1
github.com/bgyss/c4/store/logger.go:228.14,229.26 1 1
github.com/bgyss/c4/store/logger.go:229.26,231.4 1 1
github.com/bgyss/c4/store/logger.go:232.20,233.32 1 1
github.com/bgyss/c4/store/logger.go:233.32,235.4 1 1
github.com/bgyss/c4/store/logger.go:236.10,237.28 1 1
github.com/bgyss/c4/store/logger.go:237.28,239.4 1 1
github.com/bgyss/c4/store/logger.go:241.2,242.15 2 1
github.com/bgyss/c4/store/logger.go:246.39,250.27 2 1
github.com/bgyss/c4/store/logger.go:250.27,252.3 1 1
github.com/bgyss/c4/store/logger.go:255.2,256.16 2 1
github.com/bgyss/c4/store/logger.go:256.16,258.3 1 1
github.com/bgyss/c4/store/logger.go:260.2,260.25 1 1
github.com/bgyss/c4/store/logger.go:260.25,262.32 1 1
github.com/bgyss/c4/store/logger.go:262.32,264.4 1 1
github.com/bgyss/c4/store/logger.go:265.8,265.34 1 1
github.com/bgyss/c4/store/logger.go:265.34,267.3 1 1
github.com/bgyss/c4/store/logger.go:270.2,271.12 2 1
github.com/bgyss/c4/store/map.go:16.37,18.2 1 1
github.com/bgyss/c4/store/map.go:22.52,24.2 1 1
github.com/bgyss/c4/store/map.go:29.55,31.2 1 1
github.com/bgyss/c4/store/map.go:35.37,37.2 1 1
github.com/bgyss/c4/store/map.go:39.31,41.2 1 1
github.com/bgyss/c4/store/map.go:43.43,45.2 1 1
github.com/bgyss/c4/store/map.go:47.78,50.9 3 1
github.com/bgyss/c4/store/map.go:50.9,53.3 2 1
github.com/bgyss/c4/store/map.go:54.2,54.21 1 1
github.com/bgyss/c4/store/map.go:57.56,58.26 1 1
github.com/bgyss/c4/store/map.go:58.26,59.19 1 1
github.com/bgyss/c4/store/map.go:59.19,61.4 1 1
github.com/bgyss/c4/store/ram.go:16.20,19.2 2 1
github.com/bgyss/c4/store/ram.go:28.47,29.22 1 1
github.com/bgyss/c4/store/ram.go:29.22,31.3 1 1
github.com/bgyss/c4/store/ram.go:33.2,35.15 3 1
github.com/bgyss/c4/store/ram.go:38.48,39.16 1 1
github.com/bgyss/c4/store/ram.go:39.16,41.3 1 1
github.com/bgyss/c4/store/ram.go:42.2,43.20 2 1
github.com/bgyss/c4/store/ram.go:46.33,47.16 1 1
github.com/bgyss/c4/store/ram.go:47.16,49.3 1 1
github.com/bgyss/c4/store/ram.go:50.2,51.12 2 1
github.com/bgyss/c4/store/ram.go:56.53,58.9 2 1
github.com/bgyss/c4/store/ram.go:58.9,60.3 1 1
github.com/bgyss/c4/store/ram.go:61.2,61.41 1 1
github.com/bgyss/c4/store/ram.go:67.56,69.8 2 1
github.com/bgyss/c4/store/ram.go:69.8,71.3 1 1
github.com/bgyss/c4/store/ram.go:73.2,73.46 1 1
github.com/bgyss/c4/store/ram.go:78.38,80.9 2 1
github.com/bgyss/c4/store/ram.go:80.9,82.3 1 1
github.com/bgyss/c4/store/ram.go:83.2,84.12 2 1
github.com/bgyss/c4/store/validating.go:24.41,26.2 1 1
github.com/bgyss/c4/store/validating.go:36.56,39.16 3 1
github.com/bgyss/c4/store/validating.go:39.16,41.3 1 1
github.com/bgyss/c4/store/validating.go:42.2,42.19 1 1
github.com/bgyss/c4/store/validating.go:42.19,43.19 1 1
github.com/bgyss/c4/store/validating.go:43.19,45.4 1 1
github.com/bgyss/c4/store/validating.go:47.2,47.15 1 1
github.com/bgyss/c4/store/validating.go:50.43,52.2 1 1
github.com/bgyss/c4/store/validating.go:54.42,56.18 2 1
github.com/bgyss/c4/store/validating.go:56.18,58.3 1 1
github.com/bgyss/c4/store/validating.go:59.2,59.12 1 1
github.com/bgyss/c4/store/validating.go:69.57,72.16 3 1
github.com/bgyss/c4/store/validating.go:72.16,74.3 1 1
github.com/bgyss/c4/store/validating.go:75.2,75.19 1 1
github.com/bgyss/c4/store/validating.go:75.19,76.19 1 1
github.com/bgyss/c4/store/validating.go:76.19,80.4 3 1
github.com/bgyss/c4/store/validating.go:82.2,82.15 1 1
github.com/bgyss/c4/store/validating.go:85.43,87.2 1 1
github.com/bgyss/c4/store/validating.go:89.42,91.18 2 1
github.com/bgyss/c4/store/validating.go:91.18,94.3 2 1
github.com/bgyss/c4/store/validating.go:95.2,95.12 1 1
github.com/bgyss/c4/store/validating.go:100.60,102.16 2 1
github.com/bgyss/c4/store/validating.go:102.16,104.3 1 1
github.com/bgyss/c4/store/validating.go:105.2,105.52 1 1
github.com/bgyss/c4/store/validating.go:111.63,113.16 2 1
github.com/bgyss/c4/store/validating.go:113.16,115.3 1 1
github.com/bgyss/c4/store/validating.go:116.2,116.64 1 1
github.com/bgyss/c4/store/validating.go:119.45,121.2 1 1
github.com/bgyss/c4/util/charset.go:39.13,43.28 4 1
github.com/bgyss/c4/util/charset.go:43.28,46.3 2 1
github.com/bgyss/c4/util/charset.go:50.43,51.26 1 1
github.com/bgyss/c4/util/charset.go:51.26,53.3 1 1
github.com/bgyss/c4/util/charset.go:54.2,56.22 3 1
github.com/bgyss/c4/util/charset.go:56.22,58.17 2 1
github.com/bgyss/c4/util/charset.go:58.17,59.12 1 1
github.com/bgyss/c4/util/charset.go:61.3,61.22 1 1
github.com/bgyss/c4/util/charset.go:61.22,63.4 1 1
github.com/bgyss/c4/util/charset.go:65.2,65.13 1 1
github.com/bgyss/c4/util/charset.go:72.60,73.24 1 1
github.com/bgyss/c4/util/charset.go:73.24,75.3 1 1
github.com/bgyss/c4/util/charset.go:76.2,80.31 5 1
github.com/bgyss/c4/util/charset.go:80.31,83.3 2 1
github.com/bgyss/c4/util/charset.go:84.2,85.19 2 1
github.com/bgyss/c4/util/charset.go:85.19,88.26 3 1
github.com/bgyss/c4/util/charset.go:88.26,89.19 1 1
github.com/bgyss/c4/util/charset.go:89.19,91.5 1 1
github.com/bgyss/c4/util/charset.go:92.4,93.12 2 1
github.com/bgyss/c4/util/charset.go:95.3,95.40 1 1
github.com/bgyss/c4/util/charset.go:95.40,97.4 1 1
github.com/bgyss/c4/util/charset.go:98.3,98.13 1 1
github.com/bgyss/c4/util/charset.go:100.2,100.17 1 1
github.com/bgyss/c4/util/charset.go:100.17,102.3 1 1
github.com/bgyss/c4/util/charset.go:103.2,103.15 1 1
github.com/bgyss/c4/util/charset.go:111.42,112.15 1 1
github.com/bgyss/c4/util/charset.go:112.15,114.3 1 1
github.com/bgyss/c4/util/charset.go:115.2,118.26 3 1
github.com/bgyss/c4/util/charset.go:118.26,120.3 1 1
github.com/bgyss/c4/util/charset.go:121.2,122.14 2 1
github.com/bgyss/c4/util/charset.go:128.42,129.15 1 1
github.com/bgyss/c4/util/charset.go:129.15,131.3 1 1
github.com/bgyss/c4/util/charset.go:132.2,135.26 3 1
github.com/bgyss/c4/util/charset.go:135.26,137.3 1 1
github.com/bgyss/c4/util/charset.go:138.2,139.14 2 1
github.com/bgyss/c4/cmd/c4/flags.go:23.13,25.2 1 1
github.com/bgyss/c4/cmd/c4/flags.go:27.39,32.20 2 1
github.com/bgyss/c4/cmd/c4/flags.go:32.20,35.3 2 1
github.com/bgyss/c4/cmd/c4/flags.go:36.2,44.160 7 1
github.com/bgyss/c4/cmd/c4/id.go:17.35,20.16 3 1
github.com/bgyss/c4/cmd/c4/id.go:20.16,21.13 1 0
github.com/bgyss/c4/cmd/c4/id.go:23.2,23.15 1 1
github.com/bgyss/c4/cmd/c4/id.go:26.38,30.16 3 1
github.com/bgyss/c4/cmd/c4/id.go:30.16,34.3 3 1
github.com/bgyss/c4/cmd/c4/id.go:35.2,37.8 3 1
github.com/bgyss/c4/cmd/c4/id.go:40.22,44.2 3 1
github.com/bgyss/c4/cmd/c4/id.go:46.25,47.37 1 1
github.com/bgyss/c4/cmd/c4/id.go:47.37,49.3 1 1
github.com/bgyss/c4/cmd/c4/id.go:49.8,51.3 1 1
github.com/bgyss/c4/cmd/c4/main.go:30.26,32.3 1 1
github.com/bgyss/c4/cmd/c4/main.go:33.46,35.3 1 1
github.com/bgyss/c4/cmd/c4/main.go:39.47,41.3 1 1
github.com/bgyss/c4/cmd/c4/main.go:44.13,51.47 7 1
github.com/bgyss/c4/cmd/c4/main.go:51.47,53.3 1 0
github.com/bgyss/c4/cmd/c4/main.go:54.2,54.50 1 1
github.com/bgyss/c4/cmd/c4/main.go:54.50,56.3 1 0
github.com/bgyss/c4/cmd/c4/main.go:59.29,61.2 1 1
github.com/bgyss/c4/cmd/c4/main.go:63.13,66.18 3 1
github.com/bgyss/c4/cmd/c4/main.go:66.18,69.3 2 1
github.com/bgyss/c4/cmd/c4/main.go:71.2,71.24 1 1
github.com/bgyss/c4/cmd/c4/main.go:71.24,73.3 1 1
github.com/bgyss/c4/cmd/c4/main.go:73.8,73.81 1 1
github.com/bgyss/c4/cmd/c4/main.go:73.81,75.3 1 1
github.com/bgyss/c4/cmd/c4/main.go:75.8,77.3 1 1
github.com/bgyss/c4/cmd/c4/main.go:78.2,78.15 1 1
github.com/bgyss/c4/cmd/c4/main.go:81.16,84.18 3 1
github.com/bgyss/c4/cmd/c4/main.go:84.18,87.3 2 1
github.com/bgyss/c4/cmd/c4/main.go:89.2,89.24 1 1
github.com/bgyss/c4/cmd/c4/main.go:89.24,92.3 2 1
github.com/bgyss/c4/cmd/c4/main.go:93.2,93.74 1 1
github.com/bgyss/c4/cmd/c4/main.go:93.74,95.3 1 1
github.com/bgyss/c4/cmd/c4/main.go:96.2,96.34 1 1
github.com/bgyss/c4/cmd/c4/main.go:99.22,101.56 2 1
github.com/bgyss/c4/cmd/c4/main.go:101.56,104.3 2 1
github.com/bgyss/c4/cmd/c4/main.go:104.8,106.3 1 1
github.com/bgyss/c4/cmd/c4/main.go:109.41,111.16 2 1
github.com/bgyss/c4/cmd/c4/main.go:111.16,115.3 3 1
github.com/bgyss/c4/cmd/c4/main.go:116.2,118.10 3 1
github.com/bgyss/c4/cmd/c4/main.go:121.44,122.32 1 1
github.com/bgyss/c4/cmd/c4/main.go:122.32,124.17 2 1
github.com/bgyss/c4/cmd/c4/main.go:124.17,128.4 3 1
github.com/bgyss/c4/cmd/c4/main.go:129.3,129.16 1 1
github.com/bgyss/c4/cmd/c4/main.go:129.16,131.4 1 1
github.com/bgyss/c4/cmd/c4/main.go:132.3,132.34 1 1
github.com/bgyss/c4/cmd/c4/main.go:134.2,134.10 1 1
github.com/bgyss/c4/cmd/c4/output.go:8.98,9.33 1 1
github.com/bgyss/c4/cmd/c4/output.go:9.33,12.3 2 1
github.com/bgyss/c4/cmd/c4/output.go:12.8,15.3 2 1
github.com/bgyss/c4/cmd/c4/output.go:16.2,17.29 2 1
github.com/bgyss/c4/cmd/c4/output.go:17.29,19.3 1 1
github.com/bgyss/c4/cmd/c4/output.go:19.8,21.3 1 1
github.com/bgyss/c4/cmd/c4/output.go:22.2,22.27 1 1
github.com/bgyss/c4/cmd/c4/output.go:22.27,24.3 1 1
github.com/bgyss/c4/cmd/c4/output.go:24.8,26.21 2 1
github.com/bgyss/c4/cmd/c4/output.go:26.21,28.4 1 1
github.com/bgyss/c4/cmd/c4/output.go:29.3,29.44 1 1
github.com/bgyss/c4/cmd/c4/output.go:31.2,31.45 1 1
github.com/bgyss/c4/cmd/c4/output.go:34.55,39.20 4 1
github.com/bgyss/c4/cmd/c4/output.go:39.20,41.3 1 1
github.com/bgyss/c4/cmd/c4/output.go:42.2,42.18 1 1
github.com/bgyss/c4/cmd/c4/output.go:42.18,44.3 1 1
github.com/bgyss/c4/cmd/c4/output.go:44.8,45.34 1 1
github.com/bgyss/c4/cmd/c4/output.go:45.34,47.4 1 1
github.com/bgyss/c4/cmd/c4/output.go:47.9,49.4 1 1
github.com/bgyss/c4/cmd/c4/walker.go:14.51,16.3 1 1
github.com/bgyss/c4/cmd/c4/walker.go:19.57,22.16 3 1
github.com/bgyss/c4/cmd/c4/walker.go:22.16,26.3 3 1
github.com/bgyss/c4/cmd/c4/walker.go:28.2,34.13 6 1
github.com/bgyss/c4/cmd/c4/walker.go:37.83,39.16 2 1
github.com/bgyss/c4/cmd/c4/walker.go:39.16,43.3 3 1
github.com/bgyss/c4/cmd/c4/walker.go:45.2,46.28 2 1
github.com/bgyss/c4/cmd/c4/walker.go:46.28,48.3 1 1
github.com/bgyss/c4/cmd/c4/walker.go:48.8,48.48 1 1
github.com/bgyss/c4/cmd/c4/walker.go:48.48,52.3 3 1
github.com/bgyss/c4/cmd/c4/walker.go:52.8,52.33 1 1
github.com/bgyss/c4/cmd/c4/walker.go:52.33,54.17 2 1
github.com/bgyss/c4/cmd/c4/walker.go:54.17,58.4 3 1
github.com/bgyss/c4/cmd/c4/walker.go:58.9,63.4 4 1
github.com/bgyss/c4/cmd/c4/walker.go:64.8,65.29 1 1
github.com/bgyss/c4/cmd/c4/walker.go:65.29,67.18 2 1
github.com/bgyss/c4/cmd/c4/walker.go:67.18,71.5 3 1
github.com/bgyss/c4/cmd/c4/walker.go:72.4,73.31 2 1
github.com/bgyss/c4/cmd/c4/walker.go:73.31,76.5 2 1
github.com/bgyss/c4/cmd/c4/walker.go:77.4,77.22 1 1
github.com/bgyss/c4/cmd/c4/walker.go:78.9,80.4 1 1
github.com/bgyss/c4/cmd/c4/walker.go:82.2,83.34 2 1
github.com/bgyss/c4/cmd/c4/walker.go:83.34,85.3 1 1
github.com/bgyss/c4/cmd/c4/walker.go:86.2,86.8 1 1
github.com/bgyss/c4/id.go:38.36,40.2 1 1
github.com/bgyss/c4/id.go:44.38,46.2 1 1
github.com/bgyss/c4/id.go:50.32,52.2 1 1
github.com/bgyss/c4/id.go:56.40,58.2 1 1
github.com/bgyss/c4/id.go:60.13,61.21 1 1
github.com/bgyss/c4/id.go:61.21,63.3 1 1
github.com/bgyss/c4/id.go:64.2,64.28 1 1
github.com/bgyss/c4/id.go:64.28,66.3 1 1
github.com/bgyss/c4/id.go:67.2,67.26 1 1
github.com/bgyss/c4/id.go:67.26,69.3 1 1
github.com/bgyss/c4/id.go:81.38,84.33 3 1
github.com/bgyss/c4/id.go:84.33,86.3 1 1
github.com/bgyss/c4/id.go:87.2,88.11 2 1
github.com/bgyss/c4/id.go:130.27,131.26 1 1
github.com/bgyss/c4/id.go:131.26,132.13 1 1
github.com/bgyss/c4/id.go:132.13,134.4 1 1
github.com/bgyss/c4/id.go:136.2,136.13 1 1
github.com/bgyss/c4/id.go:140.39,142.22 2 1
github.com/bgyss/c4/id.go:142.22,144.3 1 1
github.com/bgyss/c4/id.go:145.2,146.20 2 1
github.com/bgyss/c4/id.go:146.20,148.3 1 1
github.com/bgyss/c4/id.go:149.2,151.32 3 1
github.com/bgyss/c4/id.go:151.32,153.16 2 1
github.com/bgyss/c4/id.go:153.16,155.4 1 1
github.com/bgyss/c4/id.go:156.3,157.43 2 1
github.com/bgyss/c4/id.go:159.2,160.20 2 1
github.com/bgyss/c4/id.go:160.20,162.3 1 0
github.com/bgyss/c4/id.go:163.2,164.29 2 1
github.com/bgyss/c4/id.go:164.29,166.3 1 1
github.com/bgyss/c4/id.go:168.2,168.15 1 1
github.com/bgyss/c4/id.go:168.15,170.30 2 1
github.com/bgyss/c4/id.go:170.30,172.4 1 1
github.com/bgyss/c4/id.go:175.2,176.16 2 1
github.com/bgyss/c4/id.go:180.30,182.2 1 1
github.com/bgyss/c4/id.go:193.27,194.15 1 1
github.com/bgyss/c4/id.go:194.15,196.3 1 1
github.com/bgyss/c4/id.go:197.2,197.34 1 1
github.com/bgyss/c4/id.go:201.30,211.25 8 1
github.com/bgyss/c4/id.go:211.25,213.3 1 1
github.com/bgyss/c4/id.go:214.2,217.53 3 1
github.com/bgyss/c4/id.go:217.53,220.3 2 1
github.com/bgyss/c4/id.go:222.2,222.24 1 1
github.com/bgyss/c4/id.go:226.34,228.2 1 1
github.com/bgyss/c4/id.go:230.26,231.35 1 1
github.com/bgyss/c4/id.go:232.10,232.10 0 1
github.com/bgyss/c4/id.go:234.9,235.14 1 1
github.com/bgyss/c4/id.go:236.9,237.11 1 1
github.com/bgyss/c4/id.go:240.2,245.11 6 1
github.com/bgyss/c4/id.go:248.48,250.17 2 1
github.com/bgyss/c4/id.go:250.17,252.3 1 1
github.com/bgyss/c4/id.go:253.2,254.16 2 1
github.com/bgyss/c4/id.go:254.16,256.3 1 0
github.com/bgyss/c4/id.go:257.2,258.12 2 1
github.com/bgyss/c4/id.go:261.44,262.16 1 1
github.com/bgyss/c4/id.go:262.16,264.3 1 1
github.com/bgyss/c4/id.go:265.2,265.45 1 1
github.com/bgyss/c4/id.go:270.34,270.51 1 1
github.com/bgyss/c4/id.go:271.34,271.80 1 1
github.com/bgyss/c4/id.go:272.34,272.61 1 1
github.com/bgyss/c4/id.go:275.26,276.23 1 1
github.com/bgyss/c4/id.go:276.23,278.3 1 1
github.com/bgyss/c4/id.go:279.2,283.10 5 1
github.com/bgyss/c4/id.go:286.22,289.2 2 1
github.com/bgyss/c4/tree.go:18.27,20.42 2 1
github.com/bgyss/c4/tree.go:20.42,22.3 1 1
github.com/bgyss/c4/tree.go:23.2,26.23 3 1
github.com/bgyss/c4/tree.go:26.23,28.3 1 1
github.com/bgyss/c4/tree.go:29.2,29.19 1 1
github.com/bgyss/c4/tree.go:32.42,37.16 3 1
github.com/bgyss/c4/tree.go:37.16,39.3 1 1
github.com/bgyss/c4/tree.go:40.2,40.20 1 1
github.com/bgyss/c4/tree.go:40.20,42.3 1 1
github.com/bgyss/c4/tree.go:43.2,44.22 2 1
github.com/bgyss/c4/tree.go:44.22,46.3 1 1
github.com/bgyss/c4/tree.go:47.2,48.28 2 1
github.com/bgyss/c4/tree.go:48.28,50.3 1 1
github.com/bgyss/c4/tree.go:52.2,53.20 2 1
github.com/bgyss/c4/tree.go:53.20,55.34 2 1
github.com/bgyss/c4/tree.go:55.34,57.4 1 1
github.com/bgyss/c4/tree.go:58.3,58.37 1 1
github.com/bgyss/c4/tree.go:62.2,62.18 1 1
github.com/bgyss/c4/tree.go:66.33,70.38 3 1
github.com/bgyss/c4/tree.go:70.38,72.34 2 1
github.com/bgyss/c4/tree.go:72.34,74.17 2 1
github.com/bgyss/c4/tree.go:74.17,76.5 1 1
github.com/bgyss/c4/tree.go:76.10,78.70 2 1
github.com/bgyss/c4/tree.go:78.70,81.6 2 1
github.com/bgyss/c4/tree.go:81.11,83.6 1 1
github.com/bgyss/c4/tree.go:84.5,84.41 1 1
github.com/bgyss/c4/tree.go:88.2,89.11 2 1
github.com/bgyss/c4/tree.go:92.31,95.16 3 1
github.com/bgyss/c4/tree.go:95.16,97.3 1 1
github.com/bgyss/c4/tree.go:99.2,99.34 1 1
github.com/bgyss/c4/tree.go:99.34,102.3 2 1
github.com/bgyss/c4/tree.go:103.2,103.19 1 1
github.com/bgyss/c4/tree.go:106.28,107.27 1 1
github.com/bgyss/c4/tree.go:107.27,108.13 1 1
github.com/bgyss/c4/tree.go:108.13,110.4 1 1
github.com/bgyss/c4/tree.go:112.2,112.14 1 1
github.com/bgyss/c4/tree.go:116.30,117.16 1 1
github.com/bgyss/c4/tree.go:117.16,119.3 1 1
github.com/bgyss/c4/tree.go:120.2,120.10 1 1
github.com/bgyss/c4/tree.go:124.25,126.2 1 1
github.com/bgyss/c4/tree.go:129.28,130.16 1 1
github.com/bgyss/c4/tree.go:130.16,132.3 1 1
github.com/bgyss/c4/tree.go:133.2,134.11 2 1
github.com/bgyss/c4/tree.go:137.38,143.37 5 1
github.com/bgyss/c4/tree.go:143.37,145.3 1 1
github.com/bgyss/c4/tree.go:146.2,149.17 3 1
github.com/bgyss/c4/tree.go:149.17,155.3 5 1
github.com/bgyss/c4/tree.go:157.2,157.13 1 1
github.com/bgyss/c4/tree.go:162.30,163.16 1 1
github.com/bgyss/c4/tree.go:163.16,165.3 1 1
github.com/bgyss/c4/tree.go:166.2,168.15 3 1
github.com/bgyss/c4/tree.go:168.15,170.3 1 0
github.com/bgyss/c4/tree.go:171.2,171.17 1 1
github.com/bgyss/c4/tree.go:171.17,174.17 3 1
github.com/bgyss/c4/tree.go:174.17,176.4 1 1
github.com/bgyss/c4/tree.go:177.3,177.16 1 1
github.com/bgyss/c4/tree.go:177.16,179.12 2 1
github.com/bgyss/c4/tree.go:181.3,181.19 1 1
github.com/bgyss/c4/tree.go:183.2,183.10 1 1
github.com/bgyss/c4/tree.go:188.26,191.31 2 1
github.com/bgyss/c4/tree.go:191.31,193.3 1 1
github.com/bgyss/c4/tree.go:194.2,194.14 1 1
github.com/bgyss/c4/id/common_ids.go:17.13,22.21 5 1
github.com/bgyss/c4/id/common_ids.go:22.21,24.3 1 1
github.com/bgyss/c4/id/common_ids.go:25.2,25.30 1 1
github.com/bgyss/c4/id/digest.go:22.33,23.17 1 1
github.com/bgyss/c4/id/digest.go:23.17,25.3 1 1
github.com/bgyss/c4/id/digest.go:27.2,27.18 1 1
github.com/bgyss/c4/id/digest.go:27.18,29.3 1 1
github.com/bgyss/c4/id/digest.go:30.2,33.20 3 1
github.com/bgyss/c4/id/digest.go:40.38,41.29 1 1
github.com/bgyss/c4/id/digest.go:42.10,42.10 0 1
github.com/bgyss/c4/id/digest.go:44.9,45.14 1 1
github.com/bgyss/c4/id/digest.go:46.9,47.11 1 1
github.com/bgyss/c4/id/digest.go:50.2,53.30 4 1
github.com/bgyss/c4/id/digest.go:58.26,62.2 3 1
github.com/bgyss/c4/id/digest.go:67.51,68.17 1 1
github.com/bgyss/c4/id/digest.go:68.17,70.3 1 1
github.com/bgyss/c4/id/digest.go:71.2,72.16 2 1
github.com/bgyss/c4/id/digest.go:80.52,81.17 1 1
github.com/bgyss/c4/id/digest.go:81.17,83.3 1 1
github.com/bgyss/c4/id/digest.go:84.2,85.16 2 1
github.com/bgyss/c4/id/digest_slice.go:22.45,24.14 2 1
github.com/bgyss/c4/id/digest_slice.go:24.14,26.3 1 1
github.com/bgyss/c4/id/digest_slice.go:27.2,30.40 2 1
github.com/bgyss/c4/id/digest_slice.go:30.40,32.3 1 1
github.com/bgyss/c4/id/digest_slice.go:33.2,38.10 5 1
github.com/bgyss/c4/id/digest_slice.go:45.40,47.17 2 1
github.com/bgyss/c4/id/digest_slice.go:47.17,49.3 1 1
github.com/bgyss/c4/id/digest_slice.go:54.2,57.20 3 1
github.com/bgyss/c4/id/digest_slice.go:57.20,63.39 4 1
github.com/bgyss/c4/id/digest_slice.go:63.39,65.4 1 1
github.com/bgyss/c4/id/digest_slice.go:67.3,67.15 1 1
github.com/bgyss/c4/id/digest_slice.go:67.15,69.4 1 1
github.com/bgyss/c4/id/digest_slice.go:72.2,72.16 1 1
github.com/bgyss/c4/id/digest_slice.go:77.44,79.46 2 1
github.com/bgyss/c4/id/digest_slice.go:79.46,79.84 1 1
github.com/bgyss/c4/id/digest_slice.go:94.52,96.24 2 1
github.com/bgyss/c4/id/digest_slice.go:96.24,98.3 1 1
github.com/bgyss/c4/id/digest_slice.go:99.2,99.27 1 1
github.com/bgyss/c4/id/digest_slice.go:99.27,101.3 1 1
github.com/bgyss/c4/id/digest_slice.go:102.2,102.25 1 1
github.com/bgyss/c4/id/digest_slice.go:108.52,109.20 1 1
github.com/bgyss/c4/id/digest_slice.go:109.20,111.3 1 1
github.com/bgyss/c4/id/digest_slice.go:112.2,112.34 1 1
github.com/bgyss/c4/id/digest_slice.go:112.34,116.3 3 1
github.com/bgyss/c4/id/digest_slice.go:117.2,117.20 1 1
github.com/bgyss/c4/id/encoder.go:16.28,20.2 1 1
github.com/bgyss/c4/id/encoder.go:23.48,25.2 1 1
github.com/bgyss/c4/id/encoder.go:28.28,33.2 4 1
github.com/bgyss/c4/id/encoder.go:36.35,38.2 1 1
github.com/bgyss/c4/id/encoder.go:41.27,43.2 1 1
github.com/bgyss/c4/id/encoding.go:8.56,9.15 1 1
github.com/bgyss/c4/id/encoding.go:9.15,11.3 1 1
github.com/bgyss/c4/id/encoding.go:12.2,12.33 1 1
github.com/bgyss/c4/id/encoding.go:15.50,17.14 2 1
github.com/bgyss/c4/id/encoding.go:17.14,19.3 1 1
github.com/bgyss/c4/id/encoding.go:20.2,21.12 2 1
github.com/bgyss/c4/id/encoding.go:24.54,25.15 1 1
github.com/bgyss/c4/id/encoding.go:25.15,27.3 1 1
github.com/bgyss/c4/id/encoding.go:28.2,28.33 1 1
github.com/bgyss/c4/id/encoding.go:31.48,33.16 2 1
github.com/bgyss/c4/id/encoding.go:33.16,35.3 1 1
github.com/bgyss/c4/id/encoding.go:36.2,37.12 2 1
github.com/bgyss/c4/id/encoding.go:40.57,41.38 1 1
github.com/bgyss/c4/id/encoding.go:41.38,43.3 1 1
github.com/bgyss/c4/id/encoding.go:45.2,45.46 1 1
github.com/bgyss/c4/id/encoding.go:45.46,47.3 1 1
github.com/bgyss/c4/id/encoding.go:49.2,49.20 1 1
github.com/bgyss/c4/id/encoding.go:52.51,56.21 1 1
github.com/bgyss/c4/id/encoding.go:56.21,58.3 1 1
github.com/bgyss/c4/id/encoding.go:59.2,60.22 2 1
github.com/bgyss/c4/id/encoding.go:60.22,63.3 2 1
github.com/bgyss/c4/id/encoding.go:64.2,66.49 2 1
github.com/bgyss/c4/id/encoding.go:66.49,68.3 1 1
github.com/bgyss/c4/id/encoding.go:72.2,77.12 5 1
github.com/bgyss/c4/id/encoding.go:80.55,82.2 1 1
github.com/bgyss/c4/id/errors.go:9.36,11.2 1 1
github.com/bgyss/c4/id/errors.go:15.38,17.2 1 1
github.com/bgyss/c4/id/errors.go:21.32,23.2 1 1
github.com/bgyss/c4/id/errors.go:27.40,29.2 1 1
github.com/bgyss/c4/id/id.go:20.13,21.32 1 1
github.com/bgyss/c4/id/id.go:21.32,23.3 1 1
github.com/bgyss/c4/id/id.go:24.2,24.36 1 1
github.com/bgyss/c4/id/id.go:24.36,26.3 1 1
github.com/bgyss/c4/id/id.go:33.37,35.2 1 1
github.com/bgyss/c4/id/id.go:38.35,40.2 1 1
github.com/bgyss/c4/id/id.go:43.31,45.2 1 1
github.com/bgyss/c4/id/id.go:56.29,57.14 1 1
github.com/bgyss/c4/id/id.go:57.14,59.3 1 1
github.com/bgyss/c4/id/id.go:60.2,62.23 3 1
github.com/bgyss/c4/id/id.go:68.44,69.20 1 1
github.com/bgyss/c4/id/id.go:69.20,71.3 1 1
github.com/bgyss/c4/id/id.go:72.2,74.32 3 1
github.com/bgyss/c4/id/id.go:74.32,76.16 2 1
github.com/bgyss/c4/id/id.go:76.16,78.4 1 1
github.com/bgyss/c4/id/id.go:79.3,80.43 2 1
github.com/bgyss/c4/id/id.go:82.2,83.17 2 1
github.com/bgyss/c4/id/id.go:88.30,96.30 8 1
github.com/bgyss/c4/id/id.go:96.30,99.3 2 1
github.com/bgyss/c4/id/id.go:101.2,105.16 4 1
github.com/bgyss/c4/id/id.go:109.36,111.2 1 1
github.com/bgyss/c4/id/identify.go:8.34,11.33 3 1
github.com/bgyss/c4/id/identify.go:11.33,13.3 1 1
github.com/bgyss/c4/id/identify.go:14.2,14.15 1 1
github.com/bgyss/c4/id/marshal.go:6.43,8.2 1 1
github.com/bgyss/c4/id/marshal.go:11.43,13.2 1 1
github.com/bgyss/c4/id/marshal.go:16.45,18.35 2 1
github.com/bgyss/c4/id/marshal.go:18.35,20.3 1 1
github.com/bgyss/c4/id/marshal.go:21.2,21.45 1 1
github.com/bgyss/c4/id/marshal.go:25.48,30.2 3 1
github.com/bgyss/c4/id/slice.go:8.32,9.15 1 1
github.com/bgyss/c4/id/slice.go:9.15,11.3 1 1
github.com/bgyss/c4/id/slice.go:12.2,15.41 2 1
github.com/bgyss/c4/id/slice.go:15.41,17.3 1 1
github.com/bgyss/c4/id/slice.go:18.2,21.14 3 1
github.com/bgyss/c4/id/slice.go:25.33,27.24 2 1
github.com/bgyss/c4/id/slice.go:27.24,29.3 1 1
github.com/bgyss/c4/id/slice.go:30.2,30.15 1 1
github.com/bgyss/c4/id/slice.go:35.34,36.15 1 1
github.com/bgyss/c4/id/slice.go:36.15,38.3 1 1
github.com/bgyss/c4/id/slice.go:39.2,39.46 1 1
github.com/bgyss/c4/id/slice.go:39.46,39.89 1 1
github.com/bgyss/c4/id/slice.go:42.26,43.14 1 1
github.com/bgyss/c4/id/slice.go:43.14,45.3 1 1
github.com/bgyss/c4/id/slice.go:46.2,46.11 1 1
github.com/bgyss/c4/id/slice.go:54.25,59.23 2 1
github.com/bgyss/c4/id/slice.go:59.23,60.16 1 1
github.com/bgyss/c4/id/slice.go:60.16,62.4 1 1
github.com/bgyss/c4/id/slice.go:63.3,63.41 1 1
github.com/bgyss/c4/id/slice.go:65.2,67.15 2 1
github.com/bgyss/c4/id/tree.go:25.35,28.27 3 1
github.com/bgyss/c4/id/tree.go:28.27,30.3 1 1
github.com/bgyss/c4/id/tree.go:31.2,34.3 1 1
github.com/bgyss/c4/id/tree.go:37.30,39.2 1 1
github.com/bgyss/c4/id/tree.go:41.32,43.2 1 1
github.com/bgyss/c4/id/tree.go:45.31,47.2 1 1
github.com/bgyss/c4/id/tree.go:49.36,52.25 3 1
github.com/bgyss/c4/id/tree.go:52.25,55.3 2 1
github.com/bgyss/c4/id/tree.go:56.2,56.16 1 1
github.com/bgyss/c4/id/tree.go:60.42,63.2 2 1
github.com/bgyss/c4/id/tree.go:66.33,68.40 2 1
github.com/bgyss/c4/id/tree.go:68.40,70.34 2 1
github.com/bgyss/c4/id/tree.go:70.34,72.17 2 1
github.com/bgyss/c4/id/tree.go:72.17,74.5 1 1
github.com/bgyss/c4/id/tree.go:74.10,78.74 2 1
github.com/bgyss/c4/id/tree.go:78.74,81.6 2 1
github.com/bgyss/c4/id/tree.go:81.11,84.6 1 1
github.com/bgyss/c4/id/tree.go:85.5,85.43 1 1
github.com/bgyss/c4/id/tree.go:89.2,89.26 1 1
github.com/bgyss/c4/id/tree.go:92.32,94.29 2 1
github.com/bgyss/c4/id/tree.go:94.29,95.37 1 1
github.com/bgyss/c4/id/tree.go:95.37,97.4 1 1
github.com/bgyss/c4/id/tree.go:99.2,99.12 1 1
github.com/bgyss/c4/id/tree.go:103.29,105.2 1 1
github.com/bgyss/c4/id/tree.go:109.27,111.2 1 1
github.com/bgyss/c4/id/tree.go:114.28,117.2 2 1
github.com/bgyss/c4/id/tree.go:119.25,121.2 1 1
github.com/bgyss/c4/id/tree.go:123.32,125.2 1 1
github.com/bgyss/c4/id/tree.go:165.36,170.2 1 1
github.com/bgyss/c4/id/tree.go:172.29,173.13 1 1
github.com/bgyss/c4/id/tree.go:173.13,178.3 1 1
github.com/bgyss/c4/id/tree.go:179.2,182.3 1 1
github.com/bgyss/c4/id/tree.go:185.30,188.2 2 1
github.com/bgyss/c4/id/tree.go:190.29,192.34 2 1
github.com/bgyss/c4/id/tree.go:192.34,194.3 1 1
github.com/bgyss/c4/id/tree.go:195.2,196.40 2 1
github.com/bgyss/c4/id/tree.go:199.30,201.34 2 1
github.com/bgyss/c4/id/tree.go:201.34,203.3 1 1
github.com/bgyss/c4/id/tree.go:204.2,205.40 2 1
github.com/bgyss/c4/id/tree_utils.go:6.51,9.31 3 1
github.com/bgyss/c4/id/tree_utils.go:9.31,12.3 2 1
github.com/bgyss/c4/id/tree_utils.go:13.2,13.29 1 1
github.com/bgyss/c4/id/tree_utils.go:23.64,28.32 4 1
github.com/bgyss/c4/id/tree_utils.go:28.32,35.3 3 1
github.com/bgyss/c4/id/tree_utils.go:37.2,42.15 2 1
github.com/bgyss/c4/id/tree_utils.go:47.50,58.27 5 1
github.com/bgyss/c4/id/tree_utils.go:58.27,66.3 3 1
github.com/bgyss/c4/id/tree_utils.go:67.2,67.21 1 1
github.com/bgyss/c4/id/tree_utils.go:72.30,83.16 5 1
github.com/bgyss/c4/id/tree_utils.go:83.16,85.3 1 0
github.com/bgyss/c4/id/tree_utils.go:86.2,88.16 3 1
github.com/bgyss/c4/id/tree_utils.go:88.16,90.3 1 1
github.com/bgyss/c4/id/tree_utils.go:94.2,94.6 1 1
github.com/bgyss/c4/id/tree_utils.go:94.6,97.20 3 1
github.com/bgyss/c4/id/tree_utils.go:97.20,98.30 1 0
github.com/bgyss/c4/id/tree_utils.go:101.3,101.16 1 1
github.com/bgyss/c4/id/tree_utils.go:101.16,103.4 1 1
github.com/bgyss/c4/id/tree_utils.go:103.9,103.23 1 1
github.com/bgyss/c4/id/tree_utils.go:103.23,105.4 1 1
github.com/bgyss/c4/id/tree_utils.go:105.9,107.4 1 1
github.com/bgyss/c4/id/tree_utils.go:113.26,116.31 2 1
github.com/bgyss/c4/id/tree_utils.go:116.31,118.3 1 1
github.com/bgyss/c4/id/tree_utils.go:119.2,119.14 1 1
github.com/bgyss/c4/id/tree_utils.go:125.22,126.12 1 1
github.com/bgyss/c4/id/tree_utils.go:126.12,128.3 1 1
github.com/bgyss/c4/id/tree_utils.go:129.2,129.33 1 1
github.com/bgyss/c4/id/tree_utils.go:151.34,152.16 1 1
github.com/bgyss/c4/id/tree_utils.go:152.16,155.3 2 1
github.com/bgyss/c4/id/tree_utils.go:156.2,156.16 1 1
github.com/bgyss/c4/id/tree_utils.go:156.16,159.3 2 1
github.com/bgyss/c4/id/tree_utils.go:160.2,160.15 1 1
github.com/bgyss/c4/id/tree_utils.go:160.15,163.3 2 1
github.com/bgyss/c4/id/tree_utils.go:164.2,164.28 1 1
github.com/bgyss/c4/db/db.go:85.51,91.24 6 1
github.com/bgyss/c4/db/db.go:91.24,95.3 3 1
github.com/bgyss/c4/db/db.go:98.26,99.9 1 1
github.com/bgyss/c4/db/db.go:100.24,101.13 1 1
github.com/bgyss/c4/db/db.go:102.10,102.10 0 1
github.com/bgyss/c4/db/db.go:104.2,104.12 1 1
github.com/bgyss/c4/db/db.go:107.22,111.2 3 1
github.com/bgyss/c4/db/db.go:149.62,151.49 1 1
github.com/bgyss/c4/db/db.go:151.49,153.17 2 1
github.com/bgyss/c4/db/db.go:153.17,155.4 1 1
github.com/bgyss/c4/db/db.go:158.2,169.64 4 1
github.com/bgyss/c4/db/db.go:169.64,172.3 2 1
github.com/bgyss/c4/db/db.go:173.2,174.16 2 1
github.com/bgyss/c4/db/db.go:174.16,176.3 1 1
github.com/bgyss/c4/db/db.go:178.2,178.45 1 1
github.com/bgyss/c4/db/db.go:178.45,180.17 2 1
github.com/bgyss/c4/db/db.go:180.17,182.4 1 0
github.com/bgyss/c4/db/db.go:184.3,184.37 1 1
github.com/bgyss/c4/db/db.go:184.37,186.18 2 1
github.com/bgyss/c4/db/db.go:186.18,188.5 1 1
github.com/bgyss/c4/db/db.go:190.3,190.13 1 1
github.com/bgyss/c4/db/db.go:192.2,192.16 1 1
github.com/bgyss/c4/db/db.go:192.16,194.3 1 1
github.com/bgyss/c4/db/db.go:196.2,197.25 2 1
github.com/bgyss/c4/db/db.go:197.25,199.3 1 1
github.com/bgyss/c4/db/db.go:202.2,203.20 2 1
github.com/bgyss/c4/db/db.go:203.20,204.37 1 1
github.com/bgyss/c4/db/db.go:204.37,206.4 1 1
github.com/bgyss/c4/db/db.go:207.3,207.30 1 1
github.com/bgyss/c4/db/db.go:207.30,209.4 1 1
github.com/bgyss/c4/db/db.go:210.3,210.47 1 1
github.com/bgyss/c4/db/db.go:210.47,212.4 1 1
github.com/bgyss/c4/db/db.go:214.2,219.26 5 1
github.com/bgyss/c4/db/db.go:219.26,221.3 1 1
github.com/bgyss/c4/db/db.go:222.2,222.16 1 1
github.com/bgyss/c4/db/db.go:225.31,231.16 2 1
github.com/bgyss/c4/db/db.go:231.16,233.3 1 1
github.com/bgyss/c4/db/db.go:236.2,236.43 1 1
github.com/bgyss/c4/db/db.go:236.43,239.3 2 1
github.com/bgyss/c4/db/db.go:242.39,244.41 2 1
github.com/bgyss/c4/db/db.go:244.41,248.18 3 1
github.com/bgyss/c4/db/db.go:248.18,250.4 1 1
github.com/bgyss/c4/db/db.go:251.3,253.13 3 1
github.com/bgyss/c4/db/db.go:255.2,255.13 1 1
github.com/bgyss/c4/db/db.go:258.29,260.2 1 1
github.com/bgyss/c4/db/db.go:270.30,272.44 2 1
github.com/bgyss/c4/db/db.go:272.44,281.27 9 1
github.com/bgyss/c4/db/db.go:281.27,284.21 2 1
github.com/bgyss/c4/db/db.go:284.21,286.5 1 1
github.com/bgyss/c4/db/db.go:305.3,305.13 1 1
github.com/bgyss/c4/db/db.go:307.2,307.16 1 1
github.com/bgyss/c4/db/db.go:307.16,309.3 1 1
github.com/bgyss/c4/db/db.go:311.2,311.12 1 1
github.com/bgyss/c4/db/db.go:316.71,318.46 2 1
github.com/bgyss/c4/db/db.go:318.46,323.17 5 1
github.com/bgyss/c4/db/db.go:323.17,325.4 1 1
github.com/bgyss/c4/db/db.go:327.3,330.17 4 1
github.com/bgyss/c4/db/db.go:330.17,332.4 1 1
github.com/bgyss/c4/db/db.go:334.3,334.18 1 1
github.com/bgyss/c4/db/db.go:334.18,339.18 5 1
github.com/bgyss/c4/db/db.go:339.18,341.5 1 0
github.com/bgyss/c4/db/db.go:344.3,344.13 1 1
github.com/bgyss/c4/db/db.go:346.2,346.16 1 1
github.com/bgyss/c4/db/db.go:346.16,348.3 1 1
github.com/bgyss/c4/db/db.go:349.2,349.22 1 1
github.com/bgyss/c4/db/db.go:352.50,354.41 2 1
github.com/bgyss/c4/db/db.go:354.41,358.87 2 1
github.com/bgyss/c4/db/db.go:358.87,360.4 1 1
github.com/bgyss/c4/db/db.go:361.3,361.13 1 1
github.com/bgyss/c4/db/db.go:363.2,363.13 1 1
github.com/bgyss/c4/db/db.go:366.53,368.44 2 1
github.com/bgyss/c4/db/db.go:368.44,370.18 2 1
github.com/bgyss/c4/db/db.go:370.18,373.4 2 1
github.com/bgyss/c4/db/db.go:374.3,374.13 1 1
github.com/bgyss/c4/db/db.go:376.2,376.16 1 1
github.com/bgyss/c4/db/db.go:376.16,378.3 1 1
github.com/bgyss/c4/db/db.go:379.2,379.19 1 1
github.com/bgyss/c4/db/db.go:382.56,384.46 2 1
github.com/bgyss/c4/db/db.go:384.46,388.18 4 1
github.com/bgyss/c4/db/db.go:388.18,390.4 1 1
github.com/bgyss/c4/db/db.go:391.3,396.23 5 1
github.com/bgyss/c4/db/db.go:398.2,398.16 1 1
github.com/bgyss/c4/db/db.go:398.16,400.3 1 1
github.com/bgyss/c4/db/db.go:401.2,401.19 1 1
github.com/bgyss/c4/db/db.go:424.34,425.15 1 1
github.com/bgyss/c4/db/db.go:425.15,427.3 1 1
github.com/bgyss/c4/db/db.go:428.2,428.11 1 1
github.com/bgyss/c4/db/db.go:431.30,437.2 3 1
github.com/bgyss/c4/db/db.go:439.35,443.2 3 1
github.com/bgyss/c4/db/db.go:445.25,453.2 7 1
github.com/bgyss/c4/db/db.go:455.36,459.2 3 1
github.com/bgyss/c4/db/db.go:461.36,465.2 3 1
github.com/bgyss/c4/db/db.go:468.42,472.2 3 1
github.com/bgyss/c4/db/db.go:474.29,476.2 1 1
github.com/bgyss/c4/db/db.go:478.24,479.17 1 1
github.com/bgyss/c4/db/db.go:479.17,481.3 1 1
github.com/bgyss/c4/db/db.go:482.2,482.17 1 1
github.com/bgyss/c4/db/db.go:482.17,483.18 1 1
github.com/bgyss/c4/db/db.go:483.18,485.4 1 1
github.com/bgyss/c4/db/db.go:486.3,486.9 1 1
github.com/bgyss/c4/db/db.go:488.2,488.17 1 1
github.com/bgyss/c4/db/db.go:492.26,494.3 1 1
github.com/bgyss/c4/db/db.go:497.60,501.12 4 1
github.com/bgyss/c4/db/db.go:501.12,502.16 1 1
github.com/bgyss/c4/db/db.go:502.16,504.23 2 1
github.com/bgyss/c4/db/db.go:504.23,506.5 1 1
github.com/bgyss/c4/db/db.go:509.3,509.42 1 1
github.com/bgyss/c4/db/db.go:509.42,513.42 2 1
github.com/bgyss/c4/db/db.go:513.42,515.89 2 1
github.com/bgyss/c4/db/db.go:515.89,521.22 5 1
github.com/bgyss/c4/db/db.go:521.22,523.7 1 1
github.com/bgyss/c4/db/db.go:524.6,527.13 3 1
github.com/bgyss/c4/db/db.go:528.22,528.22 0 1
github.com/bgyss/c4/db/db.go:529.18,530.17 1 1
github.com/bgyss/c4/db/db.go:535.4,535.14 1 1
github.com/bgyss/c4/db/db.go:538.2,538.12 1 1
github.com/bgyss/c4/db/db.go:545.73,547.43 2 1
github.com/bgyss/c4/db/db.go:547.43,551.37 3 1
github.com/bgyss/c4/db/db.go:551.37,553.4 1 1
github.com/bgyss/c4/db/db.go:555.3,556.17 2 1
github.com/bgyss/c4/db/db.go:556.17,558.4 1 1
github.com/bgyss/c4/db/db.go:559.3,560.13 2 1
github.com/bgyss/c4/db/db.go:562.2,562.17 1 1
github.com/bgyss/c4/db/db.go:568.64,570.27 2 1
github.com/bgyss/c4/db/db.go:570.27,571.44 1 1
github.com/bgyss/c4/db/db.go:571.44,575.53 3 1
github.com/bgyss/c4/db/db.go:575.53,577.19 2 1
github.com/bgyss/c4/db/db.go:577.19,579.6 1 0
github.com/bgyss/c4/db/db.go:580.5,580.12 1 1
github.com/bgyss/c4/db/db.go:582.4,582.14 1 1
github.com/bgyss/c4/db/db.go:586.2,586.41 1 1
github.com/bgyss/c4/db/db.go:586.41,587.47 1 1
github.com/bgyss/c4/db/db.go:587.47,593.88 4 1
github.com/bgyss/c4/db/db.go:593.88,595.19 2 1
github.com/bgyss/c4/db/db.go:595.19,597.6 1 0
github.com/bgyss/c4/db/db.go:598.5,598.12 1 1
github.com/bgyss/c4/db/db.go:601.4,601.14 1 1
github.com/bgyss/c4/db/db.go:603.3,603.17 1 1
github.com/bgyss/c4/db/db.go:603.17,605.4 1 1
github.com/bgyss/c4/db/db.go:609.2,609.19 1 1
github.com/bgyss/c4/db/db.go:616.90,618.22 1 1
github.com/bgyss/c4/db/db.go:618.22,620.3 1 1
github.com/bgyss/c4/db/db.go:621.2,624.46 3 1
github.com/bgyss/c4/db/db.go:624.46,627.26 2 1
github.com/bgyss/c4/db/db.go:627.26,630.18 3 1
github.com/bgyss/c4/db/db.go:630.18,632.5 1 0
github.com/bgyss/c4/db/db.go:634.3,634.13 1 1
github.com/bgyss/c4/db/db.go:638.75,643.12 4 1
github.com/bgyss/c4/db/db.go:643.12,644.16 1 1
github.com/bgyss/c4/db/db.go:644.16,646.23 2 1
github.com/bgyss/c4/db/db.go:646.23,648.5 1 1
github.com/bgyss/c4/db/db.go:650.3,650.42 1 1
github.com/bgyss/c4/db/db.go:650.42,653.88 2 1
github.com/bgyss/c4/db/db.go:653.88,654.34 1 1
github.com/bgyss/c4/db/db.go:654.34,655.14 1 1
github.com/bgyss/c4/db/db.go:657.5,665.12 8 1
github.com/bgyss/c4/db/db.go:666.21,666.21 0 1
github.com/bgyss/c4/db/db.go:667.17,668.16 1 1
github.com/bgyss/c4/db/db.go:672.4,672.14 1 1
github.com/bgyss/c4/db/db.go:675.2,675.12 1 1
github.com/bgyss/c4/db/db.go:678.100,681.22 2 1
github.com/bgyss/c4/db/db.go:681.22,683.3 1 1
github.com/bgyss/c4/db/db.go:684.2,686.25 3 1
github.com/bgyss/c4/db/db.go:686.25,688.47 2 1
github.com/bgyss/c4/db/db.go:688.47,691.85 3 1
github.com/bgyss/c4/db/db.go:691.85,692.34 1 1
github.com/bgyss/c4/db/db.go:692.34,694.20 2 1
github.com/bgyss/c4/db/db.go:694.20,696.7 1 0
github.com/bgyss/c4/db/db.go:697.6,697.9 1 1
github.com/bgyss/c4/db/db.go:700.4,700.14 1 1
github.com/bgyss/c4/db/db.go:702.3,702.17 1 1
github.com/bgyss/c4/db/db.go:702.17,704.4 1 1
github.com/bgyss/c4/db/db.go:707.2,707.15 1 1
github.com/bgyss/c4/db/db.go:711.61,716.12 4 1
github.com/bgyss/c4/db/db.go:716.12,717.16 1 1
github.com/bgyss/c4/db/db.go:717.16,719.23 2 1
github.com/bgyss/c4/db/db.go:719.23,721.5 1 1
github.com/bgyss/c4/db/db.go:723.3,723.24 1 1
github.com/bgyss/c4/db/db.go:723.24,724.43 1 1
github.com/bgyss/c4/db/db.go:724.43,727.54 2 1
github.com/bgyss/c4/db/db.go:727.54,745.13 14 1
github.com/bgyss/c4/db/db.go:746.22,746.22 0 1
github.com/bgyss/c4/db/db.go:747.18,748.17 1 1
github.com/bgyss/c4/db/db.go:752.5,752.15 1 1
github.com/bgyss/c4/db/db.go:755.3,755.34 1 1
github.com/bgyss/c4/db/db.go:755.34,756.43 1 1
github.com/bgyss/c4/db/db.go:756.43,759.89 2 1
github.com/bgyss/c4/db/db.go:759.89,777.13 14 1
github.com/bgyss/c4/db/db.go:778.22,778.22 0 1
github.com/bgyss/c4/db/db.go:779.18,780.17 1 1
github.com/bgyss/c4/db/db.go:784.5,784.15 1 1
github.com/bgyss/c4/db/db.go:789.2,789.12 1 1
github.com/bgyss/c4/db/db.go:792.64,794.23 2 1
github.com/bgyss/c4/db/db.go:794.23,795.44 1 1
github.com/bgyss/c4/db/db.go:795.44,799.53 3 1
github.com/bgyss/c4/db/db.go:799.53,801.19 2 1
github.com/bgyss/c4/db/db.go:801.19,803.6 1 0
github.com/bgyss/c4/db/db.go:804.5,804.12 1 1
github.com/bgyss/c4/db/db.go:806.4,806.14 1 1
github.com/bgyss/c4/db/db.go:810.2,810.33 1 1
github.com/bgyss/c4/db/db.go:810.33,811.47 1 1
github.com/bgyss/c4/db/db.go:811.47,816.88 3 1
github.com/bgyss/c4/db/db.go:816.88,818.19 2 1
github.com/bgyss/c4/db/db.go:818.19,820.6 1 0
github.com/bgyss/c4/db/db.go:821.5,821.12 1 1
github.com/bgyss/c4/db/db.go:824.4,824.14 1 1
github.com/bgyss/c4/db/db.go:826.3,826.17 1 1
github.com/bgyss/c4/db/db.go:826.17,828.4 1 1
github.com/bgyss/c4/db/db.go:832.2,832.19 1 1
github.com/bgyss/c4/db/db.go:835.44,837.16 2 1
github.com/bgyss/c4/db/db.go:837.16,839.3 1 1
github.com/bgyss/c4/db/db.go:840.2,840.56 1 1
github.com/bgyss/c4/db/db.go:840.56,841.47 1 1
github.com/bgyss/c4/db/db.go:841.47,844.4 2 1
github.com/bgyss/c4/db/db.go:846.2,847.16 2 1
github.com/bgyss/c4/db/db.go:847.16,849.3 1 1
github.com/bgyss/c4/db/db.go:851.2,853.46 2 1
github.com/bgyss/c4/db/db.go:853.46,856.17 3 1
github.com/bgyss/c4/db/db.go:856.17,858.4 1 0
github.com/bgyss/c4/db/db.go:859.3,860.37 2 1
github.com/bgyss/c4/db/db.go:864.64,867.44 3 1
github.com/bgyss/c4/db/db.go:867.44,870.18 3 1
github.com/bgyss/c4/db/db.go:870.18,872.4 1 1
github.com/bgyss/c4/db/db.go:873.3,873.22 1 1
github.com/bgyss/c4/db/db.go:873.22,876.24 3 1
github.com/bgyss/c4/db/db.go:876.24,878.5 1 1
github.com/bgyss/c4/db/db.go:879.4,879.14 1 1
github.com/bgyss/c4/db/db.go:881.3,883.13 3 1
github.com/bgyss/c4/db/db.go:885.2,885.19 1 1
github.com/bgyss/c4/db/db.go:885.19,888.40 2 1
github.com/bgyss/c4/db/db.go:888.40,890.4 1 1
github.com/bgyss/c4/db/db.go:893.3,894.41 2 1
github.com/bgyss/c4/db/db.go:894.41,896.18 2 1
github.com/bgyss/c4/db/db.go:896.18,897.13 1 0
github.com/bgyss/c4/db/db.go:899.4,900.18 2 1
github.com/bgyss/c4/db/db.go:900.18,901.13 1 0
github.com/bgyss/c4/db/db.go:903.4,904.30 1 1
github.com/bgyss/c4/db/db.go:904.30,906.10 2 1
github.com/bgyss/c4/db/db.go:909.3,909.17 1 1
github.com/bgyss/c4/db/db.go:909.17,911.4 1 1
github.com/bgyss/c4/db/db.go:913.3,914.17 2 1
github.com/bgyss/c4/db/db.go:914.17,916.4 1 1
github.com/bgyss/c4/db/db.go:917.3,918.33 2 1
github.com/bgyss/c4/db/db.go:920.2,920.18 1 1
github.com/bgyss/c4/db/db.go:923.48,924.46 1 1
github.com/bgyss/c4/db/db.go:924.46,927.3 2 1
github.com/bgyss/c4/db/db.go:930.42,940.12 6 1
github.com/bgyss/c4/db/db.go:940.12,941.32 1 1
github.com/bgyss/c4/db/db.go:941.32,942.44 1 1
github.com/bgyss/c4/db/db.go:942.44,945.26 3 1
github.com/bgyss/c4/db/db.go:945.26,948.20 3 1
github.com/bgyss/c4/db/db.go:948.20,950.7 1 1
github.com/bgyss/c4/db/db.go:951.6,953.20 3 1
github.com/bgyss/c4/db/db.go:953.20,955.7 1 1
github.com/bgyss/c4/db/db.go:957.6,957.21 1 1
github.com/bgyss/c4/db/db.go:957.21,960.21 3 1
github.com/bgyss/c4/db/db.go:960.21,962.8 1 0
github.com/bgyss/c4/db/db.go:964.6,966.20 2 1
github.com/bgyss/c4/db/db.go:966.20,967.14 1 0
github.com/bgyss/c4/db/db.go:968.27,968.27 0 0
github.com/bgyss/c4/db/db.go:969.15,969.15 0 0
github.com/bgyss/c4/db/db.go:973.5,973.15 1 1
github.com/bgyss/c4/db/db.go:978.2,980.11 2 1
github.com/bgyss/c4/db/db.go:980.12,981.3 0 0
github.com/bgyss/c4/db/db.go:983.2,983.11 1 1
github.com/bgyss/c4/db/db.go:990.85,996.29 3 1
github.com/bgyss/c4/db/db.go:996.29,999.50 1 1
github.com/bgyss/c4/db/db.go:999.50,1001.4 1 1
github.com/bgyss/c4/db/db.go:1004.3,1008.53 3 1
github.com/bgyss/c4/db/db.go:1008.53,1010.39 1 1
github.com/bgyss/c4/db/db.go:1010.39,1012.5 1 1
github.com/bgyss/c4/db/db.go:1015.3,1015.48 1 1
github.com/bgyss/c4/db/db.go:1019.2,1022.34 2 1
github.com/bgyss/c4/db/db.go:1022.34,1025.40 2 1
github.com/bgyss/c4/db/db.go:1025.40,1026.12 1 1
github.com/bgyss/c4/db/db.go:1029.3,1031.17 3 1
github.com/bgyss/c4/db/db.go:1031.17,1033.4 1 1
github.com/bgyss/c4/db/db.go:1034.3,1035.17 2 1
github.com/bgyss/c4/db/db.go:1035.17,1036.12 1 1
github.com/bgyss/c4/db/db.go:1038.3,1040.19 3 1
github.com/bgyss/c4/db/db.go:1044.2,1044.16 1 1
github.com/bgyss/c4/db/db.go:1057.54,1059.2 1 1
github.com/bgyss/c4/db/db.go:1068.52,1070.2 1 1
github.com/bgyss/c4/db/db.go:1092.53,1094.2 1 1
github.com/bgyss/c4/db/db.go:1096.29,1098.31 2 1
github.com/bgyss/c4/db/db.go:1098.31,1100.13 2 1
github.com/bgyss/c4/db/db.go:1100.13,1102.4 1 1
github.com/bgyss/c4/db/db.go:1107.32,1108.12 1 1
github.com/bgyss/c4/db/db.go:1108.12,1110.3 1 1
github.com/bgyss/c4/db/db.go:1111.2,1123.20 5 1
