mode: set
github.com/Avalanche-io/c4/id.go:38.36,40.2 1 1
github.com/Avalanche-io/c4/id.go:44.38,46.2 1 1
github.com/Avalanche-io/c4/id.go:50.32,52.2 1 0
github.com/Avalanche-io/c4/id.go:56.40,58.2 1 0
github.com/Avalanche-io/c4/id.go:60.13,61.21 1 1
github.com/Avalanche-io/c4/id.go:61.21,63.3 1 1
github.com/Avalanche-io/c4/id.go:64.2,64.28 1 1
github.com/Avalanche-io/c4/id.go:64.28,66.3 1 1
github.com/Avalanche-io/c4/id.go:67.2,67.26 1 1
github.com/Avalanche-io/c4/id.go:67.26,69.3 1 1
github.com/Avalanche-io/c4/id.go:73.38,76.33 3 1
github.com/Avalanche-io/c4/id.go:76.33,78.3 1 1
github.com/Avalanche-io/c4/id.go:79.2,80.11 2 1
github.com/Avalanche-io/c4/id.go:122.27,123.26 1 1
github.com/Avalanche-io/c4/id.go:123.26,124.13 1 1
github.com/Avalanche-io/c4/id.go:124.13,126.4 1 1
github.com/Avalanche-io/c4/id.go:128.2,128.13 1 1
github.com/Avalanche-io/c4/id.go:132.39,134.22 2 1
github.com/Avalanche-io/c4/id.go:134.22,136.3 1 0
github.com/Avalanche-io/c4/id.go:137.2,138.20 2 1
github.com/Avalanche-io/c4/id.go:138.20,140.3 1 1
github.com/Avalanche-io/c4/id.go:141.2,143.32 3 1
github.com/Avalanche-io/c4/id.go:143.32,145.16 2 1
github.com/Avalanche-io/c4/id.go:145.16,147.4 1 1
github.com/Avalanche-io/c4/id.go:148.3,149.43 2 1
github.com/Avalanche-io/c4/id.go:151.2,152.20 2 1
github.com/Avalanche-io/c4/id.go:152.20,154.3 1 0
github.com/Avalanche-io/c4/id.go:155.2,156.29 2 1
github.com/Avalanche-io/c4/id.go:156.29,158.3 1 1
github.com/Avalanche-io/c4/id.go:160.2,160.15 1 1
github.com/Avalanche-io/c4/id.go:160.15,162.30 2 1
github.com/Avalanche-io/c4/id.go:162.30,164.4 1 1
github.com/Avalanche-io/c4/id.go:167.2,168.16 2 1
github.com/Avalanche-io/c4/id.go:172.30,174.2 1 1
github.com/Avalanche-io/c4/id.go:185.27,186.15 1 1
github.com/Avalanche-io/c4/id.go:186.15,188.3 1 1
github.com/Avalanche-io/c4/id.go:189.2,189.34 1 1
github.com/Avalanche-io/c4/id.go:193.30,203.25 8 1
github.com/Avalanche-io/c4/id.go:203.25,205.3 1 1
github.com/Avalanche-io/c4/id.go:206.2,209.53 3 1
github.com/Avalanche-io/c4/id.go:209.53,212.3 2 1
github.com/Avalanche-io/c4/id.go:214.2,214.24 1 1
github.com/Avalanche-io/c4/id.go:218.34,220.2 1 1
github.com/Avalanche-io/c4/id.go:222.26,223.35 1 1
github.com/Avalanche-io/c4/id.go:224.10,224.10 0 1
github.com/Avalanche-io/c4/id.go:226.9,227.14 1 1
github.com/Avalanche-io/c4/id.go:228.9,229.11 1 0
github.com/Avalanche-io/c4/id.go:232.2,237.11 6 1
github.com/Avalanche-io/c4/id.go:240.48,242.17 2 1
github.com/Avalanche-io/c4/id.go:242.17,244.3 1 1
github.com/Avalanche-io/c4/id.go:245.2,246.16 2 1
github.com/Avalanche-io/c4/id.go:246.16,248.3 1 0
github.com/Avalanche-io/c4/id.go:249.2,250.12 2 1
github.com/Avalanche-io/c4/id.go:253.44,254.16 1 1
github.com/Avalanche-io/c4/id.go:254.16,256.3 1 1
github.com/Avalanche-io/c4/id.go:257.2,257.45 1 1
github.com/Avalanche-io/c4/id.go:262.34,262.51 1 1
github.com/Avalanche-io/c4/id.go:263.34,263.80 1 1
github.com/Avalanche-io/c4/id.go:264.34,264.61 1 1
github.com/Avalanche-io/c4/id.go:267.26,268.23 1 1
github.com/Avalanche-io/c4/id.go:268.23,270.3 1 1
github.com/Avalanche-io/c4/id.go:271.2,275.10 5 1
github.com/Avalanche-io/c4/id.go:278.22,281.2 2 0
github.com/Avalanche-io/c4/tree.go:19.27,21.42 2 1
github.com/Avalanche-io/c4/tree.go:21.42,23.3 1 1
github.com/Avalanche-io/c4/tree.go:24.2,27.23 3 1
github.com/Avalanche-io/c4/tree.go:27.23,29.3 1 1
github.com/Avalanche-io/c4/tree.go:30.2,30.19 1 1
github.com/Avalanche-io/c4/tree.go:33.42,38.16 3 1
github.com/Avalanche-io/c4/tree.go:38.16,40.3 1 0
github.com/Avalanche-io/c4/tree.go:41.2,41.20 1 1
github.com/Avalanche-io/c4/tree.go:41.20,43.3 1 0
github.com/Avalanche-io/c4/tree.go:44.2,45.22 2 1
github.com/Avalanche-io/c4/tree.go:45.22,47.3 1 1
github.com/Avalanche-io/c4/tree.go:48.2,49.28 2 1
github.com/Avalanche-io/c4/tree.go:49.28,51.3 1 0
github.com/Avalanche-io/c4/tree.go:53.2,54.20 2 1
github.com/Avalanche-io/c4/tree.go:54.20,56.34 2 1
github.com/Avalanche-io/c4/tree.go:56.34,58.4 1 0
github.com/Avalanche-io/c4/tree.go:59.3,59.37 1 1
github.com/Avalanche-io/c4/tree.go:63.2,63.18 1 1
github.com/Avalanche-io/c4/tree.go:67.33,71.38 3 1
github.com/Avalanche-io/c4/tree.go:71.38,73.34 2 1
github.com/Avalanche-io/c4/tree.go:73.34,75.17 2 1
github.com/Avalanche-io/c4/tree.go:75.17,77.5 1 1
github.com/Avalanche-io/c4/tree.go:77.10,79.70 2 1
github.com/Avalanche-io/c4/tree.go:79.70,82.6 2 1
github.com/Avalanche-io/c4/tree.go:82.11,84.6 1 1
github.com/Avalanche-io/c4/tree.go:85.5,85.41 1 1
github.com/Avalanche-io/c4/tree.go:89.2,90.11 2 1
github.com/Avalanche-io/c4/tree.go:93.31,96.16 3 1
github.com/Avalanche-io/c4/tree.go:96.16,98.3 1 0
github.com/Avalanche-io/c4/tree.go:100.2,100.34 1 1
github.com/Avalanche-io/c4/tree.go:100.34,103.3 2 1
github.com/Avalanche-io/c4/tree.go:104.2,104.19 1 1
github.com/Avalanche-io/c4/tree.go:107.28,108.27 1 1
github.com/Avalanche-io/c4/tree.go:108.27,109.13 1 1
github.com/Avalanche-io/c4/tree.go:109.13,111.4 1 1
github.com/Avalanche-io/c4/tree.go:113.2,113.14 1 1
github.com/Avalanche-io/c4/tree.go:117.30,118.16 1 1
github.com/Avalanche-io/c4/tree.go:118.16,120.3 1 1
github.com/Avalanche-io/c4/tree.go:121.2,121.10 1 1
github.com/Avalanche-io/c4/tree.go:125.25,127.2 1 1
github.com/Avalanche-io/c4/tree.go:130.28,131.16 1 1
github.com/Avalanche-io/c4/tree.go:131.16,133.3 1 1
github.com/Avalanche-io/c4/tree.go:134.2,135.11 2 1
github.com/Avalanche-io/c4/tree.go:138.38,144.37 5 1
github.com/Avalanche-io/c4/tree.go:144.37,146.3 1 1
github.com/Avalanche-io/c4/tree.go:147.2,150.17 3 1
github.com/Avalanche-io/c4/tree.go:150.17,156.3 5 1
github.com/Avalanche-io/c4/tree.go:158.2,158.13 1 1
github.com/Avalanche-io/c4/tree.go:163.30,173.28 3 1
github.com/Avalanche-io/c4/tree.go:173.28,175.3 1 0
github.com/Avalanche-io/c4/tree.go:176.2,176.28 1 1
github.com/Avalanche-io/c4/tree.go:176.28,178.3 1 1
github.com/Avalanche-io/c4/tree.go:181.2,181.6 1 1
github.com/Avalanche-io/c4/tree.go:181.6,185.17 3 1
github.com/Avalanche-io/c4/tree.go:185.17,187.4 1 1
github.com/Avalanche-io/c4/tree.go:188.3,188.16 1 1
github.com/Avalanche-io/c4/tree.go:188.16,190.12 2 1
github.com/Avalanche-io/c4/tree.go:192.3,192.16 1 1
github.com/Avalanche-io/c4/tree.go:192.16,194.12 2 1
github.com/Avalanche-io/c4/tree.go:197.3,197.16 1 0
github.com/Avalanche-io/c4/tree.go:203.26,206.31 2 1
github.com/Avalanche-io/c4/tree.go:206.31,208.3 1 1
github.com/Avalanche-io/c4/tree.go:209.2,209.14 1 1
github.com/Avalanche-io/c4/cmd/c4/flags.go:23.13,28.22 2 1
github.com/Avalanche-io/c4/cmd/c4/flags.go:28.22,31.3 2 0
github.com/Avalanche-io/c4/cmd/c4/flags.go:32.2,40.162 7 1
github.com/Avalanche-io/c4/cmd/c4/id.go:13.35,16.16 3 1
github.com/Avalanche-io/c4/cmd/c4/id.go:16.16,17.13 1 0
github.com/Avalanche-io/c4/cmd/c4/id.go:19.2,19.15 1 1
github.com/Avalanche-io/c4/cmd/c4/id.go:22.38,24.16 2 1
github.com/Avalanche-io/c4/cmd/c4/id.go:24.16,27.3 2 0
github.com/Avalanche-io/c4/cmd/c4/id.go:28.2,30.8 3 1
github.com/Avalanche-io/c4/cmd/c4/id.go:33.22,37.2 3 1
github.com/Avalanche-io/c4/cmd/c4/id.go:39.25,40.46 1 1
github.com/Avalanche-io/c4/cmd/c4/id.go:40.46,42.3 1 0
github.com/Avalanche-io/c4/cmd/c4/id.go:42.8,44.3 1 1
github.com/Avalanche-io/c4/cmd/c4/main.go:15.29,17.2 1 1
github.com/Avalanche-io/c4/cmd/c4/main.go:19.13,22.18 3 0
github.com/Avalanche-io/c4/cmd/c4/main.go:22.18,25.3 2 0
github.com/Avalanche-io/c4/cmd/c4/main.go:27.2,27.25 1 0
github.com/Avalanche-io/c4/cmd/c4/main.go:27.25,29.3 1 0
github.com/Avalanche-io/c4/cmd/c4/main.go:29.8,29.83 1 0
github.com/Avalanche-io/c4/cmd/c4/main.go:29.83,31.3 1 0
github.com/Avalanche-io/c4/cmd/c4/main.go:31.8,33.3 1 0
github.com/Avalanche-io/c4/cmd/c4/main.go:34.2,34.12 1 0
github.com/Avalanche-io/c4/cmd/c4/main.go:37.22,39.44 2 1
github.com/Avalanche-io/c4/cmd/c4/main.go:39.44,42.3 2 1
github.com/Avalanche-io/c4/cmd/c4/main.go:42.8,44.3 1 0
github.com/Avalanche-io/c4/cmd/c4/main.go:47.37,49.16 2 1
github.com/Avalanche-io/c4/cmd/c4/main.go:49.16,52.3 2 0
github.com/Avalanche-io/c4/cmd/c4/main.go:53.2,54.13 2 1
github.com/Avalanche-io/c4/cmd/c4/main.go:57.41,58.33 1 1
github.com/Avalanche-io/c4/cmd/c4/main.go:58.33,60.17 2 1
github.com/Avalanche-io/c4/cmd/c4/main.go:60.17,63.4 2 0
github.com/Avalanche-io/c4/cmd/c4/main.go:64.3,64.16 1 1
github.com/Avalanche-io/c4/cmd/c4/main.go:64.16,66.4 1 0
github.com/Avalanche-io/c4/cmd/c4/main.go:67.3,67.34 1 1
github.com/Avalanche-io/c4/cmd/c4/output.go:8.98,9.33 1 0
github.com/Avalanche-io/c4/cmd/c4/output.go:9.33,12.3 2 0
github.com/Avalanche-io/c4/cmd/c4/output.go:12.8,15.3 2 0
github.com/Avalanche-io/c4/cmd/c4/output.go:16.2,17.29 2 0
github.com/Avalanche-io/c4/cmd/c4/output.go:17.29,19.3 1 0
github.com/Avalanche-io/c4/cmd/c4/output.go:19.8,21.3 1 0
github.com/Avalanche-io/c4/cmd/c4/output.go:22.2,22.27 1 0
github.com/Avalanche-io/c4/cmd/c4/output.go:22.27,24.3 1 0
github.com/Avalanche-io/c4/cmd/c4/output.go:24.8,26.21 2 0
github.com/Avalanche-io/c4/cmd/c4/output.go:26.21,28.4 1 0
github.com/Avalanche-io/c4/cmd/c4/output.go:29.3,29.44 1 0
github.com/Avalanche-io/c4/cmd/c4/output.go:31.2,31.45 1 0
github.com/Avalanche-io/c4/cmd/c4/output.go:34.55,39.20 4 1
github.com/Avalanche-io/c4/cmd/c4/output.go:39.20,41.3 1 1
github.com/Avalanche-io/c4/cmd/c4/output.go:42.2,42.18 1 1
github.com/Avalanche-io/c4/cmd/c4/output.go:42.18,44.3 1 0
github.com/Avalanche-io/c4/cmd/c4/output.go:44.8,45.34 1 1
github.com/Avalanche-io/c4/cmd/c4/output.go:45.34,47.4 1 0
github.com/Avalanche-io/c4/cmd/c4/output.go:47.9,49.4 1 1
github.com/Avalanche-io/c4/cmd/c4/walker.go:12.57,14.17 2 1
github.com/Avalanche-io/c4/cmd/c4/walker.go:14.17,17.3 2 0
github.com/Avalanche-io/c4/cmd/c4/walker.go:18.2,19.16 2 1
github.com/Avalanche-io/c4/cmd/c4/walker.go:19.16,22.3 2 0
github.com/Avalanche-io/c4/cmd/c4/walker.go:24.2,30.13 6 1
github.com/Avalanche-io/c4/cmd/c4/walker.go:33.83,35.16 2 1
github.com/Avalanche-io/c4/cmd/c4/walker.go:35.16,38.3 2 0
github.com/Avalanche-io/c4/cmd/c4/walker.go:40.2,41.28 2 1
github.com/Avalanche-io/c4/cmd/c4/walker.go:41.28,43.3 1 0
github.com/Avalanche-io/c4/cmd/c4/walker.go:43.8,43.48 1 1
github.com/Avalanche-io/c4/cmd/c4/walker.go:43.48,47.3 3 0
github.com/Avalanche-io/c4/cmd/c4/walker.go:47.8,47.33 1 1
github.com/Avalanche-io/c4/cmd/c4/walker.go:47.33,49.17 2 0
github.com/Avalanche-io/c4/cmd/c4/walker.go:49.17,53.4 3 0
github.com/Avalanche-io/c4/cmd/c4/walker.go:53.9,58.4 4 0
github.com/Avalanche-io/c4/cmd/c4/walker.go:59.8,60.29 1 1
github.com/Avalanche-io/c4/cmd/c4/walker.go:60.29,62.18 2 0
github.com/Avalanche-io/c4/cmd/c4/walker.go:62.18,65.5 2 0
github.com/Avalanche-io/c4/cmd/c4/walker.go:66.4,67.31 2 0
github.com/Avalanche-io/c4/cmd/c4/walker.go:67.31,70.5 2 0
github.com/Avalanche-io/c4/cmd/c4/walker.go:71.4,71.22 1 0
github.com/Avalanche-io/c4/cmd/c4/walker.go:72.9,74.4 1 1
github.com/Avalanche-io/c4/cmd/c4/walker.go:76.2,77.34 2 1
github.com/Avalanche-io/c4/cmd/c4/walker.go:77.34,79.3 1 1
github.com/Avalanche-io/c4/cmd/c4/walker.go:80.2,80.8 1 1
github.com/Avalanche-io/c4/id/common_ids.go:17.13,22.21 5 1
github.com/Avalanche-io/c4/id/common_ids.go:22.21,24.3 1 1
github.com/Avalanche-io/c4/id/common_ids.go:25.2,25.30 1 1
github.com/Avalanche-io/c4/id/digest.go:22.33,23.17 1 1
github.com/Avalanche-io/c4/id/digest.go:23.17,25.3 1 0
github.com/Avalanche-io/c4/id/digest.go:27.2,27.18 1 1
github.com/Avalanche-io/c4/id/digest.go:27.18,29.3 1 1
github.com/Avalanche-io/c4/id/digest.go:30.2,33.20 3 1
github.com/Avalanche-io/c4/id/digest.go:40.38,41.29 1 1
github.com/Avalanche-io/c4/id/digest.go:42.10,42.10 0 1
github.com/Avalanche-io/c4/id/digest.go:44.9,45.14 1 1
github.com/Avalanche-io/c4/id/digest.go:46.9,47.11 1 0
github.com/Avalanche-io/c4/id/digest.go:50.2,53.30 4 1
github.com/Avalanche-io/c4/id/digest.go:58.26,62.2 3 1
github.com/Avalanche-io/c4/id/digest.go:67.51,68.17 1 0
github.com/Avalanche-io/c4/id/digest.go:68.17,70.3 1 0
github.com/Avalanche-io/c4/id/digest.go:71.2,72.16 2 0
github.com/Avalanche-io/c4/id/digest.go:80.52,81.17 1 0
github.com/Avalanche-io/c4/id/digest.go:81.17,83.3 1 0
github.com/Avalanche-io/c4/id/digest.go:84.2,85.16 2 0
github.com/Avalanche-io/c4/id/digest_slice.go:22.45,24.14 2 1
github.com/Avalanche-io/c4/id/digest_slice.go:24.14,26.3 1 0
github.com/Avalanche-io/c4/id/digest_slice.go:27.2,30.47 2 1
github.com/Avalanche-io/c4/id/digest_slice.go:30.47,32.3 1 0
github.com/Avalanche-io/c4/id/digest_slice.go:33.2,38.10 5 1
github.com/Avalanche-io/c4/id/digest_slice.go:45.40,47.17 2 1
github.com/Avalanche-io/c4/id/digest_slice.go:47.17,49.3 1 0
github.com/Avalanche-io/c4/id/digest_slice.go:54.2,57.20 3 1
github.com/Avalanche-io/c4/id/digest_slice.go:57.20,63.39 4 1
github.com/Avalanche-io/c4/id/digest_slice.go:63.39,65.4 1 1
github.com/Avalanche-io/c4/id/digest_slice.go:67.3,67.15 1 1
github.com/Avalanche-io/c4/id/digest_slice.go:67.15,69.4 1 1
github.com/Avalanche-io/c4/id/digest_slice.go:72.2,72.16 1 1
github.com/Avalanche-io/c4/id/digest_slice.go:77.44,79.46 2 1
github.com/Avalanche-io/c4/id/digest_slice.go:79.46,79.84 1 1
github.com/Avalanche-io/c4/id/digest_slice.go:82.24,83.24 1 0
github.com/Avalanche-io/c4/id/digest_slice.go:83.24,85.3 1 0
github.com/Avalanche-io/c4/id/digest_slice.go:93.52,95.24 2 1
github.com/Avalanche-io/c4/id/digest_slice.go:95.24,97.3 1 0
github.com/Avalanche-io/c4/id/digest_slice.go:98.2,98.27 1 1
github.com/Avalanche-io/c4/id/digest_slice.go:98.27,100.3 1 1
github.com/Avalanche-io/c4/id/digest_slice.go:101.2,101.25 1 1
github.com/Avalanche-io/c4/id/digest_slice.go:107.52,108.20 1 1
github.com/Avalanche-io/c4/id/digest_slice.go:108.20,110.3 1 0
github.com/Avalanche-io/c4/id/digest_slice.go:111.2,111.34 1 1
github.com/Avalanche-io/c4/id/digest_slice.go:111.34,115.3 3 1
github.com/Avalanche-io/c4/id/digest_slice.go:116.2,116.20 1 1
github.com/Avalanche-io/c4/id/encoder.go:16.28,20.2 1 1
github.com/Avalanche-io/c4/id/encoder.go:23.48,25.2 1 1
github.com/Avalanche-io/c4/id/encoder.go:28.28,33.2 4 1
github.com/Avalanche-io/c4/id/encoder.go:36.35,38.2 1 1
github.com/Avalanche-io/c4/id/encoder.go:41.27,43.2 1 1
github.com/Avalanche-io/c4/id/encoding.go:8.56,9.15 1 0
github.com/Avalanche-io/c4/id/encoding.go:9.15,11.3 1 0
github.com/Avalanche-io/c4/id/encoding.go:12.2,12.33 1 0
github.com/Avalanche-io/c4/id/encoding.go:15.50,17.14 2 0
github.com/Avalanche-io/c4/id/encoding.go:17.14,19.3 1 0
github.com/Avalanche-io/c4/id/encoding.go:20.2,21.12 2 0
github.com/Avalanche-io/c4/id/encoding.go:24.54,25.15 1 0
github.com/Avalanche-io/c4/id/encoding.go:25.15,27.3 1 0
github.com/Avalanche-io/c4/id/encoding.go:28.2,28.33 1 0
github.com/Avalanche-io/c4/id/encoding.go:31.48,33.16 2 0
github.com/Avalanche-io/c4/id/encoding.go:33.16,35.3 1 0
github.com/Avalanche-io/c4/id/encoding.go:36.2,37.12 2 0
github.com/Avalanche-io/c4/id/encoding.go:40.57,41.38 1 1
github.com/Avalanche-io/c4/id/encoding.go:41.38,43.3 1 0
github.com/Avalanche-io/c4/id/encoding.go:45.2,45.46 1 1
github.com/Avalanche-io/c4/id/encoding.go:45.46,47.3 1 0
github.com/Avalanche-io/c4/id/encoding.go:49.2,49.20 1 1
github.com/Avalanche-io/c4/id/encoding.go:52.51,56.21 1 1
github.com/Avalanche-io/c4/id/encoding.go:56.21,58.3 1 0
github.com/Avalanche-io/c4/id/encoding.go:59.2,60.22 2 1
github.com/Avalanche-io/c4/id/encoding.go:60.22,63.3 2 1
github.com/Avalanche-io/c4/id/encoding.go:64.2,66.55 2 1
github.com/Avalanche-io/c4/id/encoding.go:66.55,68.3 1 0
github.com/Avalanche-io/c4/id/encoding.go:72.2,77.12 5 1
github.com/Avalanche-io/c4/id/encoding.go:80.55,82.2 1 0
github.com/Avalanche-io/c4/id/errors.go:9.36,11.2 1 1
github.com/Avalanche-io/c4/id/errors.go:15.38,17.2 1 1
github.com/Avalanche-io/c4/id/errors.go:21.32,23.2 1 0
github.com/Avalanche-io/c4/id/errors.go:27.40,29.2 1 0
github.com/Avalanche-io/c4/id/id.go:20.13,21.32 1 1
github.com/Avalanche-io/c4/id/id.go:21.32,23.3 1 1
github.com/Avalanche-io/c4/id/id.go:24.2,24.36 1 1
github.com/Avalanche-io/c4/id/id.go:24.36,26.3 1 1
github.com/Avalanche-io/c4/id/id.go:33.37,35.2 1 1
github.com/Avalanche-io/c4/id/id.go:38.35,40.2 1 1
github.com/Avalanche-io/c4/id/id.go:43.31,45.2 1 1
github.com/Avalanche-io/c4/id/id.go:56.29,57.14 1 1
github.com/Avalanche-io/c4/id/id.go:57.14,59.3 1 1
github.com/Avalanche-io/c4/id/id.go:60.2,62.23 3 1
github.com/Avalanche-io/c4/id/id.go:68.44,69.20 1 1
github.com/Avalanche-io/c4/id/id.go:69.20,71.3 1 1
github.com/Avalanche-io/c4/id/id.go:72.2,74.32 3 1
github.com/Avalanche-io/c4/id/id.go:74.32,76.16 2 1
github.com/Avalanche-io/c4/id/id.go:76.16,78.4 1 1
github.com/Avalanche-io/c4/id/id.go:79.3,80.43 2 1
github.com/Avalanche-io/c4/id/id.go:82.2,83.17 2 1
github.com/Avalanche-io/c4/id/id.go:88.30,96.30 8 1
github.com/Avalanche-io/c4/id/id.go:96.30,99.3 2 1
github.com/Avalanche-io/c4/id/id.go:101.2,105.16 4 1
github.com/Avalanche-io/c4/id/id.go:109.36,111.2 1 1
github.com/Avalanche-io/c4/id/identify.go:8.34,11.33 3 1
github.com/Avalanche-io/c4/id/identify.go:11.33,13.3 1 1
github.com/Avalanche-io/c4/id/identify.go:14.2,14.15 1 1
github.com/Avalanche-io/c4/id/marshal.go:6.43,8.2 1 0
github.com/Avalanche-io/c4/id/marshal.go:11.43,13.2 1 0
github.com/Avalanche-io/c4/id/marshal.go:16.45,18.35 2 1
github.com/Avalanche-io/c4/id/marshal.go:18.35,20.3 1 1
github.com/Avalanche-io/c4/id/marshal.go:21.2,21.45 1 1
github.com/Avalanche-io/c4/id/marshal.go:25.48,30.2 3 1
github.com/Avalanche-io/c4/id/slice.go:8.32,9.15 1 1
github.com/Avalanche-io/c4/id/slice.go:9.15,11.3 1 0
github.com/Avalanche-io/c4/id/slice.go:12.2,15.41 2 1
github.com/Avalanche-io/c4/id/slice.go:15.41,17.3 1 0
github.com/Avalanche-io/c4/id/slice.go:18.2,21.14 3 1
github.com/Avalanche-io/c4/id/slice.go:25.33,27.24 2 1
github.com/Avalanche-io/c4/id/slice.go:27.24,29.3 1 1
github.com/Avalanche-io/c4/id/slice.go:30.2,30.15 1 1
github.com/Avalanche-io/c4/id/slice.go:35.34,36.15 1 1
github.com/Avalanche-io/c4/id/slice.go:36.15,38.3 1 0
github.com/Avalanche-io/c4/id/slice.go:39.2,39.46 1 1
github.com/Avalanche-io/c4/id/slice.go:39.46,39.89 1 1
github.com/Avalanche-io/c4/id/slice.go:42.26,43.14 1 1
github.com/Avalanche-io/c4/id/slice.go:43.14,45.3 1 1
github.com/Avalanche-io/c4/id/slice.go:46.2,46.11 1 1
github.com/Avalanche-io/c4/id/slice.go:54.25,59.23 2 0
github.com/Avalanche-io/c4/id/slice.go:59.23,60.16 1 0
github.com/Avalanche-io/c4/id/slice.go:60.16,62.4 1 0
github.com/Avalanche-io/c4/id/slice.go:63.3,63.41 1 0
github.com/Avalanche-io/c4/id/slice.go:65.2,67.15 2 0
github.com/Avalanche-io/c4/id/tree.go:25.35,28.27 3 1
github.com/Avalanche-io/c4/id/tree.go:28.27,30.3 1 1
github.com/Avalanche-io/c4/id/tree.go:31.2,34.3 1 1
github.com/Avalanche-io/c4/id/tree.go:37.30,39.2 1 0
github.com/Avalanche-io/c4/id/tree.go:41.32,43.2 1 0
github.com/Avalanche-io/c4/id/tree.go:45.31,47.2 1 1
github.com/Avalanche-io/c4/id/tree.go:49.36,52.25 3 1
github.com/Avalanche-io/c4/id/tree.go:52.25,55.3 2 1
github.com/Avalanche-io/c4/id/tree.go:56.2,56.16 1 1
github.com/Avalanche-io/c4/id/tree.go:60.42,63.2 2 0
github.com/Avalanche-io/c4/id/tree.go:66.33,68.40 2 1
github.com/Avalanche-io/c4/id/tree.go:68.40,70.34 2 1
github.com/Avalanche-io/c4/id/tree.go:70.34,72.17 2 1
github.com/Avalanche-io/c4/id/tree.go:72.17,74.5 1 1
github.com/Avalanche-io/c4/id/tree.go:74.10,78.74 2 1
github.com/Avalanche-io/c4/id/tree.go:78.74,81.6 2 1
github.com/Avalanche-io/c4/id/tree.go:81.11,84.6 1 1
github.com/Avalanche-io/c4/id/tree.go:85.5,85.43 1 1
github.com/Avalanche-io/c4/id/tree.go:89.2,89.26 1 1
github.com/Avalanche-io/c4/id/tree.go:92.32,94.29 2 0
github.com/Avalanche-io/c4/id/tree.go:94.29,95.37 1 0
github.com/Avalanche-io/c4/id/tree.go:95.37,97.4 1 0
github.com/Avalanche-io/c4/id/tree.go:99.2,99.12 1 0
github.com/Avalanche-io/c4/id/tree.go:103.29,105.2 1 0
github.com/Avalanche-io/c4/id/tree.go:109.27,111.2 1 0
github.com/Avalanche-io/c4/id/tree.go:114.28,117.2 2 1
github.com/Avalanche-io/c4/id/tree.go:119.25,121.2 1 1
github.com/Avalanche-io/c4/id/tree.go:123.32,125.2 1 0
github.com/Avalanche-io/c4/id/tree.go:165.36,170.2 1 0
github.com/Avalanche-io/c4/id/tree.go:172.29,173.13 1 0
github.com/Avalanche-io/c4/id/tree.go:173.13,178.3 1 0
github.com/Avalanche-io/c4/id/tree.go:179.2,182.3 1 0
github.com/Avalanche-io/c4/id/tree.go:185.30,188.2 2 0
github.com/Avalanche-io/c4/id/tree.go:190.29,192.34 2 0
github.com/Avalanche-io/c4/id/tree.go:192.34,194.3 1 0
github.com/Avalanche-io/c4/id/tree.go:195.2,196.40 2 0
github.com/Avalanche-io/c4/id/tree.go:199.30,201.34 2 0
github.com/Avalanche-io/c4/id/tree.go:201.34,203.3 1 0
github.com/Avalanche-io/c4/id/tree.go:204.2,205.40 2 0
github.com/Avalanche-io/c4/id/tree_utils.go:6.51,9.31 3 1
github.com/Avalanche-io/c4/id/tree_utils.go:9.31,12.3 2 1
github.com/Avalanche-io/c4/id/tree_utils.go:13.2,13.29 1 1
github.com/Avalanche-io/c4/id/tree_utils.go:23.64,28.32 4 1
github.com/Avalanche-io/c4/id/tree_utils.go:28.32,35.3 3 1
github.com/Avalanche-io/c4/id/tree_utils.go:37.2,42.15 2 1
github.com/Avalanche-io/c4/id/tree_utils.go:47.50,58.27 5 1
github.com/Avalanche-io/c4/id/tree_utils.go:58.27,66.3 3 1
github.com/Avalanche-io/c4/id/tree_utils.go:67.2,67.21 1 1
github.com/Avalanche-io/c4/id/tree_utils.go:72.30,83.16 5 1
github.com/Avalanche-io/c4/id/tree_utils.go:83.16,85.3 1 0
github.com/Avalanche-io/c4/id/tree_utils.go:86.2,88.16 3 1
github.com/Avalanche-io/c4/id/tree_utils.go:88.16,90.3 1 1
github.com/Avalanche-io/c4/id/tree_utils.go:94.2,94.6 1 1
github.com/Avalanche-io/c4/id/tree_utils.go:94.6,97.20 3 1
github.com/Avalanche-io/c4/id/tree_utils.go:97.20,98.30 1 0
github.com/Avalanche-io/c4/id/tree_utils.go:101.3,101.16 1 1
github.com/Avalanche-io/c4/id/tree_utils.go:101.16,103.4 1 1
github.com/Avalanche-io/c4/id/tree_utils.go:103.9,103.23 1 1
github.com/Avalanche-io/c4/id/tree_utils.go:103.23,105.4 1 1
github.com/Avalanche-io/c4/id/tree_utils.go:105.9,107.4 1 1
github.com/Avalanche-io/c4/id/tree_utils.go:113.26,116.31 2 1
github.com/Avalanche-io/c4/id/tree_utils.go:116.31,118.3 1 1
github.com/Avalanche-io/c4/id/tree_utils.go:119.2,119.14 1 1
github.com/Avalanche-io/c4/id/tree_utils.go:125.22,127.2 1 1
github.com/Avalanche-io/c4/id/tree_utils.go:148.34,149.16 1 1
github.com/Avalanche-io/c4/id/tree_utils.go:149.16,152.3 2 0
github.com/Avalanche-io/c4/id/tree_utils.go:153.2,153.16 1 1
github.com/Avalanche-io/c4/id/tree_utils.go:153.16,156.3 2 1
github.com/Avalanche-io/c4/id/tree_utils.go:157.2,157.15 1 1
github.com/Avalanche-io/c4/id/tree_utils.go:157.15,160.3 2 1
github.com/Avalanche-io/c4/id/tree_utils.go:161.2,161.28 1 1
github.com/Avalanche-io/c4/manifest/naturalsort/naturalsort.go:7.33,7.50 1 1
github.com/Avalanche-io/c4/manifest/naturalsort/naturalsort.go:8.33,8.60 1 1
github.com/Avalanche-io/c4/manifest/naturalsort/naturalsort.go:17.38,22.38 3 1
github.com/Avalanche-io/c4/manifest/naturalsort/naturalsort.go:22.38,28.20 1 1
github.com/Avalanche-io/c4/manifest/naturalsort/naturalsort.go:28.20,30.22 1 1
github.com/Avalanche-io/c4/manifest/naturalsort/naturalsort.go:30.22,33.28 1 1
github.com/Avalanche-io/c4/manifest/naturalsort/naturalsort.go:33.28,36.14 3 1
github.com/Avalanche-io/c4/manifest/naturalsort/naturalsort.go:40.5,40.30 1 1
github.com/Avalanche-io/c4/manifest/naturalsort/naturalsort.go:44.4,44.16 1 0
github.com/Avalanche-io/c4/manifest/naturalsort/naturalsort.go:45.9,45.28 1 1
github.com/Avalanche-io/c4/manifest/naturalsort/naturalsort.go:45.28,47.4 1 1
github.com/Avalanche-io/c4/manifest/naturalsort/naturalsort.go:53.3,53.20 1 1
github.com/Avalanche-io/c4/manifest/naturalsort/naturalsort.go:53.20,55.22 1 1
github.com/Avalanche-io/c4/manifest/naturalsort/naturalsort.go:55.22,57.28 1 1
github.com/Avalanche-io/c4/manifest/naturalsort/naturalsort.go:57.28,60.14 3 1
github.com/Avalanche-io/c4/manifest/naturalsort/naturalsort.go:63.5,63.30 1 0
github.com/Avalanche-io/c4/manifest/naturalsort/naturalsort.go:65.4,65.16 1 0
github.com/Avalanche-io/c4/manifest/naturalsort/naturalsort.go:66.9,66.28 1 1
github.com/Avalanche-io/c4/manifest/naturalsort/naturalsort.go:66.28,68.4 1 0
github.com/Avalanche-io/c4/manifest/naturalsort/naturalsort.go:74.3,74.46 1 1
github.com/Avalanche-io/c4/manifest/naturalsort/naturalsort.go:74.47,75.4 0 1
github.com/Avalanche-io/c4/manifest/naturalsort/naturalsort.go:78.3,78.48 1 1
github.com/Avalanche-io/c4/manifest/naturalsort/naturalsort.go:78.49,79.4 0 1
github.com/Avalanche-io/c4/manifest/naturalsort/naturalsort.go:82.3,85.66 2 1
github.com/Avalanche-io/c4/manifest/naturalsort/naturalsort.go:85.67,86.4 0 1
github.com/Avalanche-io/c4/manifest/naturalsort/naturalsort.go:87.3,87.69 1 1
github.com/Avalanche-io/c4/manifest/naturalsort/naturalsort.go:87.70,88.4 0 1
github.com/Avalanche-io/c4/manifest/naturalsort/naturalsort.go:91.3,91.37 1 1
github.com/Avalanche-io/c4/manifest/naturalsort/naturalsort.go:91.37,93.4 1 1
github.com/Avalanche-io/c4/manifest/naturalsort/naturalsort.go:96.3,96.32 1 1
github.com/Avalanche-io/c4/manifest/naturalsort/naturalsort.go:96.32,98.4 1 1
github.com/Avalanche-io/c4/manifest/naturalsort/naturalsort.go:103.3,103.13 1 1
github.com/Avalanche-io/c4/manifest/naturalsort/naturalsort.go:103.13,105.4 1 1
github.com/Avalanche-io/c4/manifest/naturalsort/naturalsort.go:111.2,111.31 1 1
github.com/Avalanche-io/c4/manifest/db.go:14.50,16.2 1 0
github.com/Avalanche-io/c4/manifest/filemode.go:9.55,12.21 2 1
github.com/Avalanche-io/c4/manifest/filemode.go:12.21,14.3 1 0
github.com/Avalanche-io/c4/manifest/filemode.go:15.2,17.14 3 1
github.com/Avalanche-io/c4/manifest/filemode.go:18.11,18.11 0 1
github.com/Avalanche-io/c4/manifest/filemode.go:19.11,24.45 1 1
github.com/Avalanche-io/c4/manifest/filemode.go:24.45,26.4 1 1
github.com/Avalanche-io/c4/manifest/filemode.go:26.9,28.4 1 1
github.com/Avalanche-io/c4/manifest/filemode.go:29.11,31.24 1 0
github.com/Avalanche-io/c4/manifest/filemode.go:32.11,34.24 1 0
github.com/Avalanche-io/c4/manifest/filemode.go:35.11,37.25 1 1
github.com/Avalanche-io/c4/manifest/filemode.go:38.11,40.27 1 1
github.com/Avalanche-io/c4/manifest/filemode.go:41.11,43.27 1 0
github.com/Avalanche-io/c4/manifest/filemode.go:44.11,46.24 1 1
github.com/Avalanche-io/c4/manifest/filemode.go:47.11,49.24 1 0
github.com/Avalanche-io/c4/manifest/filemode.go:50.11,52.24 1 0
github.com/Avalanche-io/c4/manifest/filemode.go:53.11,55.44 1 0
github.com/Avalanche-io/c4/manifest/filemode.go:56.11,58.24 1 0
github.com/Avalanche-io/c4/manifest/filemode.go:61.2,61.21 1 1
github.com/Avalanche-io/c4/manifest/filemode.go:61.21,63.3 1 1
github.com/Avalanche-io/c4/manifest/filemode.go:64.2,64.21 1 1
github.com/Avalanche-io/c4/manifest/filemode.go:64.21,66.3 1 1
github.com/Avalanche-io/c4/manifest/filemode.go:67.2,67.21 1 1
github.com/Avalanche-io/c4/manifest/filemode.go:67.21,69.3 1 1
github.com/Avalanche-io/c4/manifest/filemode.go:70.2,70.21 1 1
github.com/Avalanche-io/c4/manifest/filemode.go:70.21,72.3 1 1
github.com/Avalanche-io/c4/manifest/filemode.go:73.2,73.21 1 1
github.com/Avalanche-io/c4/manifest/filemode.go:73.21,75.3 1 0
github.com/Avalanche-io/c4/manifest/filemode.go:76.2,76.21 1 1
github.com/Avalanche-io/c4/manifest/filemode.go:76.21,78.3 1 1
github.com/Avalanche-io/c4/manifest/filemode.go:79.2,79.21 1 1
github.com/Avalanche-io/c4/manifest/filemode.go:79.21,81.3 1 1
github.com/Avalanche-io/c4/manifest/filemode.go:82.2,82.21 1 1
github.com/Avalanche-io/c4/manifest/filemode.go:82.21,84.3 1 0
github.com/Avalanche-io/c4/manifest/filemode.go:85.2,85.21 1 1
github.com/Avalanche-io/c4/manifest/filemode.go:85.21,87.3 1 1
github.com/Avalanche-io/c4/manifest/filemode.go:89.2,89.18 1 1
github.com/Avalanche-io/c4/manifest/manifest.go:31.34,33.2 1 1
github.com/Avalanche-io/c4/manifest/manifest.go:35.33,37.2 1 1
github.com/Avalanche-io/c4/manifest/manifest.go:39.39,41.2 1 1
github.com/Avalanche-io/c4/manifest/manifest.go:43.40,45.2 1 1
github.com/Avalanche-io/c4/manifest/manifest.go:47.33,49.2 1 1
github.com/Avalanche-io/c4/manifest/manifest.go:51.38,53.2 1 0
github.com/Avalanche-io/c4/manifest/manifest.go:55.31,57.2 1 1
github.com/Avalanche-io/c4/manifest/manifest.go:59.37,61.2 1 1
github.com/Avalanche-io/c4/manifest/manifest.go:63.72,65.2 1 1
github.com/Avalanche-io/c4/manifest/manifest.go:67.50,83.19 2 0
github.com/Avalanche-io/c4/manifest/manifest.go:83.19,85.3 1 0
github.com/Avalanche-io/c4/manifest/manifest.go:86.2,86.25 1 0
github.com/Avalanche-io/c4/manifest/manifest.go:86.25,88.3 1 0
github.com/Avalanche-io/c4/manifest/manifest.go:89.2,89.27 1 0
github.com/Avalanche-io/c4/manifest/manifest.go:92.53,102.16 3 0
github.com/Avalanche-io/c4/manifest/manifest.go:102.16,104.3 1 0
github.com/Avalanche-io/c4/manifest/manifest.go:106.2,107.16 2 0
github.com/Avalanche-io/c4/manifest/manifest.go:107.16,109.3 1 0
github.com/Avalanche-io/c4/manifest/manifest.go:110.2,111.16 2 0
github.com/Avalanche-io/c4/manifest/manifest.go:111.16,113.3 1 0
github.com/Avalanche-io/c4/manifest/manifest.go:114.2,118.24 5 0
github.com/Avalanche-io/c4/manifest/manifest.go:118.24,120.17 2 0
github.com/Avalanche-io/c4/manifest/manifest.go:120.17,122.4 1 0
github.com/Avalanche-io/c4/manifest/manifest.go:123.3,123.12 1 0
github.com/Avalanche-io/c4/manifest/manifest.go:126.2,126.30 1 0
github.com/Avalanche-io/c4/manifest/manifest.go:126.30,128.17 2 0
github.com/Avalanche-io/c4/manifest/manifest.go:128.17,130.4 1 0
github.com/Avalanche-io/c4/manifest/manifest.go:131.3,131.18 1 0
github.com/Avalanche-io/c4/manifest/manifest.go:134.2,134.12 1 0
github.com/Avalanche-io/c4/manifest/manifest.go:137.52,142.16 4 1
github.com/Avalanche-io/c4/manifest/manifest.go:142.16,144.3 1 0
github.com/Avalanche-io/c4/manifest/manifest.go:147.2,150.16 4 1
github.com/Avalanche-io/c4/manifest/manifest.go:150.16,152.3 1 0
github.com/Avalanche-io/c4/manifest/manifest.go:155.2,158.16 4 1
github.com/Avalanche-io/c4/manifest/manifest.go:158.16,160.3 1 0
github.com/Avalanche-io/c4/manifest/manifest.go:162.2,164.13 3 1
github.com/Avalanche-io/c4/manifest/manifest.go:164.13,166.3 1 1
github.com/Avalanche-io/c4/manifest/manifest.go:167.2,177.20 4 1
github.com/Avalanche-io/c4/manifest/manifest.go:177.20,179.3 1 1
github.com/Avalanche-io/c4/manifest/manifest.go:181.2,182.16 2 1
github.com/Avalanche-io/c4/manifest/manifest.go:182.16,184.3 1 0
github.com/Avalanche-io/c4/manifest/manifest.go:185.2,187.20 3 1
github.com/Avalanche-io/c4/manifest/manifest.go:187.20,189.3 1 1
github.com/Avalanche-io/c4/manifest/manifest.go:191.2,192.16 2 0
github.com/Avalanche-io/c4/manifest/manifest.go:192.16,194.3 1 0
github.com/Avalanche-io/c4/manifest/manifest.go:195.2,197.18 2 0
github.com/Avalanche-io/c4/manifest/manifest.go:206.40,212.23 6 1
github.com/Avalanche-io/c4/manifest/manifest.go:212.23,214.3 1 1
github.com/Avalanche-io/c4/manifest/manifest.go:215.2,215.22 1 1
github.com/Avalanche-io/c4/manifest/manifest.go:215.22,217.29 2 1
github.com/Avalanche-io/c4/manifest/manifest.go:217.29,219.4 1 0
github.com/Avalanche-io/c4/manifest/manifest.go:222.2,222.15 1 1
github.com/Avalanche-io/c4/manifest/manifest.go:225.109,234.2 1 0
github.com/Avalanche-io/c4/manifest/manifest.go:236.60,244.42 2 1
github.com/Avalanche-io/c4/manifest/manifest.go:244.42,247.3 2 0
github.com/Avalanche-io/c4/manifest/manifest.go:249.2,249.18 1 1
github.com/Avalanche-io/c4/manifest/manifest.go:249.18,251.19 2 1
github.com/Avalanche-io/c4/manifest/manifest.go:251.19,253.4 1 0
github.com/Avalanche-io/c4/manifest/manifest.go:256.2,256.12 1 1
github.com/Avalanche-io/c4/manifest/manifest.go:278.29,280.12 2 0
github.com/Avalanche-io/c4/manifest/manifest.go:280.12,281.51 1 0
github.com/Avalanche-io/c4/manifest/manifest.go:284.2,285.12 2 0
github.com/Avalanche-io/c4/manifest/manifest.go:285.12,286.51 1 0
github.com/Avalanche-io/c4/manifest/manifest.go:289.2,289.22 1 0
github.com/Avalanche-io/c4/manifest/manifest.go:289.22,291.3 1 0
github.com/Avalanche-io/c4/manifest/manifest.go:293.2,293.24 1 0
github.com/Avalanche-io/c4/manifest/manifest.go:359.23,362.2 2 1
github.com/Avalanche-io/c4/manifest/manifest.go:363.24,366.2 2 1
github.com/Avalanche-io/c4/manifest/manifest.go:368.57,371.42 2 1
github.com/Avalanche-io/c4/manifest/manifest.go:371.42,374.3 2 1
github.com/Avalanche-io/c4/manifest/manifest.go:376.2,376.29 1 0
github.com/Avalanche-io/c4/manifest/manifest.go:380.43,383.9 3 0
github.com/Avalanche-io/c4/manifest/manifest.go:383.9,384.58 1 0
github.com/Avalanche-io/c4/manifest/manifest.go:386.2,387.16 2 0
github.com/Avalanche-io/c4/manifest/manifest.go:391.49,394.9 3 0
github.com/Avalanche-io/c4/manifest/manifest.go:394.9,395.67 1 0
github.com/Avalanche-io/c4/manifest/manifest.go:397.2,398.16 2 0
github.com/Avalanche-io/c4/manifest/manifest.go:407.41,410.2 2 1
github.com/Avalanche-io/c4/manifest/manifest.go:412.31,416.19 4 1
github.com/Avalanche-io/c4/manifest/manifest.go:416.19,419.3 2 1
github.com/Avalanche-io/c4/manifest/manifest.go:420.2,421.28 2 1
github.com/Avalanche-io/c4/manifest/manifest.go:424.40,431.25 6 1
github.com/Avalanche-io/c4/manifest/manifest.go:431.25,433.29 2 1
github.com/Avalanche-io/c4/manifest/manifest.go:433.29,435.4 1 1
github.com/Avalanche-io/c4/manifest/manifest.go:436.3,436.33 1 1
github.com/Avalanche-io/c4/manifest/manifest.go:436.33,438.4 1 1
github.com/Avalanche-io/c4/manifest/manifest.go:440.3,441.6 2 1
github.com/Avalanche-io/c4/manifest/manifest.go:444.2,451.29 5 1
github.com/Avalanche-io/c4/manifest/manifest.go:451.29,453.25 2 1
github.com/Avalanche-io/c4/manifest/manifest.go:453.25,455.32 2 1
github.com/Avalanche-io/c4/manifest/manifest.go:455.32,457.5 1 0
github.com/Avalanche-io/c4/manifest/manifest.go:460.3,461.90 2 1
github.com/Avalanche-io/c4/manifest/manifest.go:463.2,465.25 3 1
github.com/Avalanche-io/c4/manifest/manifest.go:465.25,467.3 1 1
github.com/Avalanche-io/c4/manifest/manifest.go:469.2,469.26 1 1
github.com/Avalanche-io/c4/manifest/manifest.go:472.43,477.12 5 1
github.com/Avalanche-io/c4/manifest/manifest.go:477.12,480.20 2 1
github.com/Avalanche-io/c4/manifest/manifest.go:480.20,482.4 1 0
github.com/Avalanche-io/c4/manifest/manifest.go:483.3,483.21 1 1
github.com/Avalanche-io/c4/manifest/manifest.go:483.21,484.12 1 0
github.com/Avalanche-io/c4/manifest/manifest.go:486.3,487.26 2 1
github.com/Avalanche-io/c4/manifest/manifest.go:487.26,488.17 1 1
github.com/Avalanche-io/c4/manifest/manifest.go:488.17,489.10 1 1
github.com/Avalanche-io/c4/manifest/manifest.go:491.4,491.17 1 1
github.com/Avalanche-io/c4/manifest/manifest.go:493.3,495.22 2 1
github.com/Avalanche-io/c4/manifest/manifest.go:495.22,497.18 2 1
github.com/Avalanche-io/c4/manifest/manifest.go:497.18,499.13 2 1
github.com/Avalanche-io/c4/manifest/manifest.go:503.3,504.17 2 1
github.com/Avalanche-io/c4/manifest/manifest.go:504.17,506.4 1 0
github.com/Avalanche-io/c4/manifest/manifest.go:507.3,509.19 3 1
github.com/Avalanche-io/c4/manifest/manifest.go:509.19,511.4 1 1
github.com/Avalanche-io/c4/manifest/manifest.go:513.2,513.12 1 1
github.com/Avalanche-io/c4/manifest/nillist.go:13.40,15.28 2 1
github.com/Avalanche-io/c4/manifest/nillist.go:15.28,17.3 1 1
github.com/Avalanche-io/c4/manifest/nillist.go:18.2,22.11 5 1
github.com/Avalanche-io/c4/manifest/nillist.go:27.38,27.55 1 1
github.com/Avalanche-io/c4/manifest/nillist.go:28.38,28.65 1 1
github.com/Avalanche-io/c4/manifest/nillist.go:29.38,29.80 1 1
github.com/Avalanche-io/c4/manifest/nillist.go:31.41,33.25 2 1
github.com/Avalanche-io/c4/manifest/nillist.go:33.25,35.3 1 1
github.com/Avalanche-io/c4/manifest/nillist.go:36.2,36.13 1 1
github.com/Avalanche-io/c4/manifest/nillist.go:39.28,41.59 1 0
github.com/Avalanche-io/c4/manifest/nillist.go:41.59,43.3 1 0
github.com/Avalanche-io/c4/manifest/nillist.go:46.36,48.2 1 0
github.com/Avalanche-io/c4/manifest/nillist.go:51.36,52.20 1 1
github.com/Avalanche-io/c4/manifest/nillist.go:52.20,54.3 1 1
github.com/Avalanche-io/c4/manifest/nillist.go:55.2,56.33 2 1
github.com/Avalanche-io/c4/manifest/nillist.go:56.33,57.21 1 1
github.com/Avalanche-io/c4/manifest/nillist.go:57.21,59.12 2 1
github.com/Avalanche-io/c4/manifest/nillist.go:61.3,61.20 1 1
github.com/Avalanche-io/c4/manifest/nillist.go:63.2,63.13 1 1
github.com/Avalanche-io/c4/manifest/nillist.go:67.34,68.35 1 1
github.com/Avalanche-io/c4/manifest/nillist.go:68.35,70.3 1 1
github.com/Avalanche-io/c4/manifest/nillist.go:71.2,75.22 3 1
github.com/Avalanche-io/c4/manifest/nillist.go:75.22,76.19 1 1
github.com/Avalanche-io/c4/manifest/nillist.go:76.19,78.12 2 1
github.com/Avalanche-io/c4/manifest/nillist.go:80.3,80.28 1 1
github.com/Avalanche-io/c4/manifest/nillist.go:82.2,82.28 1 1
github.com/Avalanche-io/c4/manifest/nillist.go:85.41,89.2 3 0
github.com/Avalanche-io/c4/manifest/nillist.go:93.39,95.47 1 0
github.com/Avalanche-io/c4/manifest/nillist.go:95.47,97.3 1 0
github.com/Avalanche-io/c4/manifest/nillist.go:119.38,121.47 1 0
github.com/Avalanche-io/c4/manifest/nillist.go:121.47,123.3 1 0
github.com/Avalanche-io/c4/manifest/nillist.go:131.47,140.21 4 0
github.com/Avalanche-io/c4/manifest/nillist.go:140.21,142.53 1 0
github.com/Avalanche-io/c4/manifest/nillist.go:142.53,143.9 1 0
github.com/Avalanche-io/c4/manifest/nillist.go:145.3,151.13 4 0
github.com/Avalanche-io/c4/manifest/nillist.go:151.13,154.4 2 0
github.com/Avalanche-io/c4/manifest/nillist.go:156.3,158.20 3 0
github.com/Avalanche-io/c4/manifest/nillist.go:160.2,160.12 1 0
github.com/Avalanche-io/c4/manifest/nillist.go:163.45,165.13 2 0
github.com/Avalanche-io/c4/manifest/nillist.go:165.13,166.13 1 0
github.com/Avalanche-io/c4/manifest/nillist.go:166.13,169.12 3 0
github.com/Avalanche-io/c4/manifest/nillist.go:171.3,171.26 1 0
github.com/Avalanche-io/c4/manifest/nillist.go:173.2,173.17 1 0
github.com/Avalanche-io/c4/manifest/nillist.go:178.46,181.18 2 0
github.com/Avalanche-io/c4/manifest/nillist.go:181.18,183.3 1 0
github.com/Avalanche-io/c4/manifest/nillist.go:185.2,185.24 1 0
github.com/Avalanche-io/c4/util/charset.go:39.13,43.28 4 1
github.com/Avalanche-io/c4/util/charset.go:43.28,46.3 2 1
github.com/Avalanche-io/c4/util/charset.go:50.43,51.26 1 1
github.com/Avalanche-io/c4/util/charset.go:51.26,53.3 1 1
github.com/Avalanche-io/c4/util/charset.go:54.2,56.22 3 1
github.com/Avalanche-io/c4/util/charset.go:56.22,58.17 2 1
github.com/Avalanche-io/c4/util/charset.go:58.17,59.12 1 1
github.com/Avalanche-io/c4/util/charset.go:61.3,61.22 1 1
github.com/Avalanche-io/c4/util/charset.go:61.22,63.4 1 1
github.com/Avalanche-io/c4/util/charset.go:65.2,65.13 1 1
github.com/Avalanche-io/c4/util/charset.go:72.60,73.24 1 1
github.com/Avalanche-io/c4/util/charset.go:73.24,75.3 1 1
github.com/Avalanche-io/c4/util/charset.go:76.2,80.31 5 1
github.com/Avalanche-io/c4/util/charset.go:80.31,83.3 2 1
github.com/Avalanche-io/c4/util/charset.go:84.2,85.19 2 1
github.com/Avalanche-io/c4/util/charset.go:85.19,88.26 3 1
github.com/Avalanche-io/c4/util/charset.go:88.26,89.19 1 1
github.com/Avalanche-io/c4/util/charset.go:89.19,91.5 1 1
github.com/Avalanche-io/c4/util/charset.go:92.4,93.12 2 1
github.com/Avalanche-io/c4/util/charset.go:95.3,95.40 1 1
github.com/Avalanche-io/c4/util/charset.go:95.40,97.4 1 1
github.com/Avalanche-io/c4/util/charset.go:98.3,98.13 1 1
github.com/Avalanche-io/c4/util/charset.go:100.2,100.17 1 1
github.com/Avalanche-io/c4/util/charset.go:100.17,102.3 1 1
github.com/Avalanche-io/c4/util/charset.go:103.2,103.15 1 1
github.com/Avalanche-io/c4/util/charset.go:111.42,112.15 1 1
github.com/Avalanche-io/c4/util/charset.go:112.15,114.3 1 1
github.com/Avalanche-io/c4/util/charset.go:115.2,118.26 3 1
github.com/Avalanche-io/c4/util/charset.go:118.26,120.3 1 1
github.com/Avalanche-io/c4/util/charset.go:121.2,122.14 2 1
github.com/Avalanche-io/c4/util/charset.go:128.42,129.15 1 1
github.com/Avalanche-io/c4/util/charset.go:129.15,131.3 1 1
github.com/Avalanche-io/c4/util/charset.go:132.2,135.26 3 1
github.com/Avalanche-io/c4/util/charset.go:135.26,137.3 1 1
github.com/Avalanche-io/c4/util/charset.go:138.2,139.14 2 1
github.com/Avalanche-io/c4/store/folder.go:19.55,21.2 1 1
github.com/Avalanche-io/c4/store/folder.go:26.58,29.16 3 1
github.com/Avalanche-io/c4/store/folder.go:29.16,31.3 1 0
github.com/Avalanche-io/c4/store/folder.go:32.2,32.24 1 1
github.com/Avalanche-io/c4/store/folder.go:35.40,38.2 2 0
github.com/Avalanche-io/c4/store/logger.go:44.67,45.16 1 1
github.com/Avalanche-io/c4/store/logger.go:45.16,47.3 1 1
github.com/Avalanche-io/c4/store/logger.go:48.2,48.31 1 1
github.com/Avalanche-io/c4/store/logger.go:52.56,56.26 3 1
github.com/Avalanche-io/c4/store/logger.go:56.26,58.3 1 1
github.com/Avalanche-io/c4/store/logger.go:61.2,62.16 2 1
github.com/Avalanche-io/c4/store/logger.go:62.16,64.28 1 0
github.com/Avalanche-io/c4/store/logger.go:64.28,66.4 1 0
github.com/Avalanche-io/c4/store/logger.go:67.3,67.18 1 0
github.com/Avalanche-io/c4/store/logger.go:71.2,71.57 1 1
github.com/Avalanche-io/c4/store/logger.go:75.59,79.28 3 1
github.com/Avalanche-io/c4/store/logger.go:79.28,81.3 1 1
github.com/Avalanche-io/c4/store/logger.go:84.2,85.16 2 1
github.com/Avalanche-io/c4/store/logger.go:85.16,87.28 1 0
github.com/Avalanche-io/c4/store/logger.go:87.28,89.4 1 0
github.com/Avalanche-io/c4/store/logger.go:90.3,90.18 1 0
github.com/Avalanche-io/c4/store/logger.go:94.2,94.57 1 1
github.com/Avalanche-io/c4/store/logger.go:98.41,102.28 3 0
github.com/Avalanche-io/c4/store/logger.go:102.28,104.3 1 0
github.com/Avalanche-io/c4/store/logger.go:107.2,108.16 2 0
github.com/Avalanche-io/c4/store/logger.go:108.16,110.28 1 0
github.com/Avalanche-io/c4/store/logger.go:110.28,112.4 1 0
github.com/Avalanche-io/c4/store/logger.go:113.3,113.13 1 0
github.com/Avalanche-io/c4/store/logger.go:116.2,116.12 1 0
github.com/Avalanche-io/c4/store/logger.go:137.53,142.26 3 1
github.com/Avalanche-io/c4/store/logger.go:142.26,144.3 1 1
github.com/Avalanche-io/c4/store/logger.go:145.2,145.16 1 1
github.com/Avalanche-io/c4/store/logger.go:145.16,147.3 1 1
github.com/Avalanche-io/c4/store/logger.go:149.2,149.13 1 1
github.com/Avalanche-io/c4/store/logger.go:150.14,151.26 1 1
github.com/Avalanche-io/c4/store/logger.go:151.26,153.4 1 0
github.com/Avalanche-io/c4/store/logger.go:154.20,155.32 1 0
github.com/Avalanche-io/c4/store/logger.go:155.32,157.4 1 0
github.com/Avalanche-io/c4/store/logger.go:158.10,159.28 1 0
github.com/Avalanche-io/c4/store/logger.go:159.28,161.4 1 0
github.com/Avalanche-io/c4/store/logger.go:163.2,164.15 2 1
github.com/Avalanche-io/c4/store/logger.go:169.39,173.27 2 1
github.com/Avalanche-io/c4/store/logger.go:173.27,175.3 1 1
github.com/Avalanche-io/c4/store/logger.go:178.2,179.16 2 1
github.com/Avalanche-io/c4/store/logger.go:179.16,181.3 1 1
github.com/Avalanche-io/c4/store/logger.go:183.2,183.25 1 0
github.com/Avalanche-io/c4/store/logger.go:183.25,185.32 1 0
github.com/Avalanche-io/c4/store/logger.go:185.32,187.4 1 0
github.com/Avalanche-io/c4/store/logger.go:188.8,188.34 1 0
github.com/Avalanche-io/c4/store/logger.go:188.34,190.3 1 0
github.com/Avalanche-io/c4/store/logger.go:193.2,194.12 2 0
github.com/Avalanche-io/c4/store/logger.go:214.54,220.27 3 1
github.com/Avalanche-io/c4/store/logger.go:220.27,222.3 1 1
github.com/Avalanche-io/c4/store/logger.go:223.2,223.16 1 1
github.com/Avalanche-io/c4/store/logger.go:223.16,225.3 1 1
github.com/Avalanche-io/c4/store/logger.go:227.2,227.13 1 0
github.com/Avalanche-io/c4/store/logger.go:228.14,229.26 1 0
github.com/Avalanche-io/c4/store/logger.go:229.26,231.4 1 0
github.com/Avalanche-io/c4/store/logger.go:232.20,233.32 1 0
github.com/Avalanche-io/c4/store/logger.go:233.32,235.4 1 0
github.com/Avalanche-io/c4/store/logger.go:236.10,237.28 1 0
github.com/Avalanche-io/c4/store/logger.go:237.28,239.4 1 0
github.com/Avalanche-io/c4/store/logger.go:241.2,242.15 2 0
github.com/Avalanche-io/c4/store/logger.go:246.39,250.27 2 1
github.com/Avalanche-io/c4/store/logger.go:250.27,252.3 1 1
github.com/Avalanche-io/c4/store/logger.go:255.2,256.16 2 1
github.com/Avalanche-io/c4/store/logger.go:256.16,258.3 1 1
github.com/Avalanche-io/c4/store/logger.go:260.2,260.25 1 0
github.com/Avalanche-io/c4/store/logger.go:260.25,262.32 1 0
github.com/Avalanche-io/c4/store/logger.go:262.32,264.4 1 0
github.com/Avalanche-io/c4/store/logger.go:265.8,265.34 1 0
github.com/Avalanche-io/c4/store/logger.go:265.34,267.3 1 0
github.com/Avalanche-io/c4/store/logger.go:270.2,271.12 2 0
github.com/Avalanche-io/c4/store/map.go:16.37,18.2 1 1
github.com/Avalanche-io/c4/store/map.go:22.52,24.2 1 1
github.com/Avalanche-io/c4/store/map.go:29.55,31.2 1 0
github.com/Avalanche-io/c4/store/map.go:35.37,37.2 1 0
github.com/Avalanche-io/c4/store/map.go:39.31,41.2 1 0
github.com/Avalanche-io/c4/store/map.go:43.43,45.2 1 0
github.com/Avalanche-io/c4/store/map.go:47.78,50.9 3 1
github.com/Avalanche-io/c4/store/map.go:50.9,53.3 2 1
github.com/Avalanche-io/c4/store/map.go:54.2,54.21 1 0
github.com/Avalanche-io/c4/store/map.go:57.56,58.26 1 1
github.com/Avalanche-io/c4/store/map.go:58.26,59.19 1 1
github.com/Avalanche-io/c4/store/map.go:59.19,61.4 1 0
github.com/Avalanche-io/c4/store/ram.go:16.20,19.2 2 1
github.com/Avalanche-io/c4/store/ram.go:28.47,29.22 1 1
github.com/Avalanche-io/c4/store/ram.go:29.22,31.3 1 0
github.com/Avalanche-io/c4/store/ram.go:33.2,35.15 3 1
github.com/Avalanche-io/c4/store/ram.go:38.48,39.16 1 1
github.com/Avalanche-io/c4/store/ram.go:39.16,41.3 1 0
github.com/Avalanche-io/c4/store/ram.go:42.2,43.20 2 1
github.com/Avalanche-io/c4/store/ram.go:46.33,47.16 1 1
github.com/Avalanche-io/c4/store/ram.go:47.16,49.3 1 1
github.com/Avalanche-io/c4/store/ram.go:50.2,51.12 2 1
github.com/Avalanche-io/c4/store/ram.go:56.53,58.9 2 1
github.com/Avalanche-io/c4/store/ram.go:58.9,60.3 1 0
github.com/Avalanche-io/c4/store/ram.go:61.2,61.41 1 1
github.com/Avalanche-io/c4/store/ram.go:67.56,69.8 2 1
github.com/Avalanche-io/c4/store/ram.go:69.8,71.3 1 0
github.com/Avalanche-io/c4/store/ram.go:73.2,73.46 1 1
github.com/Avalanche-io/c4/store/ram.go:78.38,80.9 2 1
github.com/Avalanche-io/c4/store/ram.go:80.9,82.3 1 0
github.com/Avalanche-io/c4/store/ram.go:83.2,84.12 2 1
github.com/Avalanche-io/c4/store/validating.go:24.41,26.2 1 1
github.com/Avalanche-io/c4/store/validating.go:36.56,39.16 3 1
github.com/Avalanche-io/c4/store/validating.go:39.16,41.3 1 1
github.com/Avalanche-io/c4/store/validating.go:42.2,42.19 1 0
github.com/Avalanche-io/c4/store/validating.go:42.19,43.19 1 0
github.com/Avalanche-io/c4/store/validating.go:43.19,45.4 1 0
github.com/Avalanche-io/c4/store/validating.go:47.2,47.15 1 0
github.com/Avalanche-io/c4/store/validating.go:50.43,51.47 1 1
github.com/Avalanche-io/c4/store/validating.go:51.47,53.3 1 1
github.com/Avalanche-io/c4/store/validating.go:54.2,54.14 1 1
github.com/Avalanche-io/c4/store/validating.go:57.42,59.18 2 1
github.com/Avalanche-io/c4/store/validating.go:59.18,61.3 1 1
github.com/Avalanche-io/c4/store/validating.go:62.2,62.12 1 1
github.com/Avalanche-io/c4/store/validating.go:72.57,75.16 3 1
github.com/Avalanche-io/c4/store/validating.go:75.16,77.3 1 1
github.com/Avalanche-io/c4/store/validating.go:78.2,78.19 1 0
github.com/Avalanche-io/c4/store/validating.go:78.19,79.19 1 0
github.com/Avalanche-io/c4/store/validating.go:79.19,83.4 3 0
github.com/Avalanche-io/c4/store/validating.go:85.2,85.15 1 0
github.com/Avalanche-io/c4/store/validating.go:88.43,89.47 1 1
github.com/Avalanche-io/c4/store/validating.go:89.47,91.3 1 1
github.com/Avalanche-io/c4/store/validating.go:92.2,92.14 1 1
github.com/Avalanche-io/c4/store/validating.go:95.42,97.18 2 1
github.com/Avalanche-io/c4/store/validating.go:97.18,100.3 2 1
github.com/Avalanche-io/c4/store/validating.go:101.2,101.12 1 1
github.com/Avalanche-io/c4/store/validating.go:106.60,108.16 2 1
github.com/Avalanche-io/c4/store/validating.go:108.16,110.3 1 0
github.com/Avalanche-io/c4/store/validating.go:111.2,111.52 1 1
github.com/Avalanche-io/c4/store/validating.go:117.63,119.16 2 1
github.com/Avalanche-io/c4/store/validating.go:119.16,121.3 1 0
github.com/Avalanche-io/c4/store/validating.go:122.2,122.64 1 1
github.com/Avalanche-io/c4/store/validating.go:125.45,127.2 1 0
github.com/Avalanche-io/c4/db/db.go:84.51,90.24 6 1
github.com/Avalanche-io/c4/db/db.go:90.24,94.3 3 1
github.com/Avalanche-io/c4/db/db.go:97.26,98.9 1 1
github.com/Avalanche-io/c4/db/db.go:99.24,100.13 1 0
github.com/Avalanche-io/c4/db/db.go:101.10,101.10 0 1
github.com/Avalanche-io/c4/db/db.go:103.2,103.12 1 1
github.com/Avalanche-io/c4/db/db.go:106.22,110.2 3 1
github.com/Avalanche-io/c4/db/db.go:138.13,140.2 1 1
github.com/Avalanche-io/c4/db/db.go:145.62,147.49 1 1
github.com/Avalanche-io/c4/db/db.go:147.49,149.17 2 1
github.com/Avalanche-io/c4/db/db.go:149.17,151.4 1 0
github.com/Avalanche-io/c4/db/db.go:154.2,157.16 4 1
github.com/Avalanche-io/c4/db/db.go:157.16,159.3 1 0
github.com/Avalanche-io/c4/db/db.go:161.2,161.45 1 1
github.com/Avalanche-io/c4/db/db.go:161.45,163.17 2 1
github.com/Avalanche-io/c4/db/db.go:163.17,165.4 1 0
github.com/Avalanche-io/c4/db/db.go:167.3,167.37 1 1
github.com/Avalanche-io/c4/db/db.go:167.37,169.18 2 1
github.com/Avalanche-io/c4/db/db.go:169.18,171.5 1 0
github.com/Avalanche-io/c4/db/db.go:173.3,173.13 1 1
github.com/Avalanche-io/c4/db/db.go:175.2,175.16 1 1
github.com/Avalanche-io/c4/db/db.go:175.16,177.3 1 0
github.com/Avalanche-io/c4/db/db.go:179.2,180.20 2 1
github.com/Avalanche-io/c4/db/db.go:180.20,182.21 2 1
github.com/Avalanche-io/c4/db/db.go:182.21,184.4 1 1
github.com/Avalanche-io/c4/db/db.go:185.8,186.70 1 0
github.com/Avalanche-io/c4/db/db.go:186.70,188.4 1 0
github.com/Avalanche-io/c4/db/db.go:189.3,190.30 2 0
github.com/Avalanche-io/c4/db/db.go:190.30,192.4 1 0
github.com/Avalanche-io/c4/db/db.go:193.3,194.47 2 0
github.com/Avalanche-io/c4/db/db.go:194.47,196.4 1 0
github.com/Avalanche-io/c4/db/db.go:198.2,200.26 2 1
github.com/Avalanche-io/c4/db/db.go:200.26,202.3 1 1
github.com/Avalanche-io/c4/db/db.go:203.2,203.16 1 1
github.com/Avalanche-io/c4/db/db.go:206.31,212.16 2 1
github.com/Avalanche-io/c4/db/db.go:212.16,214.3 1 0
github.com/Avalanche-io/c4/db/db.go:217.2,217.39 1 1
github.com/Avalanche-io/c4/db/db.go:217.39,220.3 2 1
github.com/Avalanche-io/c4/db/db.go:223.39,225.37 2 1
github.com/Avalanche-io/c4/db/db.go:225.37,229.18 3 1
github.com/Avalanche-io/c4/db/db.go:229.18,231.4 1 1
github.com/Avalanche-io/c4/db/db.go:232.3,234.13 3 0
github.com/Avalanche-io/c4/db/db.go:236.2,236.13 1 1
github.com/Avalanche-io/c4/db/db.go:239.29,241.2 1 1
github.com/Avalanche-io/c4/db/db.go:251.30,253.44 2 1
github.com/Avalanche-io/c4/db/db.go:253.44,262.27 9 1
github.com/Avalanche-io/c4/db/db.go:262.27,264.4 1 1
github.com/Avalanche-io/c4/db/db.go:282.3,282.13 1 1
github.com/Avalanche-io/c4/db/db.go:284.2,284.16 1 1
github.com/Avalanche-io/c4/db/db.go:284.16,286.3 1 0
github.com/Avalanche-io/c4/db/db.go:288.2,288.12 1 1
github.com/Avalanche-io/c4/db/db.go:293.71,295.46 2 1
github.com/Avalanche-io/c4/db/db.go:295.46,300.17 5 1
github.com/Avalanche-io/c4/db/db.go:300.17,302.4 1 0
github.com/Avalanche-io/c4/db/db.go:304.3,307.17 4 1
github.com/Avalanche-io/c4/db/db.go:307.17,309.4 1 0
github.com/Avalanche-io/c4/db/db.go:311.3,311.18 1 1
github.com/Avalanche-io/c4/db/db.go:311.18,316.18 5 0
github.com/Avalanche-io/c4/db/db.go:316.18,318.5 1 0
github.com/Avalanche-io/c4/db/db.go:321.3,321.13 1 1
github.com/Avalanche-io/c4/db/db.go:323.2,323.16 1 1
github.com/Avalanche-io/c4/db/db.go:323.16,325.3 1 0
github.com/Avalanche-io/c4/db/db.go:326.2,326.22 1 1
github.com/Avalanche-io/c4/db/db.go:329.50,331.37 2 1
github.com/Avalanche-io/c4/db/db.go:331.37,335.87 2 1
github.com/Avalanche-io/c4/db/db.go:335.87,337.4 1 1
github.com/Avalanche-io/c4/db/db.go:338.3,338.13 1 1
github.com/Avalanche-io/c4/db/db.go:340.2,340.13 1 1
github.com/Avalanche-io/c4/db/db.go:343.53,345.44 2 1
github.com/Avalanche-io/c4/db/db.go:345.44,347.18 2 1
github.com/Avalanche-io/c4/db/db.go:347.18,350.4 2 1
github.com/Avalanche-io/c4/db/db.go:351.3,351.13 1 1
github.com/Avalanche-io/c4/db/db.go:353.2,353.16 1 1
github.com/Avalanche-io/c4/db/db.go:353.16,355.3 1 0
github.com/Avalanche-io/c4/db/db.go:356.2,356.19 1 1
github.com/Avalanche-io/c4/db/db.go:359.56,361.46 2 1
github.com/Avalanche-io/c4/db/db.go:361.46,365.18 4 1
github.com/Avalanche-io/c4/db/db.go:365.18,367.4 1 0
github.com/Avalanche-io/c4/db/db.go:368.3,373.23 5 1
github.com/Avalanche-io/c4/db/db.go:375.2,375.16 1 1
github.com/Avalanche-io/c4/db/db.go:375.16,377.3 1 0
github.com/Avalanche-io/c4/db/db.go:378.2,378.19 1 1
github.com/Avalanche-io/c4/db/db.go:398.30,404.2 3 1
github.com/Avalanche-io/c4/db/db.go:406.35,410.2 3 1
github.com/Avalanche-io/c4/db/db.go:412.25,414.2 1 1
github.com/Avalanche-io/c4/db/db.go:416.36,418.2 1 1
github.com/Avalanche-io/c4/db/db.go:420.36,422.2 1 1
github.com/Avalanche-io/c4/db/db.go:425.42,427.2 1 1
github.com/Avalanche-io/c4/db/db.go:429.29,431.2 1 1
github.com/Avalanche-io/c4/db/db.go:433.24,435.2 1 0
github.com/Avalanche-io/c4/db/db.go:438.26,440.3 1 1
github.com/Avalanche-io/c4/db/db.go:443.60,446.12 3 1
github.com/Avalanche-io/c4/db/db.go:446.12,447.16 1 1
github.com/Avalanche-io/c4/db/db.go:447.16,450.4 2 1
github.com/Avalanche-io/c4/db/db.go:452.3,452.38 1 1
github.com/Avalanche-io/c4/db/db.go:452.38,456.42 2 1
github.com/Avalanche-io/c4/db/db.go:456.42,458.89 2 1
github.com/Avalanche-io/c4/db/db.go:458.89,463.22 4 1
github.com/Avalanche-io/c4/db/db.go:463.22,465.7 1 0
github.com/Avalanche-io/c4/db/db.go:466.6,468.13 2 1
github.com/Avalanche-io/c4/db/db.go:469.22,469.22 0 1
github.com/Avalanche-io/c4/db/db.go:470.18,471.17 1 0
github.com/Avalanche-io/c4/db/db.go:476.4,476.14 1 1
github.com/Avalanche-io/c4/db/db.go:479.2,479.12 1 1
github.com/Avalanche-io/c4/db/db.go:486.73,488.39 2 1
github.com/Avalanche-io/c4/db/db.go:488.39,492.43 3 1
github.com/Avalanche-io/c4/db/db.go:492.43,494.4 1 1
github.com/Avalanche-io/c4/db/db.go:496.3,497.17 2 1
github.com/Avalanche-io/c4/db/db.go:497.17,499.4 1 0
github.com/Avalanche-io/c4/db/db.go:500.3,501.13 2 1
github.com/Avalanche-io/c4/db/db.go:503.2,503.17 1 1
github.com/Avalanche-io/c4/db/db.go:509.64,511.27 2 1
github.com/Avalanche-io/c4/db/db.go:511.27,512.40 1 1
github.com/Avalanche-io/c4/db/db.go:512.40,516.53 3 1
github.com/Avalanche-io/c4/db/db.go:516.53,518.19 2 1
github.com/Avalanche-io/c4/db/db.go:518.19,520.6 1 0
github.com/Avalanche-io/c4/db/db.go:521.5,521.12 1 1
github.com/Avalanche-io/c4/db/db.go:523.4,523.14 1 1
github.com/Avalanche-io/c4/db/db.go:527.2,527.41 1 1
github.com/Avalanche-io/c4/db/db.go:527.41,528.47 1 1
github.com/Avalanche-io/c4/db/db.go:528.47,534.88 4 1
github.com/Avalanche-io/c4/db/db.go:534.88,536.19 2 1
github.com/Avalanche-io/c4/db/db.go:536.19,538.6 1 0
github.com/Avalanche-io/c4/db/db.go:539.5,539.12 1 1
github.com/Avalanche-io/c4/db/db.go:542.4,542.14 1 1
github.com/Avalanche-io/c4/db/db.go:544.3,544.17 1 1
github.com/Avalanche-io/c4/db/db.go:544.17,546.4 1 0
github.com/Avalanche-io/c4/db/db.go:550.2,550.19 1 1
github.com/Avalanche-io/c4/db/db.go:557.90,559.22 1 1
github.com/Avalanche-io/c4/db/db.go:559.22,561.3 1 0
github.com/Avalanche-io/c4/db/db.go:562.2,565.46 3 1
github.com/Avalanche-io/c4/db/db.go:565.46,568.26 2 1
github.com/Avalanche-io/c4/db/db.go:568.26,571.18 3 1
github.com/Avalanche-io/c4/db/db.go:571.18,573.5 1 0
github.com/Avalanche-io/c4/db/db.go:575.3,575.13 1 1
github.com/Avalanche-io/c4/db/db.go:579.75,583.12 3 1
github.com/Avalanche-io/c4/db/db.go:583.12,584.16 1 1
github.com/Avalanche-io/c4/db/db.go:584.16,587.4 2 1
github.com/Avalanche-io/c4/db/db.go:588.3,588.38 1 1
github.com/Avalanche-io/c4/db/db.go:588.38,591.88 2 1
github.com/Avalanche-io/c4/db/db.go:591.88,592.34 1 1
github.com/Avalanche-io/c4/db/db.go:592.34,593.14 1 0
github.com/Avalanche-io/c4/db/db.go:595.5,600.12 5 1
github.com/Avalanche-io/c4/db/db.go:601.21,601.21 0 1
github.com/Avalanche-io/c4/db/db.go:602.17,603.16 1 0
github.com/Avalanche-io/c4/db/db.go:607.4,607.14 1 1
github.com/Avalanche-io/c4/db/db.go:610.2,610.12 1 1
github.com/Avalanche-io/c4/db/db.go:613.100,616.22 2 1
github.com/Avalanche-io/c4/db/db.go:616.22,618.3 1 0
github.com/Avalanche-io/c4/db/db.go:619.2,621.25 3 1
github.com/Avalanche-io/c4/db/db.go:621.25,623.47 2 1
github.com/Avalanche-io/c4/db/db.go:623.47,626.85 3 1
github.com/Avalanche-io/c4/db/db.go:626.85,627.34 1 1
github.com/Avalanche-io/c4/db/db.go:627.34,629.20 2 1
github.com/Avalanche-io/c4/db/db.go:629.20,631.7 1 0
github.com/Avalanche-io/c4/db/db.go:632.6,632.9 1 1
github.com/Avalanche-io/c4/db/db.go:635.4,635.14 1 1
github.com/Avalanche-io/c4/db/db.go:637.3,637.17 1 1
github.com/Avalanche-io/c4/db/db.go:637.17,639.4 1 0
github.com/Avalanche-io/c4/db/db.go:642.2,642.15 1 1
github.com/Avalanche-io/c4/db/db.go:646.61,650.12 3 1
github.com/Avalanche-io/c4/db/db.go:650.12,651.16 1 1
github.com/Avalanche-io/c4/db/db.go:651.16,654.4 2 1
github.com/Avalanche-io/c4/db/db.go:655.3,655.24 1 1
github.com/Avalanche-io/c4/db/db.go:655.24,656.39 1 1
github.com/Avalanche-io/c4/db/db.go:656.39,659.54 2 1
github.com/Avalanche-io/c4/db/db.go:659.54,665.13 5 0
github.com/Avalanche-io/c4/db/db.go:666.22,666.22 0 0
github.com/Avalanche-io/c4/db/db.go:667.18,668.17 1 0
github.com/Avalanche-io/c4/db/db.go:672.5,672.15 1 1
github.com/Avalanche-io/c4/db/db.go:675.3,675.34 1 1
github.com/Avalanche-io/c4/db/db.go:675.34,676.39 1 1
github.com/Avalanche-io/c4/db/db.go:676.39,679.89 2 1
github.com/Avalanche-io/c4/db/db.go:679.89,685.13 5 1
github.com/Avalanche-io/c4/db/db.go:686.22,686.22 0 1
github.com/Avalanche-io/c4/db/db.go:687.18,688.17 1 0
github.com/Avalanche-io/c4/db/db.go:692.5,692.15 1 1
github.com/Avalanche-io/c4/db/db.go:697.2,697.12 1 1
github.com/Avalanche-io/c4/db/db.go:700.64,702.23 2 1
github.com/Avalanche-io/c4/db/db.go:702.23,703.40 1 1
github.com/Avalanche-io/c4/db/db.go:703.40,707.53 3 1
github.com/Avalanche-io/c4/db/db.go:707.53,709.19 2 1
github.com/Avalanche-io/c4/db/db.go:709.19,711.6 1 0
github.com/Avalanche-io/c4/db/db.go:712.5,712.12 1 1
github.com/Avalanche-io/c4/db/db.go:714.4,714.14 1 1
github.com/Avalanche-io/c4/db/db.go:718.2,718.33 1 1
github.com/Avalanche-io/c4/db/db.go:718.33,719.47 1 1
github.com/Avalanche-io/c4/db/db.go:719.47,724.88 3 1
github.com/Avalanche-io/c4/db/db.go:724.88,726.19 2 1
github.com/Avalanche-io/c4/db/db.go:726.19,728.6 1 0
github.com/Avalanche-io/c4/db/db.go:729.5,729.12 1 1
github.com/Avalanche-io/c4/db/db.go:732.4,732.14 1 1
github.com/Avalanche-io/c4/db/db.go:734.3,734.17 1 1
github.com/Avalanche-io/c4/db/db.go:734.17,736.4 1 0
github.com/Avalanche-io/c4/db/db.go:740.2,740.19 1 1
github.com/Avalanche-io/c4/db/db.go:743.44,745.16 2 1
github.com/Avalanche-io/c4/db/db.go:745.16,747.3 1 0
github.com/Avalanche-io/c4/db/db.go:748.2,748.56 1 1
github.com/Avalanche-io/c4/db/db.go:748.56,749.47 1 1
github.com/Avalanche-io/c4/db/db.go:749.47,752.4 2 1
github.com/Avalanche-io/c4/db/db.go:754.2,755.16 2 0
github.com/Avalanche-io/c4/db/db.go:755.16,757.3 1 0
github.com/Avalanche-io/c4/db/db.go:759.2,761.46 2 0
github.com/Avalanche-io/c4/db/db.go:761.46,764.17 3 0
github.com/Avalanche-io/c4/db/db.go:764.17,766.4 1 0
github.com/Avalanche-io/c4/db/db.go:767.3,768.37 2 0
github.com/Avalanche-io/c4/db/db.go:772.64,775.44 3 1
github.com/Avalanche-io/c4/db/db.go:775.44,778.18 3 1
github.com/Avalanche-io/c4/db/db.go:778.18,780.4 1 0
github.com/Avalanche-io/c4/db/db.go:781.3,781.22 1 1
github.com/Avalanche-io/c4/db/db.go:781.22,784.24 3 0
github.com/Avalanche-io/c4/db/db.go:784.24,786.5 1 0
github.com/Avalanche-io/c4/db/db.go:787.4,787.14 1 0
github.com/Avalanche-io/c4/db/db.go:789.3,791.13 3 1
github.com/Avalanche-io/c4/db/db.go:793.2,793.19 1 1
github.com/Avalanche-io/c4/db/db.go:793.19,795.17 2 0
github.com/Avalanche-io/c4/db/db.go:795.17,797.4 1 0
github.com/Avalanche-io/c4/db/db.go:798.3,799.29 2 0
github.com/Avalanche-io/c4/db/db.go:801.2,801.18 1 1
github.com/Avalanche-io/c4/db/db.go:804.48,805.46 1 1
github.com/Avalanche-io/c4/db/db.go:805.46,808.3 2 1
github.com/Avalanche-io/c4/db/db.go:811.42,821.12 6 1
github.com/Avalanche-io/c4/db/db.go:821.12,822.32 1 1
github.com/Avalanche-io/c4/db/db.go:822.32,823.40 1 1
github.com/Avalanche-io/c4/db/db.go:823.40,826.26 3 1
github.com/Avalanche-io/c4/db/db.go:826.26,829.20 3 1
github.com/Avalanche-io/c4/db/db.go:829.20,831.7 1 0
github.com/Avalanche-io/c4/db/db.go:832.6,834.20 3 1
github.com/Avalanche-io/c4/db/db.go:834.20,836.7 1 0
github.com/Avalanche-io/c4/db/db.go:838.6,838.21 1 1
github.com/Avalanche-io/c4/db/db.go:838.21,843.21 3 0
github.com/Avalanche-io/c4/db/db.go:843.21,845.8 1 0
github.com/Avalanche-io/c4/db/db.go:847.6,849.20 2 1
github.com/Avalanche-io/c4/db/db.go:849.20,850.14 1 0
github.com/Avalanche-io/c4/db/db.go:851.27,851.27 0 0
github.com/Avalanche-io/c4/db/db.go:852.15,852.15 0 0
github.com/Avalanche-io/c4/db/db.go:856.5,856.15 1 1
github.com/Avalanche-io/c4/db/db.go:861.2,863.11 2 1
github.com/Avalanche-io/c4/db/db.go:863.12,864.3 0 0
github.com/Avalanche-io/c4/db/db.go:866.2,868.8 2 1
github.com/Avalanche-io/c4/db/db.go:875.85,881.29 3 0
github.com/Avalanche-io/c4/db/db.go:881.29,884.50 1 0
github.com/Avalanche-io/c4/db/db.go:884.50,886.4 1 0
github.com/Avalanche-io/c4/db/db.go:889.3,893.53 3 0
github.com/Avalanche-io/c4/db/db.go:893.53,895.39 1 0
github.com/Avalanche-io/c4/db/db.go:895.39,897.5 1 0
github.com/Avalanche-io/c4/db/db.go:900.3,900.48 1 0
github.com/Avalanche-io/c4/db/db.go:904.2,907.34 2 0
github.com/Avalanche-io/c4/db/db.go:907.34,910.17 3 0
github.com/Avalanche-io/c4/db/db.go:910.17,912.4 1 0
github.com/Avalanche-io/c4/db/db.go:913.3,914.17 2 0
github.com/Avalanche-io/c4/db/db.go:914.17,915.12 1 0
github.com/Avalanche-io/c4/db/db.go:917.3,919.19 3 0
github.com/Avalanche-io/c4/db/db.go:923.2,923.16 1 0
github.com/Avalanche-io/c4/db/db.go:936.54,938.2 1 0
github.com/Avalanche-io/c4/db/db.go:947.52,949.2 1 0
github.com/Avalanche-io/c4/db/db.go:971.53,973.2 1 0
github.com/Avalanche-io/c4/db/db.go:975.29,977.31 2 1
github.com/Avalanche-io/c4/db/db.go:977.31,979.13 2 1
github.com/Avalanche-io/c4/db/db.go:979.13,981.4 1 1
github.com/Avalanche-io/c4/db/db.go:983.2,983.8 1 1
