mode: set
github.com/Avalanche-io/c4/manifest/db.go:14.50,16.2 1 1
github.com/Avalanche-io/c4/manifest/filemode.go:9.55,12.21 2 1
github.com/Avalanche-io/c4/manifest/filemode.go:12.21,14.3 1 0
github.com/Avalanche-io/c4/manifest/filemode.go:15.2,17.14 3 1
github.com/Avalanche-io/c4/manifest/filemode.go:18.11,18.11 0 1
github.com/Avalanche-io/c4/manifest/filemode.go:19.11,24.45 1 1
github.com/Avalanche-io/c4/manifest/filemode.go:24.45,26.4 1 1
github.com/Avalanche-io/c4/manifest/filemode.go:26.9,28.4 1 1
github.com/Avalanche-io/c4/manifest/filemode.go:29.11,31.24 1 0
github.com/Avalanche-io/c4/manifest/filemode.go:32.11,34.24 1 0
github.com/Avalanche-io/c4/manifest/filemode.go:35.11,37.25 1 1
github.com/Avalanche-io/c4/manifest/filemode.go:38.11,40.27 1 1
github.com/Avalanche-io/c4/manifest/filemode.go:41.11,43.27 1 0
github.com/Avalanche-io/c4/manifest/filemode.go:44.11,46.24 1 1
github.com/Avalanche-io/c4/manifest/filemode.go:47.11,49.24 1 0
github.com/Avalanche-io/c4/manifest/filemode.go:50.11,52.24 1 0
github.com/Avalanche-io/c4/manifest/filemode.go:53.11,55.44 1 0
github.com/Avalanche-io/c4/manifest/filemode.go:56.11,58.24 1 0
github.com/Avalanche-io/c4/manifest/filemode.go:61.2,61.21 1 1
github.com/Avalanche-io/c4/manifest/filemode.go:61.21,63.3 1 1
github.com/Avalanche-io/c4/manifest/filemode.go:64.2,64.21 1 1
github.com/Avalanche-io/c4/manifest/filemode.go:64.21,66.3 1 1
github.com/Avalanche-io/c4/manifest/filemode.go:67.2,67.21 1 1
github.com/Avalanche-io/c4/manifest/filemode.go:67.21,69.3 1 1
github.com/Avalanche-io/c4/manifest/filemode.go:70.2,70.21 1 1
github.com/Avalanche-io/c4/manifest/filemode.go:70.21,72.3 1 1
github.com/Avalanche-io/c4/manifest/filemode.go:73.2,73.21 1 1
github.com/Avalanche-io/c4/manifest/filemode.go:73.21,75.3 1 0
github.com/Avalanche-io/c4/manifest/filemode.go:76.2,76.21 1 1
github.com/Avalanche-io/c4/manifest/filemode.go:76.21,78.3 1 1
github.com/Avalanche-io/c4/manifest/filemode.go:79.2,79.21 1 1
github.com/Avalanche-io/c4/manifest/filemode.go:79.21,81.3 1 1
github.com/Avalanche-io/c4/manifest/filemode.go:82.2,82.21 1 1
github.com/Avalanche-io/c4/manifest/filemode.go:82.21,84.3 1 0
github.com/Avalanche-io/c4/manifest/filemode.go:85.2,85.21 1 1
github.com/Avalanche-io/c4/manifest/filemode.go:85.21,87.3 1 1
github.com/Avalanche-io/c4/manifest/filemode.go:89.2,89.18 1 1
github.com/Avalanche-io/c4/manifest/manifest.go:31.34,33.2 1 1
github.com/Avalanche-io/c4/manifest/manifest.go:35.33,37.2 1 1
github.com/Avalanche-io/c4/manifest/manifest.go:39.39,41.2 1 1
github.com/Avalanche-io/c4/manifest/manifest.go:43.40,45.2 1 1
github.com/Avalanche-io/c4/manifest/manifest.go:47.33,49.2 1 1
github.com/Avalanche-io/c4/manifest/manifest.go:51.38,53.2 1 1
github.com/Avalanche-io/c4/manifest/manifest.go:55.31,57.2 1 1
github.com/Avalanche-io/c4/manifest/manifest.go:59.37,61.2 1 1
github.com/Avalanche-io/c4/manifest/manifest.go:63.72,65.2 1 1
github.com/Avalanche-io/c4/manifest/manifest.go:67.50,83.19 2 1
github.com/Avalanche-io/c4/manifest/manifest.go:83.19,85.3 1 1
github.com/Avalanche-io/c4/manifest/manifest.go:86.2,86.25 1 1
github.com/Avalanche-io/c4/manifest/manifest.go:86.25,88.3 1 1
github.com/Avalanche-io/c4/manifest/manifest.go:89.2,89.27 1 1
github.com/Avalanche-io/c4/manifest/manifest.go:92.53,102.16 3 0
github.com/Avalanche-io/c4/manifest/manifest.go:102.16,104.3 1 0
github.com/Avalanche-io/c4/manifest/manifest.go:106.2,107.16 2 0
github.com/Avalanche-io/c4/manifest/manifest.go:107.16,109.3 1 0
github.com/Avalanche-io/c4/manifest/manifest.go:110.2,111.16 2 0
github.com/Avalanche-io/c4/manifest/manifest.go:111.16,113.3 1 0
github.com/Avalanche-io/c4/manifest/manifest.go:114.2,118.24 5 0
github.com/Avalanche-io/c4/manifest/manifest.go:118.24,120.17 2 0
github.com/Avalanche-io/c4/manifest/manifest.go:120.17,122.4 1 0
github.com/Avalanche-io/c4/manifest/manifest.go:123.3,123.12 1 0
github.com/Avalanche-io/c4/manifest/manifest.go:126.2,126.30 1 0
github.com/Avalanche-io/c4/manifest/manifest.go:126.30,128.17 2 0
github.com/Avalanche-io/c4/manifest/manifest.go:128.17,130.4 1 0
github.com/Avalanche-io/c4/manifest/manifest.go:131.3,131.18 1 0
github.com/Avalanche-io/c4/manifest/manifest.go:134.2,134.12 1 0
github.com/Avalanche-io/c4/manifest/manifest.go:137.52,142.16 4 1
github.com/Avalanche-io/c4/manifest/manifest.go:142.16,144.3 1 0
github.com/Avalanche-io/c4/manifest/manifest.go:147.2,150.16 4 1
github.com/Avalanche-io/c4/manifest/manifest.go:150.16,152.3 1 0
github.com/Avalanche-io/c4/manifest/manifest.go:155.2,158.16 4 1
github.com/Avalanche-io/c4/manifest/manifest.go:158.16,160.3 1 0
github.com/Avalanche-io/c4/manifest/manifest.go:162.2,164.13 3 1
github.com/Avalanche-io/c4/manifest/manifest.go:164.13,166.3 1 1
github.com/Avalanche-io/c4/manifest/manifest.go:167.2,177.20 4 1
github.com/Avalanche-io/c4/manifest/manifest.go:177.20,179.3 1 1
github.com/Avalanche-io/c4/manifest/manifest.go:181.2,182.16 2 1
github.com/Avalanche-io/c4/manifest/manifest.go:182.16,184.3 1 0
github.com/Avalanche-io/c4/manifest/manifest.go:185.2,187.20 3 1
github.com/Avalanche-io/c4/manifest/manifest.go:187.20,189.3 1 1
github.com/Avalanche-io/c4/manifest/manifest.go:191.2,192.16 2 0
github.com/Avalanche-io/c4/manifest/manifest.go:192.16,194.3 1 0
github.com/Avalanche-io/c4/manifest/manifest.go:195.2,197.18 2 0
github.com/Avalanche-io/c4/manifest/manifest.go:206.40,212.23 6 1
github.com/Avalanche-io/c4/manifest/manifest.go:212.23,214.3 1 1
github.com/Avalanche-io/c4/manifest/manifest.go:215.2,215.22 1 1
github.com/Avalanche-io/c4/manifest/manifest.go:215.22,217.29 2 1
github.com/Avalanche-io/c4/manifest/manifest.go:217.29,219.4 1 0
github.com/Avalanche-io/c4/manifest/manifest.go:222.2,222.15 1 1
github.com/Avalanche-io/c4/manifest/manifest.go:225.109,234.2 1 1
github.com/Avalanche-io/c4/manifest/manifest.go:236.60,244.42 2 1
github.com/Avalanche-io/c4/manifest/manifest.go:244.42,247.3 2 0
github.com/Avalanche-io/c4/manifest/manifest.go:249.2,249.18 1 1
github.com/Avalanche-io/c4/manifest/manifest.go:249.18,251.19 2 1
github.com/Avalanche-io/c4/manifest/manifest.go:251.19,253.4 1 0
github.com/Avalanche-io/c4/manifest/manifest.go:256.2,256.12 1 1
github.com/Avalanche-io/c4/manifest/manifest.go:278.29,280.12 2 0
github.com/Avalanche-io/c4/manifest/manifest.go:280.12,281.51 1 0
github.com/Avalanche-io/c4/manifest/manifest.go:284.2,285.12 2 0
github.com/Avalanche-io/c4/manifest/manifest.go:285.12,286.51 1 0
github.com/Avalanche-io/c4/manifest/manifest.go:289.2,289.22 1 0
github.com/Avalanche-io/c4/manifest/manifest.go:289.22,291.3 1 0
github.com/Avalanche-io/c4/manifest/manifest.go:293.2,293.24 1 0
github.com/Avalanche-io/c4/manifest/manifest.go:359.23,362.2 2 1
github.com/Avalanche-io/c4/manifest/manifest.go:363.24,366.2 2 1
github.com/Avalanche-io/c4/manifest/manifest.go:368.57,371.42 2 1
github.com/Avalanche-io/c4/manifest/manifest.go:371.42,374.3 2 1
github.com/Avalanche-io/c4/manifest/manifest.go:376.2,376.29 1 0
github.com/Avalanche-io/c4/manifest/manifest.go:380.43,383.9 3 1
github.com/Avalanche-io/c4/manifest/manifest.go:383.9,384.58 1 0
github.com/Avalanche-io/c4/manifest/manifest.go:386.2,387.16 2 1
github.com/Avalanche-io/c4/manifest/manifest.go:391.49,394.9 3 1
github.com/Avalanche-io/c4/manifest/manifest.go:394.9,395.67 1 0
github.com/Avalanche-io/c4/manifest/manifest.go:397.2,398.16 2 1
github.com/Avalanche-io/c4/manifest/manifest.go:407.41,410.2 2 1
github.com/Avalanche-io/c4/manifest/manifest.go:412.31,416.19 4 1
github.com/Avalanche-io/c4/manifest/manifest.go:416.19,419.3 2 1
github.com/Avalanche-io/c4/manifest/manifest.go:420.2,421.28 2 1
github.com/Avalanche-io/c4/manifest/manifest.go:424.40,431.25 6 1
github.com/Avalanche-io/c4/manifest/manifest.go:431.25,433.29 2 1
github.com/Avalanche-io/c4/manifest/manifest.go:433.29,435.4 1 1
github.com/Avalanche-io/c4/manifest/manifest.go:436.3,436.33 1 1
github.com/Avalanche-io/c4/manifest/manifest.go:436.33,438.4 1 1
github.com/Avalanche-io/c4/manifest/manifest.go:440.3,441.6 2 1
github.com/Avalanche-io/c4/manifest/manifest.go:444.2,451.29 5 1
github.com/Avalanche-io/c4/manifest/manifest.go:451.29,453.25 2 1
github.com/Avalanche-io/c4/manifest/manifest.go:453.25,455.32 2 1
github.com/Avalanche-io/c4/manifest/manifest.go:455.32,457.5 1 0
github.com/Avalanche-io/c4/manifest/manifest.go:460.3,461.90 2 1
github.com/Avalanche-io/c4/manifest/manifest.go:463.2,465.25 3 1
github.com/Avalanche-io/c4/manifest/manifest.go:465.25,467.3 1 1
github.com/Avalanche-io/c4/manifest/manifest.go:469.2,469.26 1 1
github.com/Avalanche-io/c4/manifest/manifest.go:472.43,477.12 5 1
github.com/Avalanche-io/c4/manifest/manifest.go:477.12,480.20 2 1
github.com/Avalanche-io/c4/manifest/manifest.go:480.20,482.4 1 1
github.com/Avalanche-io/c4/manifest/manifest.go:483.3,483.21 1 1
github.com/Avalanche-io/c4/manifest/manifest.go:483.21,484.12 1 1
github.com/Avalanche-io/c4/manifest/manifest.go:486.3,487.26 2 1
github.com/Avalanche-io/c4/manifest/manifest.go:487.26,488.17 1 1
github.com/Avalanche-io/c4/manifest/manifest.go:488.17,489.10 1 1
github.com/Avalanche-io/c4/manifest/manifest.go:491.4,491.17 1 1
github.com/Avalanche-io/c4/manifest/manifest.go:494.3,494.32 1 1
github.com/Avalanche-io/c4/manifest/manifest.go:494.32,496.4 1 1
github.com/Avalanche-io/c4/manifest/manifest.go:497.3,499.22 2 1
github.com/Avalanche-io/c4/manifest/manifest.go:499.22,501.18 2 1
github.com/Avalanche-io/c4/manifest/manifest.go:501.18,503.13 2 1
github.com/Avalanche-io/c4/manifest/manifest.go:507.3,508.17 2 1
github.com/Avalanche-io/c4/manifest/manifest.go:508.17,510.4 1 0
github.com/Avalanche-io/c4/manifest/manifest.go:511.3,513.19 3 1
github.com/Avalanche-io/c4/manifest/manifest.go:513.19,515.4 1 1
github.com/Avalanche-io/c4/manifest/manifest.go:517.2,517.12 1 1
github.com/Avalanche-io/c4/manifest/nillist.go:13.40,15.28 2 1
github.com/Avalanche-io/c4/manifest/nillist.go:15.28,17.3 1 1
github.com/Avalanche-io/c4/manifest/nillist.go:18.2,22.11 5 1
github.com/Avalanche-io/c4/manifest/nillist.go:27.38,27.55 1 1
github.com/Avalanche-io/c4/manifest/nillist.go:28.38,28.65 1 1
github.com/Avalanche-io/c4/manifest/nillist.go:29.38,29.80 1 1
github.com/Avalanche-io/c4/manifest/nillist.go:31.41,33.25 2 1
github.com/Avalanche-io/c4/manifest/nillist.go:33.25,35.3 1 1
github.com/Avalanche-io/c4/manifest/nillist.go:36.2,36.13 1 1
github.com/Avalanche-io/c4/manifest/nillist.go:39.28,41.59 1 0
github.com/Avalanche-io/c4/manifest/nillist.go:41.59,43.3 1 0
github.com/Avalanche-io/c4/manifest/nillist.go:46.36,48.2 1 0
github.com/Avalanche-io/c4/manifest/nillist.go:51.36,52.20 1 1
github.com/Avalanche-io/c4/manifest/nillist.go:52.20,54.3 1 1
github.com/Avalanche-io/c4/manifest/nillist.go:55.2,56.33 2 1
github.com/Avalanche-io/c4/manifest/nillist.go:56.33,57.21 1 1
github.com/Avalanche-io/c4/manifest/nillist.go:57.21,59.12 2 1
github.com/Avalanche-io/c4/manifest/nillist.go:61.3,61.20 1 1
github.com/Avalanche-io/c4/manifest/nillist.go:63.2,63.13 1 1
github.com/Avalanche-io/c4/manifest/nillist.go:67.34,68.35 1 1
github.com/Avalanche-io/c4/manifest/nillist.go:68.35,70.3 1 1
github.com/Avalanche-io/c4/manifest/nillist.go:71.2,75.22 3 1
github.com/Avalanche-io/c4/manifest/nillist.go:75.22,76.19 1 1
github.com/Avalanche-io/c4/manifest/nillist.go:76.19,78.12 2 1
github.com/Avalanche-io/c4/manifest/nillist.go:80.3,80.28 1 1
github.com/Avalanche-io/c4/manifest/nillist.go:82.2,82.28 1 1
github.com/Avalanche-io/c4/manifest/nillist.go:85.41,89.2 3 0
github.com/Avalanche-io/c4/manifest/nillist.go:93.39,95.47 1 0
github.com/Avalanche-io/c4/manifest/nillist.go:95.47,97.3 1 0
github.com/Avalanche-io/c4/manifest/nillist.go:119.38,121.47 1 0
github.com/Avalanche-io/c4/manifest/nillist.go:121.47,123.3 1 0
github.com/Avalanche-io/c4/manifest/nillist.go:131.47,140.21 4 0
github.com/Avalanche-io/c4/manifest/nillist.go:140.21,142.53 1 0
github.com/Avalanche-io/c4/manifest/nillist.go:142.53,143.9 1 0
github.com/Avalanche-io/c4/manifest/nillist.go:145.3,151.13 4 0
github.com/Avalanche-io/c4/manifest/nillist.go:151.13,154.4 2 0
github.com/Avalanche-io/c4/manifest/nillist.go:156.3,158.20 3 0
github.com/Avalanche-io/c4/manifest/nillist.go:160.2,160.12 1 0
github.com/Avalanche-io/c4/manifest/nillist.go:163.45,165.13 2 0
github.com/Avalanche-io/c4/manifest/nillist.go:165.13,166.13 1 0
github.com/Avalanche-io/c4/manifest/nillist.go:166.13,169.12 3 0
github.com/Avalanche-io/c4/manifest/nillist.go:171.3,171.26 1 0
github.com/Avalanche-io/c4/manifest/nillist.go:173.2,173.17 1 0
github.com/Avalanche-io/c4/manifest/nillist.go:178.46,181.18 2 0
github.com/Avalanche-io/c4/manifest/nillist.go:181.18,183.3 1 0
github.com/Avalanche-io/c4/manifest/nillist.go:185.2,185.24 1 0
