mode: set
github.com/Avalanche-io/c4/store/folder.go:19.55,21.2 1 1
github.com/Avalanche-io/c4/store/folder.go:26.58,29.16 3 1
github.com/Avalanche-io/c4/store/folder.go:29.16,31.3 1 1
github.com/Avalanche-io/c4/store/folder.go:32.2,32.24 1 1
github.com/Avalanche-io/c4/store/folder.go:35.40,38.2 2 1
github.com/Avalanche-io/c4/store/logger.go:44.67,45.16 1 1
github.com/Avalanche-io/c4/store/logger.go:45.16,47.3 1 1
github.com/Avalanche-io/c4/store/logger.go:48.2,48.31 1 1
github.com/Avalanche-io/c4/store/logger.go:52.56,56.26 3 1
github.com/Avalanche-io/c4/store/logger.go:56.26,58.3 1 1
github.com/Avalanche-io/c4/store/logger.go:61.2,62.16 2 1
github.com/Avalanche-io/c4/store/logger.go:62.16,64.28 1 1
github.com/Avalanche-io/c4/store/logger.go:64.28,66.4 1 1
github.com/Avalanche-io/c4/store/logger.go:67.3,67.18 1 1
github.com/Avalanche-io/c4/store/logger.go:71.2,71.57 1 1
github.com/Avalanche-io/c4/store/logger.go:75.59,79.28 3 1
github.com/Avalanche-io/c4/store/logger.go:79.28,81.3 1 1
github.com/Avalanche-io/c4/store/logger.go:84.2,85.16 2 1
github.com/Avalanche-io/c4/store/logger.go:85.16,87.28 1 1
github.com/Avalanche-io/c4/store/logger.go:87.28,89.4 1 1
github.com/Avalanche-io/c4/store/logger.go:90.3,90.18 1 1
github.com/Avalanche-io/c4/store/logger.go:94.2,94.57 1 1
github.com/Avalanche-io/c4/store/logger.go:98.41,102.28 3 1
github.com/Avalanche-io/c4/store/logger.go:102.28,104.3 1 1
github.com/Avalanche-io/c4/store/logger.go:107.2,108.16 2 1
github.com/Avalanche-io/c4/store/logger.go:108.16,110.28 1 1
github.com/Avalanche-io/c4/store/logger.go:110.28,112.4 1 1
github.com/Avalanche-io/c4/store/logger.go:113.3,113.13 1 1
github.com/Avalanche-io/c4/store/logger.go:116.2,116.12 1 1
github.com/Avalanche-io/c4/store/logger.go:137.53,142.26 3 1
github.com/Avalanche-io/c4/store/logger.go:142.26,144.3 1 1
github.com/Avalanche-io/c4/store/logger.go:145.2,145.16 1 1
github.com/Avalanche-io/c4/store/logger.go:145.16,147.3 1 1
github.com/Avalanche-io/c4/store/logger.go:149.2,149.13 1 1
github.com/Avalanche-io/c4/store/logger.go:150.14,151.26 1 1
github.com/Avalanche-io/c4/store/logger.go:151.26,153.4 1 0
github.com/Avalanche-io/c4/store/logger.go:154.20,155.32 1 0
github.com/Avalanche-io/c4/store/logger.go:155.32,157.4 1 0
github.com/Avalanche-io/c4/store/logger.go:158.10,159.28 1 0
github.com/Avalanche-io/c4/store/logger.go:159.28,161.4 1 0
github.com/Avalanche-io/c4/store/logger.go:163.2,164.15 2 1
github.com/Avalanche-io/c4/store/logger.go:169.39,173.27 2 1
github.com/Avalanche-io/c4/store/logger.go:173.27,175.3 1 1
github.com/Avalanche-io/c4/store/logger.go:178.2,179.16 2 1
github.com/Avalanche-io/c4/store/logger.go:179.16,181.3 1 1
github.com/Avalanche-io/c4/store/logger.go:183.2,183.25 1 0
github.com/Avalanche-io/c4/store/logger.go:183.25,185.32 1 0
github.com/Avalanche-io/c4/store/logger.go:185.32,187.4 1 0
github.com/Avalanche-io/c4/store/logger.go:188.8,188.34 1 0
github.com/Avalanche-io/c4/store/logger.go:188.34,190.3 1 0
github.com/Avalanche-io/c4/store/logger.go:193.2,194.12 2 0
github.com/Avalanche-io/c4/store/logger.go:214.54,220.27 3 1
github.com/Avalanche-io/c4/store/logger.go:220.27,222.3 1 1
github.com/Avalanche-io/c4/store/logger.go:223.2,223.16 1 1
github.com/Avalanche-io/c4/store/logger.go:223.16,225.3 1 1
github.com/Avalanche-io/c4/store/logger.go:227.2,227.13 1 1
github.com/Avalanche-io/c4/store/logger.go:228.14,229.26 1 0
github.com/Avalanche-io/c4/store/logger.go:229.26,231.4 1 0
github.com/Avalanche-io/c4/store/logger.go:232.20,233.32 1 0
github.com/Avalanche-io/c4/store/logger.go:233.32,235.4 1 0
github.com/Avalanche-io/c4/store/logger.go:236.10,237.28 1 1
github.com/Avalanche-io/c4/store/logger.go:237.28,239.4 1 0
github.com/Avalanche-io/c4/store/logger.go:241.2,242.15 2 1
github.com/Avalanche-io/c4/store/logger.go:246.39,250.27 2 1
github.com/Avalanche-io/c4/store/logger.go:250.27,252.3 1 1
github.com/Avalanche-io/c4/store/logger.go:255.2,256.16 2 1
github.com/Avalanche-io/c4/store/logger.go:256.16,258.3 1 1
github.com/Avalanche-io/c4/store/logger.go:260.2,260.25 1 1
github.com/Avalanche-io/c4/store/logger.go:260.25,262.32 1 0
github.com/Avalanche-io/c4/store/logger.go:262.32,264.4 1 0
github.com/Avalanche-io/c4/store/logger.go:265.8,265.34 1 1
github.com/Avalanche-io/c4/store/logger.go:265.34,267.3 1 0
github.com/Avalanche-io/c4/store/logger.go:270.2,271.12 2 1
github.com/Avalanche-io/c4/store/map.go:16.37,18.2 1 1
github.com/Avalanche-io/c4/store/map.go:22.52,24.2 1 1
github.com/Avalanche-io/c4/store/map.go:29.55,31.2 1 1
github.com/Avalanche-io/c4/store/map.go:35.37,37.2 1 1
github.com/Avalanche-io/c4/store/map.go:39.31,41.2 1 1
github.com/Avalanche-io/c4/store/map.go:43.43,45.2 1 1
github.com/Avalanche-io/c4/store/map.go:47.78,50.9 3 1
github.com/Avalanche-io/c4/store/map.go:50.9,53.3 2 1
github.com/Avalanche-io/c4/store/map.go:54.2,54.21 1 1
github.com/Avalanche-io/c4/store/map.go:57.56,58.26 1 1
github.com/Avalanche-io/c4/store/map.go:58.26,59.19 1 1
github.com/Avalanche-io/c4/store/map.go:59.19,61.4 1 1
github.com/Avalanche-io/c4/store/ram.go:16.20,19.2 2 1
github.com/Avalanche-io/c4/store/ram.go:28.47,29.22 1 1
github.com/Avalanche-io/c4/store/ram.go:29.22,31.3 1 0
github.com/Avalanche-io/c4/store/ram.go:33.2,35.15 3 1
github.com/Avalanche-io/c4/store/ram.go:38.48,39.16 1 1
github.com/Avalanche-io/c4/store/ram.go:39.16,41.3 1 0
github.com/Avalanche-io/c4/store/ram.go:42.2,43.20 2 1
github.com/Avalanche-io/c4/store/ram.go:46.33,47.16 1 1
github.com/Avalanche-io/c4/store/ram.go:47.16,49.3 1 1
github.com/Avalanche-io/c4/store/ram.go:50.2,51.12 2 1
github.com/Avalanche-io/c4/store/ram.go:56.53,58.9 2 1
github.com/Avalanche-io/c4/store/ram.go:58.9,60.3 1 1
github.com/Avalanche-io/c4/store/ram.go:61.2,61.41 1 1
github.com/Avalanche-io/c4/store/ram.go:67.56,69.8 2 1
github.com/Avalanche-io/c4/store/ram.go:69.8,71.3 1 0
github.com/Avalanche-io/c4/store/ram.go:73.2,73.46 1 1
github.com/Avalanche-io/c4/store/ram.go:78.38,80.9 2 1
github.com/Avalanche-io/c4/store/ram.go:80.9,82.3 1 0
github.com/Avalanche-io/c4/store/ram.go:83.2,84.12 2 1
github.com/Avalanche-io/c4/store/validating.go:24.41,26.2 1 1
github.com/Avalanche-io/c4/store/validating.go:36.56,39.16 3 1
github.com/Avalanche-io/c4/store/validating.go:39.16,41.3 1 1
github.com/Avalanche-io/c4/store/validating.go:42.2,42.19 1 0
github.com/Avalanche-io/c4/store/validating.go:42.19,43.19 1 0
github.com/Avalanche-io/c4/store/validating.go:43.19,45.4 1 0
github.com/Avalanche-io/c4/store/validating.go:47.2,47.15 1 0
github.com/Avalanche-io/c4/store/validating.go:50.43,51.47 1 1
github.com/Avalanche-io/c4/store/validating.go:51.47,53.3 1 1
github.com/Avalanche-io/c4/store/validating.go:54.2,54.14 1 1
github.com/Avalanche-io/c4/store/validating.go:57.42,59.18 2 1
github.com/Avalanche-io/c4/store/validating.go:59.18,61.3 1 1
github.com/Avalanche-io/c4/store/validating.go:62.2,62.12 1 1
github.com/Avalanche-io/c4/store/validating.go:72.57,75.16 3 1
github.com/Avalanche-io/c4/store/validating.go:75.16,77.3 1 1
github.com/Avalanche-io/c4/store/validating.go:78.2,78.19 1 0
github.com/Avalanche-io/c4/store/validating.go:78.19,79.19 1 0
github.com/Avalanche-io/c4/store/validating.go:79.19,83.4 3 0
github.com/Avalanche-io/c4/store/validating.go:85.2,85.15 1 0
github.com/Avalanche-io/c4/store/validating.go:88.43,89.47 1 1
github.com/Avalanche-io/c4/store/validating.go:89.47,91.3 1 1
github.com/Avalanche-io/c4/store/validating.go:92.2,92.14 1 1
github.com/Avalanche-io/c4/store/validating.go:95.42,97.18 2 1
github.com/Avalanche-io/c4/store/validating.go:97.18,100.3 2 1
github.com/Avalanche-io/c4/store/validating.go:101.2,101.12 1 1
github.com/Avalanche-io/c4/store/validating.go:106.60,108.16 2 1
github.com/Avalanche-io/c4/store/validating.go:108.16,110.3 1 1
github.com/Avalanche-io/c4/store/validating.go:111.2,111.52 1 1
github.com/Avalanche-io/c4/store/validating.go:117.63,119.16 2 1
github.com/Avalanche-io/c4/store/validating.go:119.16,121.3 1 0
github.com/Avalanche-io/c4/store/validating.go:122.2,122.64 1 1
github.com/Avalanche-io/c4/store/validating.go:125.45,127.2 1 1
